#
# There is insufficient memory for the Java Runtime Environment to continue.
# Native memory allocation (malloc) failed to allocate 715456 bytes for Chunk::new
# Possible reasons:
#   The system is out of physical RAM or swap space
#   In 32 bit mode, the process size limit was hit
# Possible solutions:
#   Reduce memory load on the system
#   Increase physical memory or swap space
#   Check if swap backing store is full
#   Use 64 bit Java on a 64 bit OS
#   Decrease Java heap size (-Xmx/-Xms)
#   Decrease number of Java threads
#   Decrease Java thread stack sizes (-Xss)
#   Set larger code cache with -XX:ReservedCodeCacheSize=
# This output file may be truncated or incomplete.
#
#  Out of Memory Error (allocation.cpp:390), pid=7852, tid=0x0000000000000368
#
# JRE version: OpenJDK Runtime Environment (8.0_76-b03) (build 1.8.0_76-release-b03)
# Java VM: OpenJDK 64-Bit Server VM (25.76-b03 mixed mode windows-amd64 compressed oops)
# Failed to write core dump. Minidumps are not enabled by default on client versions of Windows
#

---------------  T H R E A D  ---------------

Current thread (0x0000000017b30000):  JavaThread "C2 CompilerThread1" daemon [_thread_in_native, id=872, stack(0x0000000019260000,0x0000000019360000)]

Stack: [0x0000000019260000,0x0000000019360000]
[error occurred during error reporting (printing stack bounds), id 0xc0000005]

Native frames: (J=compiled Java code, j=interpreted, Vv=VM code, C=native code)


Current CompileTask:
C2:   8600 1788 %     4       com.android.dx.ssa.SCCP::run @ 53 (298 bytes)


---------------  P R O C E S S  ---------------

Java Threads: ( => current thread )
  0x00000000197a2800 JavaThread "pool-1-thread-4" [_thread_in_Java, id=3272, stack(0x000000001a660000,0x000000001a760000)]
  0x00000000197a2000 JavaThread "pool-1-thread-3" [_thread_in_vm, id=3284, stack(0x000000001a560000,0x000000001a660000)]
  0x00000000197a1800 JavaThread "pool-1-thread-2" [_thread_in_Java, id=7956, stack(0x000000001a460000,0x000000001a560000)]
  0x0000000019754000 JavaThread "pool-2-thread-1" [_thread_blocked, id=6508, stack(0x000000001a360000,0x000000001a460000)]
  0x0000000019753800 JavaThread "pool-1-thread-1" [_thread_blocked, id=212, stack(0x000000001a260000,0x000000001a360000)]
  0x0000000019463800 JavaThread "Service Thread" daemon [_thread_blocked, id=8188, stack(0x0000000019860000,0x0000000019960000)]
  0x0000000017b88000 JavaThread "C1 CompilerThread2" daemon [_thread_blocked, id=3368, stack(0x0000000019360000,0x0000000019460000)]
=>0x0000000017b30000 JavaThread "C2 CompilerThread1" daemon [_thread_in_native, id=872, stack(0x0000000019260000,0x0000000019360000)]
  0x0000000017b2d000 JavaThread "C2 CompilerThread0" daemon [_thread_in_native, id=6384, stack(0x0000000019160000,0x0000000019260000)]
  0x0000000017b2b800 JavaThread "Attach Listener" daemon [_thread_blocked, id=7180, stack(0x0000000019060000,0x0000000019160000)]
  0x0000000017b2a000 JavaThread "Signal Dispatcher" daemon [_thread_blocked, id=3540, stack(0x0000000018f60000,0x0000000019060000)]
  0x0000000002f06000 JavaThread "Finalizer" daemon [_thread_blocked, id=3324, stack(0x0000000018d80000,0x0000000018e80000)]
  0x0000000002f00800 JavaThread "Reference Handler" daemon [_thread_blocked, id=8164, stack(0x0000000018c80000,0x0000000018d80000)]
  0x0000000002e0e800 JavaThread "main" [_thread_blocked, id=7888, stack(0x0000000002bb0000,0x0000000002cb0000)]

Other Threads:
  0x0000000017af5800 VMThread [stack: 0x0000000018b80000,0x0000000018c80000] [id=7276]
  0x0000000019465800 WatcherThread [stack: 0x0000000019960000,0x0000000019a60000] [id=7804]

VM state:not at safepoint (normal execution)

VM Mutex/Monitor currently owned by a thread: None

Heap:
 PSYoungGen      total 68096K, used 48152K [0x00000000d5580000, 0x00000000d9a80000, 0x0000000100000000)
  eden space 65536K, 69% used [0x00000000d5580000,0x00000000d8208cd8,0x00000000d9580000)
  from space 2560K, 99% used [0x00000000d9800000,0x00000000d9a7d368,0x00000000d9a80000)
  to   space 2560K, 0% used [0x00000000d9580000,0x00000000d9580000,0x00000000d9800000)
 ParOldGen       total 44032K, used 12194K [0x0000000080000000, 0x0000000082b00000, 0x00000000d5580000)
  object space 44032K, 27% used [0x0000000080000000,0x0000000080be88d0,0x0000000082b00000)
 Metaspace       used 6081K, capacity 7152K, committed 7296K, reserved 1056768K
  class space    used 563K, capacity 616K, committed 640K, reserved 1048576K

Card table byte_map: [0x00000000122d0000,0x00000000126e0000] byte_map_base: 0x0000000011ed0000

Marking Bits: (ParMarkBitMap*) 0x0000000058ec9d00
 Begin Bits: [0x0000000012d90000, 0x0000000014d90000)
 End Bits:   [0x0000000014d90000, 0x0000000016d90000)

Polling page: 0x0000000001260000

CodeCache: size=245760Kb used=7357Kb max_used=7370Kb free=238402Kb
 bounds [0x0000000002f10000, 0x0000000003650000, 0x0000000011f10000]
 total_blobs=1996 nmethods=1733 adapters=176
 compilation: enabled

Compilation events (10 events):
Event: 8.368 Thread 0x0000000017b30000 nmethod 1732 0x0000000003622790 code [0x00000000036229a0, 0x0000000003623838]
Event: 8.444 Thread 0x0000000017b30000 1784       4       com.android.dx.cf.code.LocalVariableList::pcAndIndexToLocal (51 bytes)
Event: 8.450 Thread 0x0000000017b30000 nmethod 1784 0x0000000003625810 code [0x0000000003625960, 0x0000000003625b78]
Event: 8.452 Thread 0x0000000017b30000 1785       4       com.android.dx.ssa.SsaBasicBlock::<init> (109 bytes)
Event: 8.467 Thread 0x0000000017b30000 nmethod 1785 0x00000000036269d0 code [0x0000000003626b60, 0x00000000036271f8]
Event: 8.470 Thread 0x0000000017b88000 1786       3       com.android.dx.ssa.SCCP::simulateStmt (481 bytes)
Event: 8.474 Thread 0x0000000017b88000 nmethod 1786 0x0000000003646390 code [0x00000000036466c0, 0x0000000003648658]
Event: 8.475 Thread 0x0000000017b30000 1787       4       com.android.dx.ssa.SsaRenamer::setNameForSsaReg (54 bytes)
Event: 8.496 Thread 0x0000000017b30000 nmethod 1787 0x0000000003645450 code [0x00000000036455c0, 0x0000000003645cd8]
Event: 8.496 Thread 0x0000000017b30000 1788 %     4       com.android.dx.ssa.SCCP::run @ 53 (298 bytes)

GC Heap History (8 events):
Event: 3.248 GC heap before
{Heap before GC invocations=1 (full 0):
 PSYoungGen      total 18944K, used 16384K [0x00000000d5580000, 0x00000000d6a80000, 0x0000000100000000)
  eden space 16384K, 100% used [0x00000000d5580000,0x00000000d6580000,0x00000000d6580000)
  from space 2560K, 0% used [0x00000000d6800000,0x00000000d6800000,0x00000000d6a80000)
  to   space 2560K, 0% used [0x00000000d6580000,0x00000000d6580000,0x00000000d6800000)
 ParOldGen       total 44032K, used 0K [0x0000000080000000, 0x0000000082b00000, 0x00000000d5580000)
  object space 44032K, 0% used [0x0000000080000000,0x0000000080000000,0x0000000082b00000)
 Metaspace       used 5389K, capacity 6576K, committed 6784K, reserved 1056768K
  class space    used 557K, capacity 616K, committed 640K, reserved 1048576K
Event: 3.320 GC heap after
Heap after GC invocations=1 (full 0):
 PSYoungGen      total 18944K, used 2549K [0x00000000d5580000, 0x00000000d7a80000, 0x0000000100000000)
  eden space 16384K, 0% used [0x00000000d5580000,0x00000000d5580000,0x00000000d6580000)
  from space 2560K, 99% used [0x00000000d6580000,0x00000000d67fd640,0x00000000d6800000)
  to   space 2560K, 0% used [0x00000000d7800000,0x00000000d7800000,0x00000000d7a80000)
 ParOldGen       total 44032K, used 884K [0x0000000080000000, 0x0000000082b00000, 0x00000000d5580000)
  object space 44032K, 2% used [0x0000000080000000,0x00000000800dd120,0x0000000082b00000)
 Metaspace       used 5389K, capacity 6576K, committed 6784K, reserved 1056768K
  class space    used 557K, capacity 616K, committed 640K, reserved 1048576K
}
Event: 4.266 GC heap before
{Heap before GC invocations=2 (full 0):
 PSYoungGen      total 18944K, used 18933K [0x00000000d5580000, 0x00000000d7a80000, 0x0000000100000000)
  eden space 16384K, 100% used [0x00000000d5580000,0x00000000d6580000,0x00000000d6580000)
  from space 2560K, 99% used [0x00000000d6580000,0x00000000d67fd640,0x00000000d6800000)
  to   space 2560K, 0% used [0x00000000d7800000,0x00000000d7800000,0x00000000d7a80000)
 ParOldGen       total 44032K, used 884K [0x0000000080000000, 0x0000000082b00000, 0x00000000d5580000)
  object space 44032K, 2% used [0x0000000080000000,0x00000000800dd120,0x0000000082b00000)
 Metaspace       used 5799K, capacity 6896K, committed 7040K, reserved 1056768K
  class space    used 562K, capacity 616K, committed 640K, reserved 1048576K
Event: 4.295 GC heap after
Heap after GC invocations=2 (full 0):
 PSYoungGen      total 35328K, used 2554K [0x00000000d5580000, 0x00000000d7a80000, 0x0000000100000000)
  eden space 32768K, 0% used [0x00000000d5580000,0x00000000d5580000,0x00000000d7580000)
  from space 2560K, 99% used [0x00000000d7800000,0x00000000d7a7ea98,0x00000000d7a80000)
  to   space 2560K, 0% used [0x00000000d7580000,0x00000000d7580000,0x00000000d7800000)
 ParOldGen       total 44032K, used 2670K [0x0000000080000000, 0x0000000082b00000, 0x00000000d5580000)
  object space 44032K, 6% used [0x0000000080000000,0x000000008029b8f0,0x0000000082b00000)
 Metaspace       used 5799K, capacity 6896K, committed 7040K, reserved 1056768K
  class space    used 562K, capacity 616K, committed 640K, reserved 1048576K
}
Event: 5.698 GC heap before
{Heap before GC invocations=3 (full 0):
 PSYoungGen      total 35328K, used 35322K [0x00000000d5580000, 0x00000000d7a80000, 0x0000000100000000)
  eden space 32768K, 100% used [0x00000000d5580000,0x00000000d7580000,0x00000000d7580000)
  from space 2560K, 99% used [0x00000000d7800000,0x00000000d7a7ea98,0x00000000d7a80000)
  to   space 2560K, 0% used [0x00000000d7580000,0x00000000d7580000,0x00000000d7800000)
 ParOldGen       total 44032K, used 2670K [0x0000000080000000, 0x0000000082b00000, 0x00000000d5580000)
  object space 44032K, 6% used [0x0000000080000000,0x000000008029b8f0,0x0000000082b00000)
 Metaspace       used 5958K, capacity 7088K, committed 7296K, reserved 1056768K
  class space    used 563K, capacity 616K, committed 640K, reserved 1048576K
Event: 5.720 GC heap after
Heap after GC invocations=3 (full 0):
 PSYoungGen      total 35328K, used 2533K [0x00000000d5580000, 0x00000000d9a80000, 0x0000000100000000)
  eden space 32768K, 0% used [0x00000000d5580000,0x00000000d5580000,0x00000000d7580000)
  from space 2560K, 98% used [0x00000000d7580000,0x00000000d77f9770,0x00000000d7800000)
  to   space 2560K, 0% used [0x00000000d9800000,0x00000000d9800000,0x00000000d9a80000)
 ParOldGen       total 44032K, used 7455K [0x0000000080000000, 0x0000000082b00000, 0x00000000d5580000)
  object space 44032K, 16% used [0x0000000080000000,0x0000000080747ed0,0x0000000082b00000)
 Metaspace       used 5958K, capacity 7088K, committed 7296K, reserved 1056768K
  class space    used 563K, capacity 616K, committed 640K, reserved 1048576K
}
Event: 6.623 GC heap before
{Heap before GC invocations=4 (full 0):
 PSYoungGen      total 35328K, used 35301K [0x00000000d5580000, 0x00000000d9a80000, 0x0000000100000000)
  eden space 32768K, 100% used [0x00000000d5580000,0x00000000d7580000,0x00000000d7580000)
  from space 2560K, 98% used [0x00000000d7580000,0x00000000d77f9770,0x00000000d7800000)
  to   space 2560K, 0% used [0x00000000d9800000,0x00000000d9800000,0x00000000d9a80000)
 ParOldGen       total 44032K, used 7455K [0x0000000080000000, 0x0000000082b00000, 0x00000000d5580000)
  object space 44032K, 16% used [0x0000000080000000,0x0000000080747ed0,0x0000000082b00000)
 Metaspace       used 6039K, capacity 7152K, committed 7296K, reserved 1056768K
  class space    used 563K, capacity 616K, committed 640K, reserved 1048576K
Event: 6.825 GC heap after
Heap after GC invocations=4 (full 0):
 PSYoungGen      total 68096K, used 2548K [0x00000000d5580000, 0x00000000d9a80000, 0x0000000100000000)
  eden space 65536K, 0% used [0x00000000d5580000,0x00000000d5580000,0x00000000d9580000)
  from space 2560K, 99% used [0x00000000d9800000,0x00000000d9a7d368,0x00000000d9a80000)
  to   space 2560K, 0% used [0x00000000d9580000,0x00000000d9580000,0x00000000d9800000)
 ParOldGen       total 44032K, used 12194K [0x0000000080000000, 0x0000000082b00000, 0x00000000d5580000)
  object space 44032K, 27% used [0x0000000080000000,0x0000000080be88d0,0x0000000082b00000)
 Metaspace       used 6039K, capacity 7152K, committed 7296K, reserved 1056768K
  class space    used 563K, capacity 616K, committed 640K, reserved 1048576K
}

Deoptimization events (10 events):
Event: 5.741 Thread 0x00000000197a2800 Uncommon trap: reason=bimorphic action=maybe_recompile pc=0x000000000325b494 method=java.util.HashMap.getNode(ILjava/lang/Object;)Ljava/util/HashMap$Node; @ 126
Event: 5.839 Thread 0x0000000002e0e800 Uncommon trap: reason=unloaded action=reinterpret pc=0x0000000003415154 method=com.android.dx.cf.cst.ConstantPoolParser.parse0(ILjava/util/BitSet;)Lcom/android/dx/rop/cst/Constant; @ 198
Event: 6.125 Thread 0x00000000197a2000 Uncommon trap: reason=uninitialized action=reinterpret pc=0x000000000350c428 method=com.android.dx.cf.code.BytecodeArray.parseInstruction(ILcom/android/dx/cf/code/BytecodeArray$Visitor;)I @ 1095
Event: 6.188 Thread 0x00000000197a1800 Uncommon trap: reason=bimorphic action=maybe_recompile pc=0x00000000033ab8cc method=java.util.HashMap.putVal(ILjava/lang/Object;Ljava/lang/Object;ZZ)Ljava/lang/Object; @ 203
Event: 6.557 Thread 0x00000000197a1800 Uncommon trap: reason=unstable_if action=reinterpret pc=0x000000000343cc58 method=com.android.dx.ssa.SCCP.simulateStmt(Lcom/android/dx/ssa/SsaInsn;)V @ 53
Event: 6.900 Thread 0x00000000197a1800 Uncommon trap: reason=unstable_if action=reinterpret pc=0x000000000338597c method=com.android.dx.util.IntList.binarysearch(I)I @ 105
Event: 6.901 Thread 0x00000000197a1800 Uncommon trap: reason=unstable_if action=reinterpret pc=0x000000000358c144 method=com.android.dx.ssa.SsaBasicBlock.newFromRop(Lcom/android/dx/rop/code/RopMethod;ILcom/android/dx/ssa/SsaMethod;)Lcom/android/dx/ssa/SsaBasicBlock; @ 164
Event: 6.935 Thread 0x0000000002e0e800 Uncommon trap: reason=unstable_if action=reinterpret pc=0x00000000034bfd40 method=com.android.dx.ssa.SCCP.simulateBranch(Lcom/android/dx/ssa/SsaInsn;)V @ 64
Event: 6.939 Thread 0x0000000002e0e800 Uncommon trap: reason=unstable_if action=reinterpret pc=0x00000000035801a0 method=com.android.dx.ssa.LiteralOpUpgrader$1.visitNonMoveInsn(Lcom/android/dx/ssa/NormalSsaInsn;)V @ 55
Event: 6.940 Thread 0x0000000002e0e800 Uncommon trap: reason=unstable_if action=reinterpret pc=0x00000000032e91dc method=com.android.dx.ssa.SsaMethod.updateOneDefinition(Lcom/android/dx/ssa/SsaInsn;Lcom/android/dx/rop/code/RegisterSpec;)V @ 4

Internal exceptions (3 events):
Event: 1.149 Thread 0x0000000002e0e800 Exception <a 'java/lang/NoSuchMethodError': Method sun.misc.Unsafe.defineClass(Ljava/lang/String;[BII)Ljava/lang/Class; name or signature does not match> (0x00000000d5587cc0) thrown at [C:\src\android\AOSP-openjdk\external\jetbrains\jdk\hotspot\src\share\vî/tkÅcÚ?
Event: 1.149 Thread 0x0000000002e0e800 Exception <a 'java/lang/NoSuchMethodError': Method sun.misc.Unsafe.prefetchRead(Ljava/lang/Object;J)V name or signature does not match> (0x00000000d5587fa8) thrown at [C:\src\android\AOSP-openjdk\external\jetbrains\jdk\hotspot\src\share\vm\prims\jni.cpp, l2j„q7≈@
Event: 4.693 Thread 0x0000000019753800 Implicit null exception at 0x00000000031dce08 to 0x00000000031dfd01

Events (10 events):
Event: 6.935 Thread 0x0000000002e0e800 DEOPT PACKING pc=0x00000000034bfd40 sp=0x0000000002caddb0
Event: 6.935 Thread 0x0000000002e0e800 DEOPT UNPACKING pc=0x0000000002f5556a sp=0x0000000002cadda0 mode 2
Event: 6.939 Thread 0x0000000002e0e800 Uncommon trap: trap_request=0xffffff65 fr.pc=0x00000000035801a0
Event: 6.939 Thread 0x0000000002e0e800 DEOPT PACKING pc=0x00000000035801a0 sp=0x0000000002cadfb0
Event: 6.939 Thread 0x0000000002e0e800 DEOPT UNPACKING pc=0x0000000002f5556a sp=0x0000000002cadf90 mode 2
Event: 6.939 loading class com/android/dx/rop/code/RegOps
Event: 6.939 loading class com/android/dx/rop/code/RegOps done
Event: 6.940 Thread 0x0000000002e0e800 Uncommon trap: trap_request=0xffffff65 fr.pc=0x00000000032e91dc
Event: 6.940 Thread 0x0000000002e0e800 DEOPT PACKING pc=0x00000000032e91dc sp=0x0000000002caddf0
Event: 6.940 Thread 0x0000000002e0e800 DEOPT UNPACKING pc=0x0000000002f5556a sp=0x0000000002cadd98 mode 2


Dynamic libraries:
0x00007ff6a5db0000 - 0x00007ff6a5de1000 	C:\android-studio\jre\bin\java.exe
0x00007ff9c82d0000 - 0x00007ff9c8491000 	C:\Windows\SYSTEM32\ntdll.dll
0x00007ff9c7e70000 - 0x00007ff9c7f1d000 	C:\Windows\system32\KERNEL32.DLL
0x00007ff9c4980000 - 0x00007ff9c4b68000 	C:\Windows\system32\KERNELBASE.dll
0x00007ff9c8220000 - 0x00007ff9c82c7000 	C:\Windows\system32\ADVAPI32.dll
0x00007ff9c80d0000 - 0x00007ff9c816d000 	C:\Windows\system32\msvcrt.dll
0x00007ff9c7350000 - 0x00007ff9c73ab000 	C:\Windows\system32\sechost.dll
0x00007ff9c7c20000 - 0x00007ff9c7d3c000 	C:\Windows\system32\RPCRT4.dll
0x00007ff9c56d0000 - 0x00007ff9c5826000 	C:\Windows\system32\USER32.dll
0x00007ff9c5830000 - 0x00007ff9c59b6000 	C:\Windows\system32\GDI32.dll
0x00007ff9bbac0000 - 0x00007ff9bbd34000 	C:\Windows\WinSxS\amd64_microsoft.windows.common-controls_6595b64144ccf1df_6.0.10586.672_none_a2d6b3cea53ff843\COMCTL32.dll
0x00007ff9c7780000 - 0x00007ff9c79fd000 	C:\Windows\system32\combase.dll
0x00007ff9c4d90000 - 0x00007ff9c4dfa000 	C:\Windows\system32\bcryptPrimitives.dll
0x00007ff9c7a00000 - 0x00007ff9c7a3b000 	C:\Windows\system32\IMM32.DLL
0x0000000058630000 - 0x0000000058702000 	C:\android-studio\jre\jre\bin\msvcr100.dll
0x0000000058710000 - 0x0000000058f44000 	C:\android-studio\jre\jre\bin\server\jvm.dll
0x00007ff9c7c10000 - 0x00007ff9c7c18000 	C:\Windows\system32\PSAPI.DLL
0x00007ff9b9fd0000 - 0x00007ff9b9fd9000 	C:\Windows\SYSTEM32\WSOCK32.dll
0x00007ff9c7a40000 - 0x00007ff9c7aab000 	C:\Windows\system32\WS2_32.dll
0x00007ff9c2a10000 - 0x00007ff9c2a33000 	C:\Windows\SYSTEM32\WINMM.dll
0x00007ff9c1750000 - 0x00007ff9c175a000 	C:\Windows\SYSTEM32\VERSION.dll
0x00007ff9c2660000 - 0x00007ff9c268c000 	C:\Windows\SYSTEM32\WINMMBASE.dll
0x00007ff9c4d40000 - 0x00007ff9c4d83000 	C:\Windows\system32\cfgmgr32.dll
0x00007ff9c2500000 - 0x00007ff9c250f000 	C:\android-studio\jre\jre\bin\verify.dll
0x00007ff9c2480000 - 0x00007ff9c24a9000 	C:\android-studio\jre\jre\bin\java.dll
0x00007ff9c2460000 - 0x00007ff9c2476000 	C:\android-studio\jre\jre\bin\zip.dll
0x00007ff9c59c0000 - 0x00007ff9c6f1c000 	C:\Windows\system32\SHELL32.dll
0x00007ff9c4fd0000 - 0x00007ff9c5615000 	C:\Windows\system32\windows.storage.dll
0x00007ff9c7d40000 - 0x00007ff9c7d92000 	C:\Windows\system32\shlwapi.dll
0x00007ff9c48f0000 - 0x00007ff9c48ff000 	C:\Windows\system32\kernel.appcore.dll
0x00007ff9c4e00000 - 0x00007ff9c4eb5000 	C:\Windows\system32\shcore.dll
0x00007ff9c4910000 - 0x00007ff9c495b000 	C:\Windows\system32\powrprof.dll
0x00007ff9c4960000 - 0x00007ff9c4974000 	C:\Windows\system32\profapi.dll

VM Arguments:
jvm_args: -Djava.awt.headless=true -Xmx2g -Dfile.encoding=windows-1252 -Duser.country=US -Duser.language=en -Duser.variant 
java_command: com.android.dx.command.Main --dex --num-threads=4 --output C:\Users\BEN\OneDrive\AndroidStudioProjects\SupermarketPrices\app\build\intermediates\pre-dexed\release\com.android.support-appcompat-v7-25.0.0_7832858b3d7a0ea69e739082af7836eb4b3912b2.jar C:\Users\BEN\OneDrive\AndroidStudioProjects\SupermarketPrices\app\build\intermediates\exploded-aar\com.android.support\appcompat-v7\25.0.0\jars\classes.jar
java_class_path (initial): D:\softwares\Android\sdk1\build-tools\25.0.0\lib\dx.jar
Launcher Type: SUN_STANDARD

Environment Variables:
PATH=C:\Program Files (x86)\PC Connectivity Solution\;C:\Python27\;C:\Python27\Scripts;C:\app\client\BEN\product\12.1.0\client_3;C:\app\client\BEN\product\12.1.0\client_3\bin;C:\app\client\BEN\product\12.1.0\client_2;C:\app\client\BEN\product\12.1.0\client_2\bin;C:\oracle\ora92\bin;C:\Program Files (x86)\Oracle\jre\1.3.1\bin;C:\Program Files (x86)\Oracle\jre\1.1.8\bin;C:\ProgramData\Oracle\Java\javapath;C:\Windows\system32;C:\Windows;C:\Windows\System32\Wbem;C:\Windows\System32\WindowsPowerShell\v1.0\;C:\Program Files (x86)\Windows Kits\8.1\Windows Performance Toolkit\;C:\Program Files\Microsoft SQL Server\120\Tools\Binn\;C:\Program Files\Microsoft SQL Server\Client SDK\ODBC\110\Tools\Binn\;C:\Program Files (x86)\Microsoft SQL Server\120\Tools\Binn\;C:\Program Files\Microsoft SQL Server\120\DTS\Binn\;C:\Program Files (x86)\Microsoft SQL Server\110\Tools\Binn\ManagementStudio\;C:\Program Files (x86)\Microsoft SQL Server\110\Tools\Binn\;C:\Program Files (x86)\Microsoft SQL Server\110\DTS\Binn\;C:\wamp64\bin\php\php7.0.4\ext;C:\oracle\instantclient\;C:\Program Files\Git\cmd;C:\Program Files\Git\mingw64\bin;C:\Program Files\Git\usr\bin;C:\Program Files\Microsoft SQL Server\130\Tools\Binn\;C:\OpenSSL-Win32\bin;C:\Program Files\WIDCOMM\Bluetooth Software\;C:\Program Files\WIDCOMM\Bluetooth Software\syswow64;D:\softwares\Android\sdk1\platform-tools;C:\Program Files\dotnet\;C:\Program Files\Microsoft DNX\Dnvm\;C:\wamp64\bin\php\php7.0.4;C:\ProgramData\ComposerSetup\bin;C:\Program Files\Docker\Docker;C:\Program Files\Docker\Docker\resources\bin;C:\Program Files\Docker\Docker\resources;C:\Program Files\nodejs\;C:\Program Files\AMI\DuOS\;C:\Program Files (x86)\Microsoft VS Code\bin;C:\Users\BEN\AppData\Roaming\Composer\vendor\bin;C:\Users\BEN\AppData\Roaming\npm;C:\Program Files\AMI\DuOS\
USERNAME=BEN
OS=Windows_NT
PROCESSOR_IDENTIFIER=Intel64 Family 6 Model 58 Stepping 9, GenuineIntel



---------------  S Y S T E M  ---------------

OS: Windows 10.0 , 64 bit Build 10586 (10.0.10586.589)

CPU:total 4 (2 cores per cpu, 2 threads per core) family 6 model 58 stepping 9, cmov, cx8, fxsr, mmx, sse, sse2, sse3, ssse3, sse4.1, sse4.2, popcnt, avx, clmul, erms, ht, tsc, tscinvbit, tscinv

Memory: 4k page, physical 4078952k(328576k free), swap 6399228k(5460k free)

vm_info: OpenJDK 64-Bit Server VM (25.76-b03) for windows-amd64 JRE (1.8.0_76-release-b03), built on Jun 29 2016 19:09:20 by "ralucas" with MS VC++ 10.0 (VS2010)

time: Fri Dec 23 17:11:01 2016
elapsed time: 8 seconds (0d 0h 0m 8s)

