#
# There is insufficient memory for the Java Runtime Environment to continue.
# Native memory allocation (malloc) failed to allocate 351136 bytes for Chunk::new
# Possible reasons:
#   The system is out of physical RAM or swap space
#   In 32 bit mode, the process size limit was hit
# Possible solutions:
#   Reduce memory load on the system
#   Increase physical memory or swap space
#   Check if swap backing store is full
#   Use 64 bit Java on a 64 bit OS
#   Decrease Java heap size (-Xmx/-Xms)
#   Decrease number of Java threads
#   Decrease Java thread stack sizes (-Xss)
#   Set larger code cache with -XX:ReservedCodeCacheSize=
# This output file may be truncated or incomplete.
#
#  Out of Memory Error (allocation.cpp:390), pid=5764, tid=0x0000000000001de0
#
# JRE version: OpenJDK Runtime Environment (8.0_76-b03) (build 1.8.0_76-release-b03)
# Java VM: OpenJDK 64-Bit Server VM (25.76-b03 mixed mode windows-amd64 compressed oops)
# Failed to write core dump. Minidumps are not enabled by default on client versions of Windows
#

---------------  T H R E A D  ---------------

Current thread (0x00000000175af800):  JavaThread "C2 CompilerThread1" daemon [_thread_in_native, id=7648, stack(0x0000000018cf0000,0x0000000018df0000)]

Stack: [0x0000000018cf0000,0x0000000018df0000]
[error occurred during error reporting (printing stack bounds), id 0xc0000005]

Native frames: (J=compiled Java code, j=interpreted, Vv=VM code, C=native code)


Current CompileTask:
C2:   3799 1020       4       com.android.dx.ssa.SCCP::simulateStmt (481 bytes)


---------------  P R O C E S S  ---------------

Java Threads: ( => current thread )
  0x0000000019179000 JavaThread "pool-1-thread-4" [_thread_in_Java, id=1120, stack(0x00000000198f0000,0x00000000199f0000)]
  0x0000000019178800 JavaThread "pool-1-thread-3" [_thread_in_Java, id=7708, stack(0x00000000197f0000,0x00000000198f0000)]
  0x0000000019177000 JavaThread "pool-1-thread-2" [_thread_in_Java, id=5824, stack(0x00000000196f0000,0x00000000197f0000)]
  0x000000001915a800 JavaThread "pool-2-thread-1" [_thread_blocked, id=2256, stack(0x00000000195f0000,0x00000000196f0000)]
  0x0000000019141800 JavaThread "pool-1-thread-1" [_thread_in_Java, id=5648, stack(0x00000000194f0000,0x00000000195f0000)]
  0x0000000018ef1000 JavaThread "Service Thread" daemon [_thread_blocked, id=5420, stack(0x00000000192f0000,0x00000000193f0000)]
  0x0000000017608800 JavaThread "C1 CompilerThread2" daemon [_thread_in_vm, id=4092, stack(0x0000000018df0000,0x0000000018ef0000)]
=>0x00000000175af800 JavaThread "C2 CompilerThread1" daemon [_thread_in_native, id=7648, stack(0x0000000018cf0000,0x0000000018df0000)]
  0x00000000175ac800 JavaThread "C2 CompilerThread0" daemon [_thread_in_native, id=3692, stack(0x0000000018bf0000,0x0000000018cf0000)]
  0x00000000175ab000 JavaThread "Attach Listener" daemon [_thread_blocked, id=5016, stack(0x0000000018af0000,0x0000000018bf0000)]
  0x0000000002987800 JavaThread "Signal Dispatcher" daemon [_thread_blocked, id=6424, stack(0x00000000189f0000,0x0000000018af0000)]
  0x0000000002985800 JavaThread "Finalizer" daemon [_thread_blocked, id=2324, stack(0x0000000018810000,0x0000000018910000)]
  0x0000000002980800 JavaThread "Reference Handler" daemon [_thread_blocked, id=6336, stack(0x0000000018710000,0x0000000018810000)]
  0x000000000278e000 JavaThread "main" [_thread_in_Java, id=5600, stack(0x0000000002680000,0x0000000002780000)]

Other Threads:
  0x0000000017575800 VMThread [stack: 0x0000000018610000,0x0000000018710000] [id=7436]
  0x0000000018ef3000 WatcherThread [stack: 0x00000000193f0000,0x00000000194f0000] [id=7920]

VM state:not at safepoint (normal execution)

VM Mutex/Monitor currently owned by a thread: None

Heap:
 PSYoungGen      total 18944K, used 12008K [0x00000000d5580000, 0x00000000d7a80000, 0x0000000100000000)
  eden space 16384K, 57% used [0x00000000d5580000,0x00000000d5ebde20,0x00000000d6580000)
  from space 2560K, 99% used [0x00000000d6580000,0x00000000d67fc358,0x00000000d6800000)
  to   space 2560K, 0% used [0x00000000d7800000,0x00000000d7800000,0x00000000d7a80000)
 ParOldGen       total 44032K, used 1687K [0x0000000080000000, 0x0000000082b00000, 0x00000000d5580000)
  object space 44032K, 3% used [0x0000000080000000,0x00000000801a5ff8,0x0000000082b00000)
 Metaspace       used 5835K, capacity 6832K, committed 7040K, reserved 1056768K
  class space    used 571K, capacity 616K, committed 640K, reserved 1048576K

Card table byte_map: [0x0000000011d50000,0x0000000012160000] byte_map_base: 0x0000000011950000

Marking Bits: (ParMarkBitMap*) 0x0000000058ec9d00
 Begin Bits: [0x0000000012810000, 0x0000000014810000)
 End Bits:   [0x0000000014810000, 0x0000000016810000)

Polling page: 0x0000000000e80000

CodeCache: size=245760Kb used=4191Kb max_used=4191Kb free=241568Kb
 bounds [0x0000000002990000, 0x0000000002db0000, 0x0000000011990000]
 total_blobs=1314 nmethods=1046 adapters=182
 compilation: enabled

Compilation events (10 events):
Event: 3.780 Thread 0x0000000017608800 nmethod 996 0x0000000002d9abd0 code [0x0000000002d9ad20, 0x0000000002d9ae30]
Event: 3.783 Thread 0x0000000017608800 1050       3       com.android.dx.cf.code.Simulator$SimVisitor::visitLocal (329 bytes)
Event: 3.788 Thread 0x0000000017608800 nmethod 1050 0x0000000002d9ae90 code [0x0000000002d9b2c0, 0x0000000002d9df38]
Event: 3.788 Thread 0x0000000017608800 1051       3       com.android.dx.cf.code.BasicBlocker::getBlockList (208 bytes)
Event: 3.790 Thread 0x0000000017608800 nmethod 1051 0x0000000002d9fb90 code [0x0000000002d9fe00, 0x0000000002da1028]
Event: 3.790 Thread 0x0000000017608800 1053       3       com.android.dx.cf.code.Ropper::addExceptionSetupBlocks (203 bytes)
Event: 3.794 Thread 0x0000000017608800 nmethod 1053 0x0000000002da1ad0 code [0x0000000002da1ec0, 0x0000000002da42a8]
Event: 3.794 Thread 0x0000000017608800 1058       3       com.android.dx.rop.code.RegisterSpecSet::localItemToSpec (49 bytes)
Event: 3.795 Thread 0x0000000017608800 nmethod 1058 0x0000000002da5e90 code [0x0000000002da6020, 0x0000000002da65e8]
Event: 3.795 Thread 0x0000000017608800 1060       3       com.android.dx.rop.code.RegisterSpecList::withFirst (64 bytes)

GC Heap History (2 events):
Event: 2.926 GC heap before
{Heap before GC invocations=1 (full 0):
 PSYoungGen      total 18944K, used 16384K [0x00000000d5580000, 0x00000000d6a80000, 0x0000000100000000)
  eden space 16384K, 100% used [0x00000000d5580000,0x00000000d6580000,0x00000000d6580000)
  from space 2560K, 0% used [0x00000000d6800000,0x00000000d6800000,0x00000000d6a80000)
  to   space 2560K, 0% used [0x00000000d6580000,0x00000000d6580000,0x00000000d6800000)
 ParOldGen       total 44032K, used 0K [0x0000000080000000, 0x0000000082b00000, 0x00000000d5580000)
  object space 44032K, 0% used [0x0000000080000000,0x0000000080000000,0x0000000082b00000)
 Metaspace       used 5645K, capacity 6704K, committed 6784K, reserved 1056768K
  class space    used 568K, capacity 616K, committed 640K, reserved 1048576K
Event: 2.984 GC heap after
Heap after GC invocations=1 (full 0):
 PSYoungGen      total 18944K, used 2544K [0x00000000d5580000, 0x00000000d7a80000, 0x0000000100000000)
  eden space 16384K, 0% used [0x00000000d5580000,0x00000000d5580000,0x00000000d6580000)
  from space 2560K, 99% used [0x00000000d6580000,0x00000000d67fc358,0x00000000d6800000)
  to   space 2560K, 0% used [0x00000000d7800000,0x00000000d7800000,0x00000000d7a80000)
 ParOldGen       total 44032K, used 1687K [0x0000000080000000, 0x0000000082b00000, 0x00000000d5580000)
  object space 44032K, 3% used [0x0000000080000000,0x00000000801a5ff8,0x0000000082b00000)
 Metaspace       used 5645K, capacity 6704K, committed 6784K, reserved 1056768K
  class space    used 568K, capacity 616K, committed 640K, reserved 1048576K
}

Deoptimization events (9 events):
Event: 1.138 Thread 0x000000000278e000 Uncommon trap: reason=unstable_if action=reinterpret pc=0x0000000002af1f98 method=java.lang.String.indexOf(II)I @ 49
Event: 2.466 Thread 0x0000000019177000 Uncommon trap: reason=unstable_if action=reinterpret pc=0x0000000002bd11b0 method=java.util.BitSet.nextSetBit(I)I @ 87
Event: 2.661 Thread 0x0000000019179000 Uncommon trap: reason=class_check action=maybe_recompile pc=0x0000000002c0abf0 method=com.android.dx.ssa.NormalSsaInsn.accept(Lcom/android/dx/ssa/SsaInsn$Visitor;)V @ 9
Event: 2.661 Thread 0x0000000019179000 Uncommon trap: reason=class_check action=maybe_recompile pc=0x0000000002c0abf0 method=com.android.dx.ssa.NormalSsaInsn.accept(Lcom/android/dx/ssa/SsaInsn$Visitor;)V @ 9
Event: 2.661 Thread 0x0000000019179000 Uncommon trap: reason=class_check action=maybe_recompile pc=0x0000000002c0abf0 method=com.android.dx.ssa.NormalSsaInsn.accept(Lcom/android/dx/ssa/SsaInsn$Visitor;)V @ 9
Event: 2.661 Thread 0x0000000019179000 Uncommon trap: reason=class_check action=maybe_recompile pc=0x0000000002c0abf0 method=com.android.dx.ssa.NormalSsaInsn.accept(Lcom/android/dx/ssa/SsaInsn$Visitor;)V @ 9
Event: 2.708 Thread 0x0000000019179000 Uncommon trap: reason=unstable_if action=reinterpret pc=0x0000000002bc7c10 method=java.util.HashMap.getNode(ILjava/lang/Object;)Ljava/util/HashMap$Node; @ 129
Event: 3.371 Thread 0x0000000019141800 Uncommon trap: reason=null_check action=make_not_entrant pc=0x0000000002caf0e8 method=com.android.dx.ssa.SsaRenamer.getLocalForNewReg(I)Lcom/android/dx/rop/code/LocalItem; @ 19
Event: 3.729 Thread 0x0000000019177000 Uncommon trap: reason=null_check action=make_not_entrant pc=0x0000000002ca4c30 method=com.android.dx.ssa.SsaRenamer.getLocalForNewReg(I)Lcom/android/dx/rop/code/LocalItem; @ 19

Internal exceptions (4 events):
Event: 0.225 Thread 0x000000000278e000 Exception <a 'java/lang/NoSuchMethodError': Method sun.misc.Unsafe.defineClass(Ljava/lang/String;[BII)Ljava/lang/Class; name or signature does not match> (0x00000000d5587cc0) thrown at [C:\src\android\AOSP-openjdk\external\jetbrains\jdk\hotspot\src\share\vêW\a€àÌ?
Event: 0.226 Thread 0x000000000278e000 Exception <a 'java/lang/NoSuchMethodError': Method sun.misc.Unsafe.prefetchRead(Ljava/lang/Object;J)V name or signature does not match> (0x00000000d5587fa8) thrown at [C:\src\android\AOSP-openjdk\external\jetbrains\jdk\hotspot\src\share\vm\prims\jni.cpp, l·Õ‡:Á÷
@
Event: 3.371 Thread 0x0000000019141800 Implicit null exception at 0x0000000002cac228 to 0x0000000002caf0a5
Event: 3.729 Thread 0x0000000019177000 Implicit null exception at 0x0000000002ca21e9 to 0x0000000002ca4c01

Events (10 events):
Event: 3.612 loading class com/android/dx/cf/direct/AnnotationParser done
Event: 3.614 loading class com/android/dx/cf/attrib/AttRuntimeInvisibleAnnotations
Event: 3.614 loading class com/android/dx/cf/attrib/AttRuntimeInvisibleAnnotations done
Event: 3.614 loading class com/android/dx/cf/attrib/BaseAnnotations
Event: 3.614 loading class com/android/dx/cf/attrib/BaseAnnotations done
Event: 3.729 Thread 0x0000000019177000 Uncommon trap: trap_request=0xfffffff4 fr.pc=0x0000000002ca4c30
Event: 3.729 Thread 0x0000000019177000 DEOPT PACKING pc=0x0000000002ca4c30 sp=0x00000000197eebb0
Event: 3.729 Thread 0x0000000019177000 DEOPT UNPACKING pc=0x00000000029d556a sp=0x00000000197eea78 mode 2
Event: 3.791 loading class com/android/dx/dex/file/MethodAnnotationStruct
Event: 3.791 loading class com/android/dx/dex/file/MethodAnnotationStruct done


Dynamic libraries:
0x00007ff6a5db0000 - 0x00007ff6a5de1000 	C:\android-studio\jre\bin\java.exe
0x00007ff9c82d0000 - 0x00007ff9c8491000 	C:\Windows\SYSTEM32\ntdll.dll
0x00007ff9c7e70000 - 0x00007ff9c7f1d000 	C:\Windows\system32\KERNEL32.DLL
0x00007ff9c4980000 - 0x00007ff9c4b68000 	C:\Windows\system32\KERNELBASE.dll
0x00007ff9c8220000 - 0x00007ff9c82c7000 	C:\Windows\system32\ADVAPI32.dll
0x00007ff9c80d0000 - 0x00007ff9c816d000 	C:\Windows\system32\msvcrt.dll
0x00007ff9c7350000 - 0x00007ff9c73ab000 	C:\Windows\system32\sechost.dll
0x00007ff9c7c20000 - 0x00007ff9c7d3c000 	C:\Windows\system32\RPCRT4.dll
0x00007ff9c56d0000 - 0x00007ff9c5826000 	C:\Windows\system32\USER32.dll
0x00007ff9c5830000 - 0x00007ff9c59b6000 	C:\Windows\system32\GDI32.dll
0x00007ff9bbac0000 - 0x00007ff9bbd34000 	C:\Windows\WinSxS\amd64_microsoft.windows.common-controls_6595b64144ccf1df_6.0.10586.672_none_a2d6b3cea53ff843\COMCTL32.dll
0x00007ff9c7780000 - 0x00007ff9c79fd000 	C:\Windows\system32\combase.dll
0x00007ff9c4d90000 - 0x00007ff9c4dfa000 	C:\Windows\system32\bcryptPrimitives.dll
0x00007ff9c7a00000 - 0x00007ff9c7a3b000 	C:\Windows\system32\IMM32.DLL
0x0000000058630000 - 0x0000000058702000 	C:\android-studio\jre\jre\bin\msvcr100.dll
0x0000000058710000 - 0x0000000058f44000 	C:\android-studio\jre\jre\bin\server\jvm.dll
0x00007ff9c7c10000 - 0x00007ff9c7c18000 	C:\Windows\system32\PSAPI.DLL
0x00007ff9b9fd0000 - 0x00007ff9b9fd9000 	C:\Windows\SYSTEM32\WSOCK32.dll
0x00007ff9c7a40000 - 0x00007ff9c7aab000 	C:\Windows\system32\WS2_32.dll
0x00007ff9c2a10000 - 0x00007ff9c2a33000 	C:\Windows\SYSTEM32\WINMM.dll
0x00007ff9c1750000 - 0x00007ff9c175a000 	C:\Windows\SYSTEM32\VERSION.dll
0x00007ff9c2660000 - 0x00007ff9c268c000 	C:\Windows\SYSTEM32\WINMMBASE.dll
0x00007ff9c4d40000 - 0x00007ff9c4d83000 	C:\Windows\system32\cfgmgr32.dll
0x00007ff9c2500000 - 0x00007ff9c250f000 	C:\android-studio\jre\jre\bin\verify.dll
0x00007ff9c2480000 - 0x00007ff9c24a9000 	C:\android-studio\jre\jre\bin\java.dll
0x00007ff9c2460000 - 0x00007ff9c2476000 	C:\android-studio\jre\jre\bin\zip.dll
0x00007ff9c59c0000 - 0x00007ff9c6f1c000 	C:\Windows\system32\SHELL32.dll
0x00007ff9c4fd0000 - 0x00007ff9c5615000 	C:\Windows\system32\windows.storage.dll
0x00007ff9c7d40000 - 0x00007ff9c7d92000 	C:\Windows\system32\shlwapi.dll
0x00007ff9c48f0000 - 0x00007ff9c48ff000 	C:\Windows\system32\kernel.appcore.dll
0x00007ff9c4e00000 - 0x00007ff9c4eb5000 	C:\Windows\system32\shcore.dll
0x00007ff9c4910000 - 0x00007ff9c495b000 	C:\Windows\system32\powrprof.dll
0x00007ff9c4960000 - 0x00007ff9c4974000 	C:\Windows\system32\profapi.dll

VM Arguments:
jvm_args: -Djava.awt.headless=true -Xmx2g -Dfile.encoding=windows-1252 -Duser.country=US -Duser.language=en -Duser.variant 
java_command: com.android.dx.command.Main --dex --num-threads=4 --output C:\Users\BEN\OneDrive\AndroidStudioProjects\SupermarketPrices\app\build\intermediates\pre-dexed\release\com.github.rey5137-material-1.2.4_bb034958c9abaf1c4554724ee10a05266af1be32.jar C:\Users\BEN\OneDrive\AndroidStudioProjects\SupermarketPrices\app\build\intermediates\exploded-aar\com.github.rey5137\material\1.2.4\jars\classes.jar
java_class_path (initial): D:\softwares\Android\sdk1\build-tools\25.0.0\lib\dx.jar
Launcher Type: SUN_STANDARD

Environment Variables:
PATH=C:\Program Files (x86)\PC Connectivity Solution\;C:\Python27\;C:\Python27\Scripts;C:\app\client\BEN\product\12.1.0\client_3;C:\app\client\BEN\product\12.1.0\client_3\bin;C:\app\client\BEN\product\12.1.0\client_2;C:\app\client\BEN\product\12.1.0\client_2\bin;C:\oracle\ora92\bin;C:\Program Files (x86)\Oracle\jre\1.3.1\bin;C:\Program Files (x86)\Oracle\jre\1.1.8\bin;C:\ProgramData\Oracle\Java\javapath;C:\Windows\system32;C:\Windows;C:\Windows\System32\Wbem;C:\Windows\System32\WindowsPowerShell\v1.0\;C:\Program Files (x86)\Windows Kits\8.1\Windows Performance Toolkit\;C:\Program Files\Microsoft SQL Server\120\Tools\Binn\;C:\Program Files\Microsoft SQL Server\Client SDK\ODBC\110\Tools\Binn\;C:\Program Files (x86)\Microsoft SQL Server\120\Tools\Binn\;C:\Program Files\Microsoft SQL Server\120\DTS\Binn\;C:\Program Files (x86)\Microsoft SQL Server\110\Tools\Binn\ManagementStudio\;C:\Program Files (x86)\Microsoft SQL Server\110\Tools\Binn\;C:\Program Files (x86)\Microsoft SQL Server\110\DTS\Binn\;C:\wamp64\bin\php\php7.0.4\ext;C:\oracle\instantclient\;C:\Program Files\Git\cmd;C:\Program Files\Git\mingw64\bin;C:\Program Files\Git\usr\bin;C:\Program Files\Microsoft SQL Server\130\Tools\Binn\;C:\OpenSSL-Win32\bin;C:\Program Files\WIDCOMM\Bluetooth Software\;C:\Program Files\WIDCOMM\Bluetooth Software\syswow64;D:\softwares\Android\sdk1\platform-tools;C:\Program Files\dotnet\;C:\Program Files\Microsoft DNX\Dnvm\;C:\wamp64\bin\php\php7.0.4;C:\ProgramData\ComposerSetup\bin;C:\Program Files\Docker\Docker;C:\Program Files\Docker\Docker\resources\bin;C:\Program Files\Docker\Docker\resources;C:\Program Files\nodejs\;C:\Program Files\AMI\DuOS\;C:\Program Files (x86)\Microsoft VS Code\bin;C:\Users\BEN\AppData\Roaming\Composer\vendor\bin;C:\Users\BEN\AppData\Roaming\npm;C:\Program Files\AMI\DuOS\
USERNAME=BEN
OS=Windows_NT
PROCESSOR_IDENTIFIER=Intel64 Family 6 Model 58 Stepping 9, GenuineIntel



---------------  S Y S T E M  ---------------

OS: Windows 10.0 , 64 bit Build 10586 (10.0.10586.589)

CPU:total 4 (2 cores per cpu, 2 threads per core) family 6 model 58 stepping 9, cmov, cx8, fxsr, mmx, sse, sse2, sse3, ssse3, sse4.1, sse4.2, popcnt, avx, clmul, erms, ht, tsc, tscinvbit, tscinv

Memory: 4k page, physical 4078952k(473860k free), swap 6399228k(5156k free)

vm_info: OpenJDK 64-Bit Server VM (25.76-b03) for windows-amd64 JRE (1.8.0_76-release-b03), built on Jun 29 2016 19:09:20 by "ralucas" with MS VC++ 10.0 (VS2010)

time: Fri Dec 23 17:10:42 2016
elapsed time: 3 seconds (0d 0h 0m 3s)

