#
# There is insufficient memory for the Java Runtime Environment to continue.
# Native memory allocation (malloc) failed to allocate 32744 bytes for ChunkPool::allocate
# Possible reasons:
#   The system is out of physical RAM or swap space
#   In 32 bit mode, the process size limit was hit
# Possible solutions:
#   Reduce memory load on the system
#   Increase physical memory or swap space
#   Check if swap backing store is full
#   Use 64 bit Java on a 64 bit OS
#   Decrease Java heap size (-Xmx/-Xms)
#   Decrease number of Java threads
#   Decrease Java thread stack sizes (-Xss)
#   Set larger code cache with -XX:ReservedCodeCacheSize=
# This output file may be truncated or incomplete.
#
#  Out of Memory Error (allocation.cpp:273), pid=5972, tid=0x00000000000018e8
#
# JRE version: OpenJDK Runtime Environment (8.0_76-b03) (build 1.8.0_76-release-b03)
# Java VM: OpenJDK 64-Bit Server VM (25.76-b03 mixed mode windows-amd64 compressed oops)
# Failed to write core dump. Minidumps are not enabled by default on client versions of Windows
#

---------------  T H R E A D  ---------------

Current thread (0x00000000174dc800):  JavaThread "C1 CompilerThread2" daemon [_thread_in_native, id=6376, stack(0x00000000190b0000,0x00000000191b0000)]

Stack: [0x00000000190b0000,0x00000000191b0000]
[error occurred during error reporting (printing stack bounds), id 0xc0000005]

Native frames: (J=compiled Java code, j=interpreted, Vv=VM code, C=native code)


Current CompileTask:
C1:   6439  719   !   3       com.android.dx.cf.code.RopperMachine::run (1550 bytes)


---------------  P R O C E S S  ---------------

Java Threads: ( => current thread )
  0x0000000018e63000 JavaThread "pool-2-thread-4" [_thread_in_Java, id=2604, stack(0x00000000197b0000,0x00000000198b0000)]
  0x0000000018e61000 JavaThread "pool-2-thread-3" [_thread_in_Java, id=2668, stack(0x00000000196b0000,0x00000000197b0000)]
  0x0000000018e5b800 JavaThread "pool-2-thread-2" [_thread_in_vm, id=3324, stack(0x00000000195b0000,0x00000000196b0000)]
  0x0000000018e58000 JavaThread "pool-3-thread-1" [_thread_blocked, id=3508, stack(0x00000000194b0000,0x00000000195b0000)]
  0x0000000018e53000 JavaThread "pool-2-thread-1" [_thread_in_Java, id=6408, stack(0x00000000193b0000,0x00000000194b0000)]
  0x00000000174dd800 JavaThread "Service Thread" daemon [_thread_blocked, id=7500, stack(0x00000000191b0000,0x00000000192b0000)]
=>0x00000000174dc800 JavaThread "C1 CompilerThread2" daemon [_thread_in_native, id=6376, stack(0x00000000190b0000,0x00000000191b0000)]
  0x00000000174da000 JavaThread "C2 CompilerThread1" daemon [_thread_in_native, id=3040, stack(0x0000000018bb0000,0x0000000018cb0000)]
  0x000000001747d800 JavaThread "C2 CompilerThread0" daemon [_thread_in_native, id=4648, stack(0x0000000018ab0000,0x0000000018bb0000)]
  0x000000001747c800 JavaThread "Attach Listener" daemon [_thread_blocked, id=7544, stack(0x00000000189b0000,0x0000000018ab0000)]
  0x000000001747b000 JavaThread "Signal Dispatcher" daemon [_thread_blocked, id=7992, stack(0x00000000188b0000,0x00000000189b0000)]
  0x0000000017468000 JavaThread "Finalizer" daemon [_thread_blocked, id=3512, stack(0x00000000186d0000,0x00000000187d0000)]
  0x0000000002852000 JavaThread "Reference Handler" daemon [_thread_blocked, id=6528, stack(0x00000000185d0000,0x00000000186d0000)]
  0x000000000265e800 JavaThread "main" [_thread_in_vm, id=3500, stack(0x0000000002660000,0x0000000002760000)]

Other Threads:
  0x0000000017445000 VMThread [stack: 0x00000000184d0000,0x00000000185d0000] [id=924]
  0x0000000018cb5800 WatcherThread [stack: 0x00000000192b0000,0x00000000193b0000] [id=1376]

VM state:not at safepoint (normal execution)

VM Mutex/Monitor currently owned by a thread: None

Heap:
 PSYoungGen      total 18944K, used 12513K [0x00000000d5580000, 0x00000000d6a80000, 0x0000000100000000)
  eden space 16384K, 76% used [0x00000000d5580000,0x00000000d61b87d0,0x00000000d6580000)
  from space 2560K, 0% used [0x00000000d6800000,0x00000000d6800000,0x00000000d6a80000)
  to   space 2560K, 0% used [0x00000000d6580000,0x00000000d6580000,0x00000000d6800000)
 ParOldGen       total 44032K, used 0K [0x0000000080000000, 0x0000000082b00000, 0x00000000d5580000)
  object space 44032K, 0% used [0x0000000080000000,0x0000000080000000,0x0000000082b00000)
 Metaspace       used 5583K, capacity 6640K, committed 6784K, reserved 1056768K
  class space    used 570K, capacity 616K, committed 640K, reserved 1048576K

Card table byte_map: [0x0000000011c20000,0x0000000012030000] byte_map_base: 0x0000000011820000

Marking Bits: (ParMarkBitMap*) 0x0000000058ec9d00
 Begin Bits: [0x00000000126e0000, 0x00000000146e0000)
 End Bits:   [0x00000000146e0000, 0x00000000166e0000)

Polling page: 0x0000000000c50000

CodeCache: size=245760Kb used=2907Kb max_used=2907Kb free=242852Kb
 bounds [0x0000000002860000, 0x0000000002b40000, 0x0000000011860000]
 total_blobs=991 nmethods=720 adapters=182
 compilation: enabled

Compilation events (10 events):
Event: 6.405 Thread 0x00000000174da000  729       4       com.android.dx.util.Bits::clear (21 bytes)
Event: 6.405 Thread 0x000000001747d800 nmethod 723 0x0000000002b29810 code [0x0000000002b29980, 0x0000000002b29c48]
Event: 6.406 Thread 0x00000000174da000 nmethod 729 0x0000000002b29590 code [0x0000000002b296c0, 0x0000000002b29758]
Event: 6.412 Thread 0x000000001747d800  733       4       com.android.dx.cf.code.LineNumberList::get (9 bytes)
Event: 6.414 Thread 0x000000001747d800 nmethod 733 0x0000000002b29210 code [0x0000000002b29360, 0x0000000002b29438]
Event: 6.424 Thread 0x00000000174da000  735       4       com.android.dx.rop.type.Type::hashCode (8 bytes)
Event: 6.428 Thread 0x00000000174da000 nmethod 735 0x0000000002b28e50 code [0x0000000002b28f80, 0x0000000002b290f8]
Event: 6.429 Thread 0x000000001747d800  736       4       com.android.dx.rop.code.BasicBlockList::get (9 bytes)
Event: 6.431 Thread 0x000000001747d800 nmethod 736 0x0000000002b39090 code [0x0000000002b391e0, 0x0000000002b392b8]
Event: 6.433 Thread 0x00000000174da000  737   !   4       com.android.dx.util.FixedSizeList::<init> (36 bytes)

GC Heap History (0 events):
No events

Deoptimization events (2 events):
Event: 4.845 Thread 0x000000000265e800 Uncommon trap: reason=unstable_if action=reinterpret pc=0x0000000002999610 method=java.lang.String.indexOf(II)I @ 49
Event: 6.169 Thread 0x000000000265e800 Uncommon trap: reason=unstable_if action=reinterpret pc=0x0000000002a70d98 method=java.util.HashMap.getNode(ILjava/lang/Object;)Ljava/util/HashMap$Node; @ 129

Internal exceptions (2 events):
Event: 0.103 Thread 0x000000000265e800 Exception <a 'java/lang/NoSuchMethodError': Method sun.misc.Unsafe.defineClass(Ljava/lang/String;[BII)Ljava/lang/Class; name or signature does not match> (0x00000000d5587cc0) thrown at [C:\src\android\AOSP-openjdk\external\jetbrains\jdk\hotspot\src\share\v°ýBŒ"dº?
Event: 0.103 Thread 0x000000000265e800 Exception <a 'java/lang/NoSuchMethodError': Method sun.misc.Unsafe.prefetchRead(Ljava/lang/Object;J)V name or signature does not match> (0x00000000d5587fa8) thrown at [C:\src\android\AOSP-openjdk\external\jetbrains\jdk\hotspot\src\share\vm\prims\jni.cpp, l

Events (10 events):
Event: 6.169 Thread 0x000000000265e800 DEOPT PACKING pc=0x0000000002a70d98 sp=0x000000000275e0d0
Event: 6.169 Thread 0x000000000265e800 DEOPT UNPACKING pc=0x00000000028a556a sp=0x000000000275e048 mode 2
Event: 6.171 loading class com/android/dx/ssa/back/FirstFitLocalCombiningAllocator$Multiset
Event: 6.171 loading class com/android/dx/ssa/back/FirstFitLocalCombiningAllocator$Multiset done
Event: 6.183 loading class java/util/TreeMap$EntrySet
Event: 6.203 loading class java/util/TreeMap$EntrySet done
Event: 6.203 loading class java/util/TreeMap$EntryIterator
Event: 6.203 loading class java/util/TreeMap$EntryIterator done
Event: 6.402 loading class java/util/ArrayList$1
Event: 6.402 loading class java/util/ArrayList$1 done


Dynamic libraries:
0x00007ff6a5db0000 - 0x00007ff6a5de1000 	C:\android-studio\jre\bin\java.exe
0x00007ff9c82d0000 - 0x00007ff9c8491000 	C:\Windows\SYSTEM32\ntdll.dll
0x00007ff9c7e70000 - 0x00007ff9c7f1d000 	C:\Windows\system32\KERNEL32.DLL
0x00007ff9c4980000 - 0x00007ff9c4b68000 	C:\Windows\system32\KERNELBASE.dll
0x00007ff9c8220000 - 0x00007ff9c82c7000 	C:\Windows\system32\ADVAPI32.dll
0x00007ff9c80d0000 - 0x00007ff9c816d000 	C:\Windows\system32\msvcrt.dll
0x00007ff9c7350000 - 0x00007ff9c73ab000 	C:\Windows\system32\sechost.dll
0x00007ff9c7c20000 - 0x00007ff9c7d3c000 	C:\Windows\system32\RPCRT4.dll
0x00007ff9c56d0000 - 0x00007ff9c5826000 	C:\Windows\system32\USER32.dll
0x00007ff9c5830000 - 0x00007ff9c59b6000 	C:\Windows\system32\GDI32.dll
0x00007ff9bbac0000 - 0x00007ff9bbd34000 	C:\Windows\WinSxS\amd64_microsoft.windows.common-controls_6595b64144ccf1df_6.0.10586.672_none_a2d6b3cea53ff843\COMCTL32.dll
0x00007ff9c7780000 - 0x00007ff9c79fd000 	C:\Windows\system32\combase.dll
0x00007ff9c4d90000 - 0x00007ff9c4dfa000 	C:\Windows\system32\bcryptPrimitives.dll
0x00007ff9c7a00000 - 0x00007ff9c7a3b000 	C:\Windows\system32\IMM32.DLL
0x0000000058630000 - 0x0000000058702000 	C:\android-studio\jre\jre\bin\msvcr100.dll
0x0000000058710000 - 0x0000000058f44000 	C:\android-studio\jre\jre\bin\server\jvm.dll
0x00007ff9c7c10000 - 0x00007ff9c7c18000 	C:\Windows\system32\PSAPI.DLL
0x00007ff9b9fd0000 - 0x00007ff9b9fd9000 	C:\Windows\SYSTEM32\WSOCK32.dll
0x00007ff9c7a40000 - 0x00007ff9c7aab000 	C:\Windows\system32\WS2_32.dll
0x00007ff9c2a10000 - 0x00007ff9c2a33000 	C:\Windows\SYSTEM32\WINMM.dll
0x00007ff9c1750000 - 0x00007ff9c175a000 	C:\Windows\SYSTEM32\VERSION.dll
0x00007ff9c2660000 - 0x00007ff9c268c000 	C:\Windows\SYSTEM32\winmmbase.dll
0x00007ff9c4d40000 - 0x00007ff9c4d83000 	C:\Windows\system32\cfgmgr32.dll
0x00007ff9c2500000 - 0x00007ff9c250f000 	C:\android-studio\jre\jre\bin\verify.dll
0x00007ff9c2480000 - 0x00007ff9c24a9000 	C:\android-studio\jre\jre\bin\java.dll
0x00007ff9c2460000 - 0x00007ff9c2476000 	C:\android-studio\jre\jre\bin\zip.dll
0x00007ff9c59c0000 - 0x00007ff9c6f1c000 	C:\Windows\system32\SHELL32.dll
0x00007ff9c4fd0000 - 0x00007ff9c5615000 	C:\Windows\system32\windows.storage.dll
0x00007ff9c7d40000 - 0x00007ff9c7d92000 	C:\Windows\system32\shlwapi.dll
0x00007ff9c48f0000 - 0x00007ff9c48ff000 	C:\Windows\system32\kernel.appcore.dll
0x00007ff9c4e00000 - 0x00007ff9c4eb5000 	C:\Windows\system32\shcore.dll
0x00007ff9c4910000 - 0x00007ff9c495b000 	C:\Windows\system32\powrprof.dll
0x00007ff9c4960000 - 0x00007ff9c4974000 	C:\Windows\system32\profapi.dll

VM Arguments:
jvm_args: -Djava.awt.headless=true -Xmx2g -Dfile.encoding=windows-1252 -Duser.country=US -Duser.language=en -Duser.variant 
java_command: com.android.dx.command.Main --dex --force-jumbo --num-threads=4 --multi-dex --output C:\Users\BEN\OneDrive\AndroidStudioProjects\SupermarketPrices\app\build\intermediates\transforms\dex\debug\folders\1000\10\instant-run_993f9405ec060bc0c94ef204e4085a52ec46c5f5 C:\Users\BEN\OneDrive\AndroidStudioProjects\SupermarketPrices\app\build\intermediates\incremental-runtime-classes\debug\instant-run.jar
java_class_path (initial): D:\softwares\Android\sdk1\build-tools\25.0.0\lib\dx.jar
Launcher Type: SUN_STANDARD

Environment Variables:
PATH=C:\Program Files (x86)\PC Connectivity Solution\;C:\Python27\;C:\Python27\Scripts;C:\app\client\BEN\product\12.1.0\client_3;C:\app\client\BEN\product\12.1.0\client_3\bin;C:\app\client\BEN\product\12.1.0\client_2;C:\app\client\BEN\product\12.1.0\client_2\bin;C:\oracle\ora92\bin;C:\Program Files (x86)\Oracle\jre\1.3.1\bin;C:\Program Files (x86)\Oracle\jre\1.1.8\bin;C:\ProgramData\Oracle\Java\javapath;C:\Windows\system32;C:\Windows;C:\Windows\System32\Wbem;C:\Windows\System32\WindowsPowerShell\v1.0\;C:\Program Files (x86)\Windows Kits\8.1\Windows Performance Toolkit\;C:\Program Files\Microsoft SQL Server\120\Tools\Binn\;C:\Program Files\Microsoft SQL Server\Client SDK\ODBC\110\Tools\Binn\;C:\Program Files (x86)\Microsoft SQL Server\120\Tools\Binn\;C:\Program Files\Microsoft SQL Server\120\DTS\Binn\;C:\Program Files (x86)\Microsoft SQL Server\110\Tools\Binn\ManagementStudio\;C:\Program Files (x86)\Microsoft SQL Server\110\Tools\Binn\;C:\Program Files (x86)\Microsoft SQL Server\110\DTS\Binn\;C:\wamp64\bin\php\php7.0.4\ext;C:\oracle\instantclient\;C:\Program Files\Git\cmd;C:\Program Files\Git\mingw64\bin;C:\Program Files\Git\usr\bin;C:\Program Files\Microsoft SQL Server\130\Tools\Binn\;C:\OpenSSL-Win32\bin;C:\Program Files\WIDCOMM\Bluetooth Software\;C:\Program Files\WIDCOMM\Bluetooth Software\syswow64;D:\softwares\Android\sdk1\platform-tools;C:\Program Files\dotnet\;C:\Program Files\Microsoft DNX\Dnvm\;C:\wamp64\bin\php\php7.0.4;C:\ProgramData\ComposerSetup\bin;C:\Program Files\Docker\Docker;C:\Program Files\Docker\Docker\resources\bin;C:\Program Files\Docker\Docker\resources;C:\Program Files\nodejs\;C:\Program Files\AMI\DuOS\;C:\Program Files (x86)\Microsoft VS Code\bin;C:\Users\BEN\AppData\Roaming\Composer\vendor\bin;C:\Users\BEN\AppData\Roaming\npm;C:\Program Files\AMI\DuOS\
USERNAME=BEN
OS=Windows_NT
PROCESSOR_IDENTIFIER=Intel64 Family 6 Model 58 Stepping 9, GenuineIntel



---------------  S Y S T E M  ---------------

OS: Windows 10.0 , 64 bit Build 10586 (10.0.10586.589)

CPU:total 4 (2 cores per cpu, 2 threads per core) family 6 model 58 stepping 9, cmov, cx8, fxsr, mmx, sse, sse2, sse3, ssse3, sse4.1, sse4.2, popcnt, avx, clmul, erms, ht, tsc, tscinvbit, tscinv

Memory: 4k page, physical 4078952k(354220k free), swap 6413772k(3068k free)

vm_info: OpenJDK 64-Bit Server VM (25.76-b03) for windows-amd64 JRE (1.8.0_76-release-b03), built on Jun 29 2016 19:09:20 by "ralucas" with MS VC++ 10.0 (VS2010)

time: Fri Dec 23 17:27:06 2016
elapsed time: 6 seconds (0d 0h 0m 6s)

