#
# There is insufficient memory for the Java Runtime Environment to continue.
# Native memory allocation (malloc) failed to allocate 572896 bytes for Chunk::new
# Possible reasons:
#   The system is out of physical RAM or swap space
#   In 32 bit mode, the process size limit was hit
# Possible solutions:
#   Reduce memory load on the system
#   Increase physical memory or swap space
#   Check if swap backing store is full
#   Use 64 bit Java on a 64 bit OS
#   Decrease Java heap size (-Xmx/-Xms)
#   Decrease number of Java threads
#   Decrease Java thread stack sizes (-Xss)
#   Set larger code cache with -XX:ReservedCodeCacheSize=
# This output file may be truncated or incomplete.
#
#  Out of Memory Error (allocation.cpp:390), pid=7572, tid=0x0000000000000c3c
#
# JRE version: OpenJDK Runtime Environment (8.0_76-b03) (build 1.8.0_76-release-b03)
# Java VM: OpenJDK 64-Bit Server VM (25.76-b03 mixed mode windows-amd64 compressed oops)
# Failed to write core dump. Minidumps are not enabled by default on client versions of Windows
#

---------------  T H R E A D  ---------------

Current thread (0x0000000017621000):  JavaThread "C2 CompilerThread1" daemon [_thread_in_native, id=3132, stack(0x0000000018d60000,0x0000000018e60000)]

Stack: [0x0000000018d60000,0x0000000018e60000]
[error occurred during error reporting (printing stack bounds), id 0xc0000005]

Native frames: (J=compiled Java code, j=interpreted, Vv=VM code, C=native code)


Current CompileTask:
C2:  12112 2149       4       com.android.dx.dex.code.OutputFinisher::addConstants (93 bytes)


---------------  P R O C E S S  ---------------

Java Threads: ( => current thread )
  0x00000000191b0000 JavaThread "pool-1-thread-1" [_thread_in_vm, id=6276, stack(0x000000001c200000,0x000000001c300000)]
  0x0000000018f81000 JavaThread "Service Thread" daemon [_thread_blocked, id=4184, stack(0x0000000019360000,0x0000000019460000)]
  0x0000000017623800 JavaThread "C1 CompilerThread2" daemon [_thread_in_native, id=7508, stack(0x0000000018e60000,0x0000000018f60000)]
=>0x0000000017621000 JavaThread "C2 CompilerThread1" daemon [_thread_in_native, id=3132, stack(0x0000000018d60000,0x0000000018e60000)]
  0x000000001761e000 JavaThread "C2 CompilerThread0" daemon [_thread_in_native, id=6392, stack(0x0000000018c60000,0x0000000018d60000)]
  0x000000001761c800 JavaThread "Attach Listener" daemon [_thread_blocked, id=7404, stack(0x0000000018b60000,0x0000000018c60000)]
  0x000000001761b000 JavaThread "Signal Dispatcher" daemon [_thread_blocked, id=124, stack(0x0000000018a60000,0x0000000018b60000)]
  0x0000000017608000 JavaThread "Finalizer" daemon [_thread_blocked, id=7008, stack(0x0000000018880000,0x0000000018980000)]
  0x00000000029f3000 JavaThread "Reference Handler" daemon [_thread_blocked, id=972, stack(0x0000000018780000,0x0000000018880000)]
  0x00000000028fe000 JavaThread "main" [_thread_blocked, id=4648, stack(0x0000000002790000,0x0000000002890000)]

Other Threads:
  0x00000000175e5800 VMThread [stack: 0x0000000018680000,0x0000000018780000] [id=6624]
  0x000000001767a800 WatcherThread [stack: 0x0000000019460000,0x0000000019560000] [id=7980]

VM state:not at safepoint (normal execution)

VM Mutex/Monitor currently owned by a thread: None

Heap:
 PSYoungGen      total 73728K, used 37379K [0x00000000d5580000, 0x00000000da680000, 0x0000000100000000)
  eden space 65024K, 44% used [0x00000000d5580000,0x00000000d7184788,0x00000000d9500000)
  from space 8704K, 99% used [0x00000000d9500000,0x00000000d9d7c5b0,0x00000000d9d80000)
  to   space 8192K, 0% used [0x00000000d9d80000,0x00000000d9d80000,0x00000000da580000)
 ParOldGen       total 44032K, used 22194K [0x0000000080000000, 0x0000000082b00000, 0x00000000d5580000)
  object space 44032K, 50% used [0x0000000080000000,0x00000000815ac808,0x0000000082b00000)
 Metaspace       used 6366K, capacity 7280K, committed 7552K, reserved 1056768K
  class space    used 596K, capacity 616K, committed 640K, reserved 1048576K

Card table byte_map: [0x0000000011dc0000,0x00000000121d0000] byte_map_base: 0x00000000119c0000

Marking Bits: (ParMarkBitMap*) 0x0000000058ec9d00
 Begin Bits: [0x0000000012880000, 0x0000000014880000)
 End Bits:   [0x0000000014880000, 0x0000000016880000)

Polling page: 0x0000000000e50000

CodeCache: size=245760Kb used=8873Kb max_used=8873Kb free=236886Kb
 bounds [0x0000000002a00000, 0x00000000032c0000, 0x0000000011a00000]
 total_blobs=2279 nmethods=2016 adapters=176
 compilation: enabled

Compilation events (10 events):
Event: 12.103 Thread 0x0000000017623800 nmethod 2252 0x00000000032ad910 code [0x00000000032ada80, 0x00000000032adcc8]
Event: 12.103 Thread 0x0000000017623800 2259       3       com.android.dx.rop.code.SourcePosition::equals (46 bytes)
Event: 12.103 Thread 0x0000000017623800 nmethod 2259 0x00000000032add90 code [0x00000000032adf20, 0x00000000032ae448]
Event: 12.103 Thread 0x0000000017623800 2257       3       com.android.dx.rop.code.BasicBlock::canThrow (11 bytes)
Event: 12.104 Thread 0x0000000017623800 nmethod 2257 0x00000000032ae550 code [0x00000000032ae700, 0x00000000032aef78]
Event: 12.104 Thread 0x0000000017623800 2258       3       com.android.dx.dex.file.CodeItem$1::getIndex (20 bytes)
Event: 12.104 Thread 0x0000000017623800 nmethod 2258 0x00000000032af250 code [0x00000000032af3e0, 0x00000000032af818]
Event: 12.104 Thread 0x0000000017623800 2262       3       com.android.dx.dex.code.InsnFormat::unsignedFitsInNibble (14 bytes)
Event: 12.105 Thread 0x0000000017623800 nmethod 2262 0x00000000032af9d0 code [0x00000000032afb20, 0x00000000032afcb0]
Event: 12.105 Thread 0x0000000017623800 2260       1       com.android.dx.rop.cst.CstLiteral32::fitsInInt (2 bytes)

GC Heap History (10 events):
Event: 3.363 GC heap before
{Heap before GC invocations=3 (full 0):
 PSYoungGen      total 18944K, used 18928K [0x00000000d5580000, 0x00000000d7a80000, 0x0000000100000000)
  eden space 16384K, 100% used [0x00000000d5580000,0x00000000d6580000,0x00000000d6580000)
  from space 2560K, 99% used [0x00000000d6800000,0x00000000d6a7c028,0x00000000d6a80000)
  to   space 2560K, 0% used [0x00000000d6580000,0x00000000d6580000,0x00000000d6800000)
 ParOldGen       total 44032K, used 3485K [0x0000000080000000, 0x0000000082b00000, 0x00000000d5580000)
  object space 44032K, 7% used [0x0000000080000000,0x0000000080367690,0x0000000082b00000)
 Metaspace       used 5910K, capacity 7024K, committed 7296K, reserved 1056768K
  class space    used 562K, capacity 616K, committed 640K, reserved 1048576K
Event: 3.382 GC heap after
Heap after GC invocations=3 (full 0):
 PSYoungGen      total 18944K, used 2551K [0x00000000d5580000, 0x00000000d7a80000, 0x0000000100000000)
  eden space 16384K, 0% used [0x00000000d5580000,0x00000000d5580000,0x00000000d6580000)
  from space 2560K, 99% used [0x00000000d6580000,0x00000000d67fdf38,0x00000000d6800000)
  to   space 2560K, 0% used [0x00000000d7800000,0x00000000d7800000,0x00000000d7a80000)
 ParOldGen       total 44032K, used 6062K [0x0000000080000000, 0x0000000082b00000, 0x00000000d5580000)
  object space 44032K, 13% used [0x0000000080000000,0x00000000805eb8a8,0x0000000082b00000)
 Metaspace       used 5910K, capacity 7024K, committed 7296K, reserved 1056768K
  class space    used 562K, capacity 616K, committed 640K, reserved 1048576K
}
Event: 3.888 GC heap before
{Heap before GC invocations=4 (full 0):
 PSYoungGen      total 18944K, used 18935K [0x00000000d5580000, 0x00000000d7a80000, 0x0000000100000000)
  eden space 16384K, 100% used [0x00000000d5580000,0x00000000d6580000,0x00000000d6580000)
  from space 2560K, 99% used [0x00000000d6580000,0x00000000d67fdf38,0x00000000d6800000)
  to   space 2560K, 0% used [0x00000000d7800000,0x00000000d7800000,0x00000000d7a80000)
 ParOldGen       total 44032K, used 6062K [0x0000000080000000, 0x0000000082b00000, 0x00000000d5580000)
  object space 44032K, 13% used [0x0000000080000000,0x00000000805eb8a8,0x0000000082b00000)
 Metaspace       used 5971K, capacity 7088K, committed 7296K, reserved 1056768K
  class space    used 562K, capacity 616K, committed 640K, reserved 1048576K
Event: 3.974 GC heap after
Heap after GC invocations=4 (full 0):
 PSYoungGen      total 35328K, used 2530K [0x00000000d5580000, 0x00000000d7a80000, 0x0000000100000000)
  eden space 32768K, 0% used [0x00000000d5580000,0x00000000d5580000,0x00000000d7580000)
  from space 2560K, 98% used [0x00000000d7800000,0x00000000d7a78b00,0x00000000d7a80000)
  to   space 2560K, 0% used [0x00000000d7580000,0x00000000d7580000,0x00000000d7800000)
 ParOldGen       total 44032K, used 9384K [0x0000000080000000, 0x0000000082b00000, 0x00000000d5580000)
  object space 44032K, 21% used [0x0000000080000000,0x000000008092a308,0x0000000082b00000)
 Metaspace       used 5971K, capacity 7088K, committed 7296K, reserved 1056768K
  class space    used 562K, capacity 616K, committed 640K, reserved 1048576K
}
Event: 4.863 GC heap before
{Heap before GC invocations=5 (full 0):
 PSYoungGen      total 35328K, used 35298K [0x00000000d5580000, 0x00000000d7a80000, 0x0000000100000000)
  eden space 32768K, 100% used [0x00000000d5580000,0x00000000d7580000,0x00000000d7580000)
  from space 2560K, 98% used [0x00000000d7800000,0x00000000d7a78b00,0x00000000d7a80000)
  to   space 2560K, 0% used [0x00000000d7580000,0x00000000d7580000,0x00000000d7800000)
 ParOldGen       total 44032K, used 9384K [0x0000000080000000, 0x0000000082b00000, 0x00000000d5580000)
  object space 44032K, 21% used [0x0000000080000000,0x000000008092a308,0x0000000082b00000)
 Metaspace       used 6104K, capacity 7088K, committed 7296K, reserved 1056768K
  class space    used 581K, capacity 616K, committed 640K, reserved 1048576K
Event: 4.898 GC heap after
Heap after GC invocations=5 (full 0):
 PSYoungGen      total 35328K, used 2557K [0x00000000d5580000, 0x00000000da580000, 0x0000000100000000)
  eden space 32768K, 0% used [0x00000000d5580000,0x00000000d5580000,0x00000000d7580000)
  from space 2560K, 99% used [0x00000000d7580000,0x00000000d77ff520,0x00000000d7800000)
  to   space 8192K, 0% used [0x00000000d9d80000,0x00000000d9d80000,0x00000000da580000)
 ParOldGen       total 44032K, used 14376K [0x0000000080000000, 0x0000000082b00000, 0x00000000d5580000)
  object space 44032K, 32% used [0x0000000080000000,0x0000000080e0a1f0,0x0000000082b00000)
 Metaspace       used 6104K, capacity 7088K, committed 7296K, reserved 1056768K
  class space    used 581K, capacity 616K, committed 640K, reserved 1048576K
}
Event: 6.711 GC heap before
{Heap before GC invocations=6 (full 0):
 PSYoungGen      total 35328K, used 35325K [0x00000000d5580000, 0x00000000da580000, 0x0000000100000000)
  eden space 32768K, 100% used [0x00000000d5580000,0x00000000d7580000,0x00000000d7580000)
  from space 2560K, 99% used [0x00000000d7580000,0x00000000d77ff520,0x00000000d7800000)
  to   space 8192K, 0% used [0x00000000d9d80000,0x00000000d9d80000,0x00000000da580000)
 ParOldGen       total 44032K, used 14376K [0x0000000080000000, 0x0000000082b00000, 0x00000000d5580000)
  object space 44032K, 32% used [0x0000000080000000,0x0000000080e0a1f0,0x0000000082b00000)
 Metaspace       used 6122K, capacity 7088K, committed 7296K, reserved 1056768K
  class space    used 581K, capacity 616K, committed 640K, reserved 1048576K
Event: 6.873 GC heap after
Heap after GC invocations=6 (full 0):
 PSYoungGen      total 73216K, used 7181K [0x00000000d5580000, 0x00000000da680000, 0x0000000100000000)
  eden space 65024K, 0% used [0x00000000d5580000,0x00000000d5580000,0x00000000d9500000)
  from space 8192K, 87% used [0x00000000d9d80000,0x00000000da483520,0x00000000da580000)
  to   space 8704K, 0% used [0x00000000d9500000,0x00000000d9500000,0x00000000d9d80000)
 ParOldGen       total 44032K, used 14376K [0x0000000080000000, 0x0000000082b00000, 0x00000000d5580000)
  object space 44032K, 32% used [0x0000000080000000,0x0000000080e0a1f0,0x0000000082b00000)
 Metaspace       used 6122K, capacity 7088K, committed 7296K, reserved 1056768K
  class space    used 581K, capacity 616K, committed 640K, reserved 1048576K
}
Event: 9.534 GC heap before
{Heap before GC invocations=7 (full 0):
 PSYoungGen      total 73216K, used 72205K [0x00000000d5580000, 0x00000000da680000, 0x0000000100000000)
  eden space 65024K, 100% used [0x00000000d5580000,0x00000000d9500000,0x00000000d9500000)
  from space 8192K, 87% used [0x00000000d9d80000,0x00000000da483520,0x00000000da580000)
  to   space 8704K, 0% used [0x00000000d9500000,0x00000000d9500000,0x00000000d9d80000)
 ParOldGen       total 44032K, used 14376K [0x0000000080000000, 0x0000000082b00000, 0x00000000d5580000)
  object space 44032K, 32% used [0x0000000080000000,0x0000000080e0a1f0,0x0000000082b00000)
 Metaspace       used 6164K, capacity 7152K, committed 7296K, reserved 1056768K
  class space    used 581K, capacity 616K, committed 640K, reserved 1048576K
Event: 9.921 GC heap after
Heap after GC invocations=7 (full 0):
 PSYoungGen      total 73728K, used 8689K [0x00000000d5580000, 0x00000000da680000, 0x0000000100000000)
  eden space 65024K, 0% used [0x00000000d5580000,0x00000000d5580000,0x00000000d9500000)
  from space 8704K, 99% used [0x00000000d9500000,0x00000000d9d7c5b0,0x00000000d9d80000)
  to   space 8192K, 0% used [0x00000000d9d80000,0x00000000d9d80000,0x00000000da580000)
 ParOldGen       total 44032K, used 22194K [0x0000000080000000, 0x0000000082b00000, 0x00000000d5580000)
  object space 44032K, 50% used [0x0000000080000000,0x00000000815ac808,0x0000000082b00000)
 Metaspace       used 6164K, capacity 7152K, committed 7296K, reserved 1056768K
  class space    used 581K, capacity 616K, committed 640K, reserved 1048576K
}

Deoptimization events (10 events):
Event: 7.361 Thread 0x00000000028fe000 Uncommon trap: reason=bimorphic action=maybe_recompile pc=0x00000000030ad210 method=com.android.dx.cf.code.BytecodeArray.parseInstruction(ILcom/android/dx/cf/code/BytecodeArray$Visitor;)I @ 2281
Event: 7.361 Thread 0x00000000028fe000 Uncommon trap: reason=bimorphic action=maybe_recompile pc=0x00000000030ad210 method=com.android.dx.cf.code.BytecodeArray.parseInstruction(ILcom/android/dx/cf/code/BytecodeArray$Visitor;)I @ 2281
Event: 7.373 Thread 0x00000000028fe000 Uncommon trap: reason=bimorphic action=maybe_recompile pc=0x00000000030b0bf8 method=com.android.dx.cf.code.BytecodeArray.parseInstruction(ILcom/android/dx/cf/code/BytecodeArray$Visitor;)I @ 2484
Event: 7.374 Thread 0x00000000028fe000 Uncommon trap: reason=bimorphic action=maybe_recompile pc=0x00000000030b0bf8 method=com.android.dx.cf.code.BytecodeArray.parseInstruction(ILcom/android/dx/cf/code/BytecodeArray$Visitor;)I @ 2484
Event: 7.716 Thread 0x00000000028fe000 Uncommon trap: reason=unstable_if action=reinterpret pc=0x00000000030689d0 method=com.android.dx.ssa.LocalVariableExtractor.processBlock(I)V @ 251
Event: 11.401 Thread 0x00000000191b0000 Uncommon trap: reason=class_check action=maybe_recompile pc=0x0000000002f14118 method=java.util.Arrays.hashCode([Ljava/lang/Object;)I @ 43
Event: 11.401 Thread 0x00000000191b0000 Uncommon trap: reason=class_check action=maybe_recompile pc=0x0000000002f14118 method=java.util.Arrays.hashCode([Ljava/lang/Object;)I @ 43
Event: 11.401 Thread 0x00000000191b0000 Uncommon trap: reason=class_check action=maybe_recompile pc=0x0000000002f14118 method=java.util.Arrays.hashCode([Ljava/lang/Object;)I @ 43
Event: 11.401 Thread 0x00000000191b0000 Uncommon trap: reason=class_check action=maybe_recompile pc=0x0000000002f14118 method=java.util.Arrays.hashCode([Ljava/lang/Object;)I @ 43
Event: 11.401 Thread 0x00000000191b0000 Uncommon trap: reason=class_check action=maybe_recompile pc=0x0000000002f12c38 method=java.util.Arrays.hashCode([Ljava/lang/Object;)I @ 43

Internal exceptions (6 events):
Event: 0.113 Thread 0x00000000028fe000 Exception <a 'java/lang/NoSuchMethodError': Method sun.misc.Unsafe.defineClass(Ljava/lang/String;[BII)Ljava/lang/Class; name or signature does not match> (0x00000000d5587cc0) thrown at [C:\src\android\AOSP-openjdk\external\jetbrains\jdk\hotspot\src\share\v½ÎÍê‹ú¼?
Event: 0.113 Thread 0x00000000028fe000 Exception <a 'java/lang/NoSuchMethodError': Method sun.misc.Unsafe.prefetchRead(Ljava/lang/Object;J)V name or signature does not match> (0x00000000d5587fa8) thrown at [C:\src\android\AOSP-openjdk\external\jetbrains\jdk\hotspot\src\share\vm\prims\jni.cpp, l”0QÄ#@
Event: 2.142 Thread 0x00000000191df800 Implicit null exception at 0x0000000002cd9d0c to 0x0000000002cdc1fd
Event: 4.031 Thread 0x00000000191df800 Exception <a 'java/lang/ArrayIndexOutOfBoundsException': 18> (0x00000000d59d8730) thrown at [C:\src\android\AOSP-openjdk\external\jetbrains\jdk\hotspot\src\share\vm\interpreter\interpreterRuntime.cpp, line 366]
Event: 4.031 Thread 0x00000000191df800 Exception <a 'java/lang/ArrayIndexOutOfBoundsException': 145> (0x00000000d59da2b0) thrown at [C:\src\android\AOSP-openjdk\external\jetbrains\jdk\hotspot\src\share\vm\interpreter\interpreterRuntime.cpp, line 366]
Event: 4.055 Thread 0x00000000191df800 Exception <a 'java/lang/ArrayIndexOutOfBoundsException'> (0x00000000d59db598) thrown at [C:\src\android\AOSP-openjdk\external\jetbrains\jdk\hotspot\src\share\vm\runtime\sharedRuntime.cpp, line 605]

Events (10 events):
Event: 12.063 loading class com/android/dx/dex/code/LocalList$MakeState
Event: 12.063 loading class com/android/dx/dex/code/LocalList$MakeState done
Event: 12.065 loading class com/android/dx/dex/code/LocalList$Disposition
Event: 12.065 loading class com/android/dx/dex/code/LocalList$Disposition done
Event: 12.065 loading class com/android/dx/dex/code/LocalList$Entry
Event: 12.066 loading class com/android/dx/dex/code/LocalList$Entry done
Event: 12.067 loading class com/android/dx/dex/code/CatchHandlerList
Event: 12.067 loading class com/android/dx/dex/code/CatchHandlerList done
Event: 12.086 loading class com/android/dx/dex/code/CatchTable
Event: 12.086 loading class com/android/dx/dex/code/CatchTable done


Dynamic libraries:
0x00007ff6a5db0000 - 0x00007ff6a5de1000 	C:\android-studio\jre\bin\java.exe
0x00007ff9c82d0000 - 0x00007ff9c8491000 	C:\Windows\SYSTEM32\ntdll.dll
0x00007ff9c7e70000 - 0x00007ff9c7f1d000 	C:\Windows\system32\KERNEL32.DLL
0x00007ff9c4980000 - 0x00007ff9c4b68000 	C:\Windows\system32\KERNELBASE.dll
0x00007ff9c8220000 - 0x00007ff9c82c7000 	C:\Windows\system32\ADVAPI32.dll
0x00007ff9c80d0000 - 0x00007ff9c816d000 	C:\Windows\system32\msvcrt.dll
0x00007ff9c7350000 - 0x00007ff9c73ab000 	C:\Windows\system32\sechost.dll
0x00007ff9c7c20000 - 0x00007ff9c7d3c000 	C:\Windows\system32\RPCRT4.dll
0x00007ff9c56d0000 - 0x00007ff9c5826000 	C:\Windows\system32\USER32.dll
0x00007ff9c5830000 - 0x00007ff9c59b6000 	C:\Windows\system32\GDI32.dll
0x00007ff9bbac0000 - 0x00007ff9bbd34000 	C:\Windows\WinSxS\amd64_microsoft.windows.common-controls_6595b64144ccf1df_6.0.10586.672_none_a2d6b3cea53ff843\COMCTL32.dll
0x00007ff9c7780000 - 0x00007ff9c79fd000 	C:\Windows\system32\combase.dll
0x00007ff9c4d90000 - 0x00007ff9c4dfa000 	C:\Windows\system32\bcryptPrimitives.dll
0x00007ff9c7a00000 - 0x00007ff9c7a3b000 	C:\Windows\system32\IMM32.DLL
0x0000000058630000 - 0x0000000058702000 	C:\android-studio\jre\jre\bin\msvcr100.dll
0x0000000058710000 - 0x0000000058f44000 	C:\android-studio\jre\jre\bin\server\jvm.dll
0x00007ff9c7c10000 - 0x00007ff9c7c18000 	C:\Windows\system32\PSAPI.DLL
0x00007ff9b9fd0000 - 0x00007ff9b9fd9000 	C:\Windows\SYSTEM32\WSOCK32.dll
0x00007ff9c7a40000 - 0x00007ff9c7aab000 	C:\Windows\system32\WS2_32.dll
0x00007ff9c2a10000 - 0x00007ff9c2a33000 	C:\Windows\SYSTEM32\WINMM.dll
0x00007ff9c1750000 - 0x00007ff9c175a000 	C:\Windows\SYSTEM32\VERSION.dll
0x00007ff9c2660000 - 0x00007ff9c268c000 	C:\Windows\SYSTEM32\WINMMBASE.dll
0x00007ff9c4d40000 - 0x00007ff9c4d83000 	C:\Windows\system32\cfgmgr32.dll
0x00007ff9c2500000 - 0x00007ff9c250f000 	C:\android-studio\jre\jre\bin\verify.dll
0x00007ff9c2480000 - 0x00007ff9c24a9000 	C:\android-studio\jre\jre\bin\java.dll
0x00007ff9c2460000 - 0x00007ff9c2476000 	C:\android-studio\jre\jre\bin\zip.dll
0x00007ff9c59c0000 - 0x00007ff9c6f1c000 	C:\Windows\system32\SHELL32.dll
0x00007ff9c4fd0000 - 0x00007ff9c5615000 	C:\Windows\system32\windows.storage.dll
0x00007ff9c7d40000 - 0x00007ff9c7d92000 	C:\Windows\system32\shlwapi.dll
0x00007ff9c48f0000 - 0x00007ff9c48ff000 	C:\Windows\system32\kernel.appcore.dll
0x00007ff9c4e00000 - 0x00007ff9c4eb5000 	C:\Windows\system32\shcore.dll
0x00007ff9c4910000 - 0x00007ff9c495b000 	C:\Windows\system32\powrprof.dll
0x00007ff9c4960000 - 0x00007ff9c4974000 	C:\Windows\system32\profapi.dll

VM Arguments:
jvm_args: -Djava.awt.headless=true -Xmx2g -Dfile.encoding=windows-1252 -Duser.country=US -Duser.language=en -Duser.variant 
java_command: com.android.dx.command.Main --dex --force-jumbo --num-threads=4 --multi-dex --output C:\Users\BEN\OneDrive\AndroidStudioProjects\SupermarketPrices\app\build\intermediates\transforms\dex\debug\folders\1000\10\com.android.support-recyclerview-v7-25.0.0_63a9fd3e22565ca8d1ef3aad88ab44c0e4953f41 C:\Users\BEN\OneDrive\AndroidStudioProjects\SupermarketPrices\app\build\intermediates\exploded-aar\com.android.support\recyclerview-v7\25.0.0\jars\classes.jar
java_class_path (initial): D:\softwares\Android\sdk1\build-tools\25.0.0\lib\dx.jar
Launcher Type: SUN_STANDARD

Environment Variables:
PATH=C:\Program Files (x86)\PC Connectivity Solution\;C:\Python27\;C:\Python27\Scripts;C:\app\client\BEN\product\12.1.0\client_3;C:\app\client\BEN\product\12.1.0\client_3\bin;C:\app\client\BEN\product\12.1.0\client_2;C:\app\client\BEN\product\12.1.0\client_2\bin;C:\oracle\ora92\bin;C:\Program Files (x86)\Oracle\jre\1.3.1\bin;C:\Program Files (x86)\Oracle\jre\1.1.8\bin;C:\ProgramData\Oracle\Java\javapath;C:\Windows\system32;C:\Windows;C:\Windows\System32\Wbem;C:\Windows\System32\WindowsPowerShell\v1.0\;C:\Program Files (x86)\Windows Kits\8.1\Windows Performance Toolkit\;C:\Program Files\Microsoft SQL Server\120\Tools\Binn\;C:\Program Files\Microsoft SQL Server\Client SDK\ODBC\110\Tools\Binn\;C:\Program Files (x86)\Microsoft SQL Server\120\Tools\Binn\;C:\Program Files\Microsoft SQL Server\120\DTS\Binn\;C:\Program Files (x86)\Microsoft SQL Server\110\Tools\Binn\ManagementStudio\;C:\Program Files (x86)\Microsoft SQL Server\110\Tools\Binn\;C:\Program Files (x86)\Microsoft SQL Server\110\DTS\Binn\;C:\wamp64\bin\php\php7.0.4\ext;C:\oracle\instantclient\;C:\Program Files\Git\cmd;C:\Program Files\Git\mingw64\bin;C:\Program Files\Git\usr\bin;C:\Program Files\Microsoft SQL Server\130\Tools\Binn\;C:\OpenSSL-Win32\bin;C:\Program Files\WIDCOMM\Bluetooth Software\;C:\Program Files\WIDCOMM\Bluetooth Software\syswow64;D:\softwares\Android\sdk1\platform-tools;C:\Program Files\dotnet\;C:\Program Files\Microsoft DNX\Dnvm\;C:\wamp64\bin\php\php7.0.4;C:\ProgramData\ComposerSetup\bin;C:\Program Files\Docker\Docker;C:\Program Files\Docker\Docker\resources\bin;C:\Program Files\Docker\Docker\resources;C:\Program Files\nodejs\;C:\Program Files\AMI\DuOS\;C:\Program Files (x86)\Microsoft VS Code\bin;C:\Users\BEN\AppData\Roaming\Composer\vendor\bin;C:\Users\BEN\AppData\Roaming\npm;C:\Program Files\AMI\DuOS\
USERNAME=BEN
OS=Windows_NT
PROCESSOR_IDENTIFIER=Intel64 Family 6 Model 58 Stepping 9, GenuineIntel



---------------  S Y S T E M  ---------------

OS: Windows 10.0 , 64 bit Build 10586 (10.0.10586.589)

CPU:total 4 (2 cores per cpu, 2 threads per core) family 6 model 58 stepping 9, cmov, cx8, fxsr, mmx, sse, sse2, sse3, ssse3, sse4.1, sse4.2, popcnt, avx, clmul, erms, ht, tsc, tscinvbit, tscinv

Memory: 4k page, physical 4078952k(247264k free), swap 6413772k(5232k free)

vm_info: OpenJDK 64-Bit Server VM (25.76-b03) for windows-amd64 JRE (1.8.0_76-release-b03), built on Jun 29 2016 19:09:20 by "ralucas" with MS VC++ 10.0 (VS2010)

time: Fri Dec 23 17:27:19 2016
elapsed time: 12 seconds (0d 0h 0m 12s)

