#
# There is insufficient memory for the Java Runtime Environment to continue.
# Native memory allocation (malloc) failed to allocate 32744 bytes for ChunkPool::allocate
# Possible reasons:
#   The system is out of physical RAM or swap space
#   In 32 bit mode, the process size limit was hit
# Possible solutions:
#   Reduce memory load on the system
#   Increase physical memory or swap space
#   Check if swap backing store is full
#   Use 64 bit Java on a 64 bit OS
#   Decrease Java heap size (-Xmx/-Xms)
#   Decrease number of Java threads
#   Decrease Java thread stack sizes (-Xss)
#   Set larger code cache with -XX:ReservedCodeCacheSize=
# This output file may be truncated or incomplete.
#
#  Out of Memory Error (allocation.cpp:273), pid=6968, tid=0x0000000000000d30
#
# JRE version: OpenJDK Runtime Environment (8.0_76-b03) (build 1.8.0_76-release-b03)
# Java VM: OpenJDK 64-Bit Server VM (25.76-b03 mixed mode windows-amd64 compressed oops)
# Failed to write core dump. Minidumps are not enabled by default on client versions of Windows
#

---------------  T H R E A D  ---------------

Current thread (0x000000001723d000):  JavaThread "C2 CompilerThread0" daemon [_thread_in_native, id=3376, stack(0x0000000018880000,0x0000000018980000)]

Stack: [0x0000000018880000,0x0000000018980000]
[error occurred during error reporting (printing stack bounds), id 0xc0000005]

Native frames: (J=compiled Java code, j=interpreted, Vv=VM code, C=native code)


Current CompileTask:
C2:   6421  695       4       com.android.dx.ssa.SsaBasicBlock::forEachInsn (37 bytes)


---------------  P R O C E S S  ---------------

Java Threads: ( => current thread )
  0x0000000018dda000 JavaThread "pool-2-thread-4" [_thread_in_vm, id=4184, stack(0x0000000019580000,0x0000000019680000)]
  0x0000000018d35000 JavaThread "pool-2-thread-3" [_thread_blocked, id=7508, stack(0x0000000019480000,0x0000000019580000)]
  0x0000000018d33800 JavaThread "pool-2-thread-2" [_thread_blocked, id=3132, stack(0x0000000019380000,0x0000000019480000)]
  0x0000000018d30800 JavaThread "pool-3-thread-1" [_thread_blocked, id=7708, stack(0x0000000019280000,0x0000000019380000)]
  0x0000000018d2f000 JavaThread "pool-2-thread-1" [_thread_blocked, id=6392, stack(0x0000000019180000,0x0000000019280000)]
  0x0000000018b83000 JavaThread "Service Thread" daemon [_thread_blocked, id=7832, stack(0x0000000018f80000,0x0000000019080000)]
  0x000000001729c000 JavaThread "C1 CompilerThread2" daemon [_thread_in_native, id=124, stack(0x0000000018a80000,0x0000000018b80000)]
  0x0000000017299800 JavaThread "C2 CompilerThread1" daemon [_thread_blocked, id=7752, stack(0x0000000018980000,0x0000000018a80000)]
=>0x000000001723d000 JavaThread "C2 CompilerThread0" daemon [_thread_in_native, id=3376, stack(0x0000000018880000,0x0000000018980000)]
  0x000000001723b800 JavaThread "Attach Listener" daemon [_thread_blocked, id=7516, stack(0x0000000018780000,0x0000000018880000)]
  0x000000001723a000 JavaThread "Signal Dispatcher" daemon [_thread_blocked, id=4188, stack(0x0000000018680000,0x0000000018780000)]
  0x0000000002616000 JavaThread "Finalizer" daemon [_thread_blocked, id=4248, stack(0x00000000184a0000,0x00000000185a0000)]
  0x0000000002610800 JavaThread "Reference Handler" daemon [_thread_blocked, id=7008, stack(0x00000000183a0000,0x00000000184a0000)]
  0x0000000000b4e800 JavaThread "main" [_thread_in_vm, id=4044, stack(0x0000000002360000,0x0000000002460000)]

Other Threads:
  0x0000000017205800 VMThread [stack: 0x00000000182a0000,0x00000000183a0000] [id=972]
  0x0000000018b85800 WatcherThread [stack: 0x0000000019080000,0x0000000019180000] [id=7404]

VM state:not at safepoint (normal execution)

VM Mutex/Monitor currently owned by a thread: None

Heap:
 PSYoungGen      total 18944K, used 12775K [0x00000000d5580000, 0x00000000d6a80000, 0x0000000100000000)
  eden space 16384K, 77% used [0x00000000d5580000,0x00000000d61f9fd0,0x00000000d6580000)
  from space 2560K, 0% used [0x00000000d6800000,0x00000000d6800000,0x00000000d6a80000)
  to   space 2560K, 0% used [0x00000000d6580000,0x00000000d6580000,0x00000000d6800000)
 ParOldGen       total 44032K, used 0K [0x0000000080000000, 0x0000000082b00000, 0x00000000d5580000)
  object space 44032K, 0% used [0x0000000080000000,0x0000000080000000,0x0000000082b00000)
 Metaspace       used 5623K, capacity 6640K, committed 6784K, reserved 1056768K
  class space    used 566K, capacity 616K, committed 640K, reserved 1048576K

Card table byte_map: [0x00000000119e0000,0x0000000011df0000] byte_map_base: 0x00000000115e0000

Marking Bits: (ParMarkBitMap*) 0x0000000058ec9d00
 Begin Bits: [0x00000000124a0000, 0x00000000144a0000)
 End Bits:   [0x00000000144a0000, 0x00000000164a0000)

Polling page: 0x0000000000b20000

CodeCache: size=245760Kb used=2947Kb max_used=2947Kb free=242812Kb
 bounds [0x0000000002620000, 0x0000000002910000, 0x0000000011620000]
 total_blobs=1011 nmethods=743 adapters=182
 compilation: enabled

Compilation events (10 events):
Event: 6.403 Thread 0x000000001729c000 nmethod 740 0x00000000028ff790 code [0x00000000028ff8e0, 0x00000000028ffa30]
Event: 6.403 Thread 0x000000001729c000  741       3       com.android.dx.cf.code.ByteBlock::<init> (181 bytes)
Event: 6.405 Thread 0x000000001729c000 nmethod 741 0x00000000028ffad0 code [0x00000000028ffda0, 0x00000000029010a8]
Event: 6.407 Thread 0x000000001729c000  742       3       com.android.dx.cf.code.ByteBlockList::set (7 bytes)
Event: 6.407 Thread 0x000000001729c000 nmethod 742 0x00000000029019d0 code [0x0000000002901b40, 0x0000000002901cc8]
Event: 6.408 Thread 0x000000001729c000  743       3       com.android.dx.cf.code.BaseMachine::popArgs (62 bytes)
Event: 6.408 Thread 0x000000001729c000 nmethod 743 0x0000000002901d50 code [0x0000000002901f00, 0x0000000002902598]
Event: 6.408 Thread 0x000000001729c000  744   !   3       com.android.dx.cf.code.BaseMachine::arg (36 bytes)
Event: 6.409 Thread 0x000000001729c000 nmethod 744 0x0000000002902810 code [0x00000000029029a0, 0x0000000002902cf8]
Event: 6.409 Thread 0x000000001729c000  745   !   3       com.android.dx.cf.code.RopperMachine::run (1550 bytes)

GC Heap History (0 events):
No events

Deoptimization events (1 events):
Event: 3.882 Thread 0x0000000000b4e800 Uncommon trap: reason=unstable_if action=reinterpret pc=0x000000000275a2d0 method=java.lang.String.indexOf(II)I @ 49

Internal exceptions (2 events):
Event: 0.227 Thread 0x0000000000b4e800 Exception <a 'java/lang/NoSuchMethodError': Method sun.misc.Unsafe.defineClass(Ljava/lang/String;[BII)Ljava/lang/Class; name or signature does not match> (0x00000000d5587cc0) thrown at [C:\src\android\AOSP-openjdk\external\jetbrains\jdk\hotspot\src\share\v—Lº”ÒÍ?
Event: 0.227 Thread 0x0000000000b4e800 Exception <a 'java/lang/NoSuchMethodError': Method sun.misc.Unsafe.prefetchRead(Ljava/lang/Object;J)V name or signature does not match> (0x00000000d5587fa8) thrown at [C:\src\android\AOSP-openjdk\external\jetbrains\jdk\hotspot\src\share\vm\prims\jni.cpp, l

Events (10 events):
Event: 6.082 loading class com/android/dx/dex/file/MethodAnnotationStruct
Event: 6.082 loading class com/android/dx/dex/file/MethodAnnotationStruct done
Event: 6.137 loading class java/util/DualPivotQuicksort
Event: 6.178 loading class com/android/dx/cf/code/SwitchList
Event: 6.178 loading class com/android/dx/cf/code/SwitchList done
Event: 6.196 loading class java/util/DualPivotQuicksort done
Event: 6.208 loading class com/android/dx/cf/code/Ropper$ExceptionHandlerSetup
Event: 6.208 loading class com/android/dx/cf/code/Ropper$ExceptionHandlerSetup done
Event: 6.300 loading class java/util/ArrayList$1
Event: 6.320 loading class java/util/ArrayList$1 done


Dynamic libraries:
0x00007ff6a5db0000 - 0x00007ff6a5de1000 	C:\android-studio\jre\bin\java.exe
0x00007ff9c82d0000 - 0x00007ff9c8491000 	C:\Windows\SYSTEM32\ntdll.dll
0x00007ff9c7e70000 - 0x00007ff9c7f1d000 	C:\Windows\system32\KERNEL32.DLL
0x00007ff9c4980000 - 0x00007ff9c4b68000 	C:\Windows\system32\KERNELBASE.dll
0x00007ff9c8220000 - 0x00007ff9c82c7000 	C:\Windows\system32\ADVAPI32.dll
0x00007ff9c80d0000 - 0x00007ff9c816d000 	C:\Windows\system32\msvcrt.dll
0x00007ff9c7350000 - 0x00007ff9c73ab000 	C:\Windows\system32\sechost.dll
0x00007ff9c7c20000 - 0x00007ff9c7d3c000 	C:\Windows\system32\RPCRT4.dll
0x00007ff9c56d0000 - 0x00007ff9c5826000 	C:\Windows\system32\USER32.dll
0x00007ff9c5830000 - 0x00007ff9c59b6000 	C:\Windows\system32\GDI32.dll
0x00007ff9bbac0000 - 0x00007ff9bbd34000 	C:\Windows\WinSxS\amd64_microsoft.windows.common-controls_6595b64144ccf1df_6.0.10586.672_none_a2d6b3cea53ff843\COMCTL32.dll
0x00007ff9c7780000 - 0x00007ff9c79fd000 	C:\Windows\system32\combase.dll
0x00007ff9c4d90000 - 0x00007ff9c4dfa000 	C:\Windows\system32\bcryptPrimitives.dll
0x00007ff9c7a00000 - 0x00007ff9c7a3b000 	C:\Windows\system32\IMM32.DLL
0x0000000058630000 - 0x0000000058702000 	C:\android-studio\jre\jre\bin\msvcr100.dll
0x0000000058710000 - 0x0000000058f44000 	C:\android-studio\jre\jre\bin\server\jvm.dll
0x00007ff9c7c10000 - 0x00007ff9c7c18000 	C:\Windows\system32\PSAPI.DLL
0x00007ff9b9fd0000 - 0x00007ff9b9fd9000 	C:\Windows\SYSTEM32\WSOCK32.dll
0x00007ff9c2a10000 - 0x00007ff9c2a33000 	C:\Windows\SYSTEM32\WINMM.dll
0x00007ff9c7a40000 - 0x00007ff9c7aab000 	C:\Windows\system32\WS2_32.dll
0x00007ff9c1750000 - 0x00007ff9c175a000 	C:\Windows\SYSTEM32\VERSION.dll
0x00007ff9c2660000 - 0x00007ff9c268c000 	C:\Windows\SYSTEM32\WINMMBASE.dll
0x00007ff9c4d40000 - 0x00007ff9c4d83000 	C:\Windows\system32\cfgmgr32.dll
0x00007ff9c2500000 - 0x00007ff9c250f000 	C:\android-studio\jre\jre\bin\verify.dll
0x00007ff9c2480000 - 0x00007ff9c24a9000 	C:\android-studio\jre\jre\bin\java.dll
0x00007ff9c2460000 - 0x00007ff9c2476000 	C:\android-studio\jre\jre\bin\zip.dll
0x00007ff9c59c0000 - 0x00007ff9c6f1c000 	C:\Windows\system32\SHELL32.dll
0x00007ff9c4fd0000 - 0x00007ff9c5615000 	C:\Windows\system32\windows.storage.dll
0x00007ff9c7d40000 - 0x00007ff9c7d92000 	C:\Windows\system32\shlwapi.dll
0x00007ff9c48f0000 - 0x00007ff9c48ff000 	C:\Windows\system32\kernel.appcore.dll
0x00007ff9c4e00000 - 0x00007ff9c4eb5000 	C:\Windows\system32\shcore.dll
0x00007ff9c4910000 - 0x00007ff9c495b000 	C:\Windows\system32\powrprof.dll
0x00007ff9c4960000 - 0x00007ff9c4974000 	C:\Windows\system32\profapi.dll

VM Arguments:
jvm_args: -Djava.awt.headless=true -Xmx2g -Dfile.encoding=windows-1252 -Duser.country=US -Duser.language=en -Duser.variant 
java_command: com.android.dx.command.Main --dex --force-jumbo --num-threads=4 --multi-dex --output C:\Users\BEN\OneDrive\AndroidStudioProjects\SupermarketPrices\app\build\intermediates\transforms\dex\debug\folders\1000\10\picasso-2.5.2_3a1c53cbe08d0da8969ff098f737b8734462c98f C:\Users\BEN\.gradle\caches\modules-2\files-2.1\com.squareup.picasso\picasso\2.5.2\7446d06ec8d4f7ffcc53f1da37c95f200dcb9387\picasso-2.5.2.jar
java_class_path (initial): D:\softwares\Android\sdk1\build-tools\25.0.0\lib\dx.jar
Launcher Type: SUN_STANDARD

Environment Variables:
PATH=C:\Program Files (x86)\PC Connectivity Solution\;C:\Python27\;C:\Python27\Scripts;C:\app\client\BEN\product\12.1.0\client_3;C:\app\client\BEN\product\12.1.0\client_3\bin;C:\app\client\BEN\product\12.1.0\client_2;C:\app\client\BEN\product\12.1.0\client_2\bin;C:\oracle\ora92\bin;C:\Program Files (x86)\Oracle\jre\1.3.1\bin;C:\Program Files (x86)\Oracle\jre\1.1.8\bin;C:\ProgramData\Oracle\Java\javapath;C:\Windows\system32;C:\Windows;C:\Windows\System32\Wbem;C:\Windows\System32\WindowsPowerShell\v1.0\;C:\Program Files (x86)\Windows Kits\8.1\Windows Performance Toolkit\;C:\Program Files\Microsoft SQL Server\120\Tools\Binn\;C:\Program Files\Microsoft SQL Server\Client SDK\ODBC\110\Tools\Binn\;C:\Program Files (x86)\Microsoft SQL Server\120\Tools\Binn\;C:\Program Files\Microsoft SQL Server\120\DTS\Binn\;C:\Program Files (x86)\Microsoft SQL Server\110\Tools\Binn\ManagementStudio\;C:\Program Files (x86)\Microsoft SQL Server\110\Tools\Binn\;C:\Program Files (x86)\Microsoft SQL Server\110\DTS\Binn\;C:\wamp64\bin\php\php7.0.4\ext;C:\oracle\instantclient\;C:\Program Files\Git\cmd;C:\Program Files\Git\mingw64\bin;C:\Program Files\Git\usr\bin;C:\Program Files\Microsoft SQL Server\130\Tools\Binn\;C:\OpenSSL-Win32\bin;C:\Program Files\WIDCOMM\Bluetooth Software\;C:\Program Files\WIDCOMM\Bluetooth Software\syswow64;D:\softwares\Android\sdk1\platform-tools;C:\Program Files\dotnet\;C:\Program Files\Microsoft DNX\Dnvm\;C:\wamp64\bin\php\php7.0.4;C:\ProgramData\ComposerSetup\bin;C:\Program Files\Docker\Docker;C:\Program Files\Docker\Docker\resources\bin;C:\Program Files\Docker\Docker\resources;C:\Program Files\nodejs\;C:\Program Files\AMI\DuOS\;C:\Program Files (x86)\Microsoft VS Code\bin;C:\Users\BEN\AppData\Roaming\Composer\vendor\bin;C:\Users\BEN\AppData\Roaming\npm;C:\Program Files\AMI\DuOS\
USERNAME=BEN
OS=Windows_NT
PROCESSOR_IDENTIFIER=Intel64 Family 6 Model 58 Stepping 9, GenuineIntel



---------------  S Y S T E M  ---------------

OS: Windows 10.0 , 64 bit Build 10586 (10.0.10586.589)

CPU:total 4 (2 cores per cpu, 2 threads per core) family 6 model 58 stepping 9, cmov, cx8, fxsr, mmx, sse, sse2, sse3, ssse3, sse4.1, sse4.2, popcnt, avx, clmul, erms, ht, tsc, tscinvbit, tscinv

Memory: 4k page, physical 4078952k(354284k free), swap 6413772k(3068k free)

vm_info: OpenJDK 64-Bit Server VM (25.76-b03) for windows-amd64 JRE (1.8.0_76-release-b03), built on Jun 29 2016 19:09:20 by "ralucas" with MS VC++ 10.0 (VS2010)

time: Fri Dec 23 17:27:06 2016
elapsed time: 6 seconds (0d 0h 0m 6s)

