#
# There is insufficient memory for the Java Runtime Environment to continue.
# Native memory allocation (malloc) failed to allocate 1048576 bytes for AllocateHeap
# Possible reasons:
#   The system is out of physical RAM or swap space
#   In 32 bit mode, the process size limit was hit
# Possible solutions:
#   Reduce memory load on the system
#   Increase physical memory or swap space
#   Check if swap backing store is full
#   Use 64 bit Java on a 64 bit OS
#   Decrease Java heap size (-Xmx/-Xms)
#   Decrease number of Java threads
#   Decrease Java thread stack sizes (-Xss)
#   Set larger code cache with -XX:ReservedCodeCacheSize=
# This output file may be truncated or incomplete.
#
#  Out of Memory Error (memory/allocation.inline.hpp:61), pid=232, tid=0x0000000000002228
#
# JRE version:  (8.0_76-b03) (build )
# Java VM: OpenJDK 64-Bit Server VM (25.76-b03 mixed mode windows-amd64 compressed oops)
# Failed to write core dump. Minidumps are not enabled by default on client versions of Windows
#

---------------  T H R E A D  ---------------

Current thread (0x0000000002b0d800):  JavaThread "Unknown thread" [_thread_in_vm, id=8744, stack(0x0000000002b90000,0x0000000002c90000)]

Stack: [0x0000000002b90000,0x0000000002c90000]
[error occurred during error reporting (printing stack bounds), id 0xc0000005]

Native frames: (J=compiled Java code, j=interpreted, Vv=VM code, C=native code)


---------------  P R O C E S S  ---------------

Java Threads: ( => current thread )

Other Threads:

=>0x0000000002b0d800 (exited) JavaThread "Unknown thread" [_thread_in_vm, id=8744, stack(0x0000000002b90000,0x0000000002c90000)]

VM state:not at safepoint (normal execution)

VM Mutex/Monitor currently owned by a thread: None

Heap:
 PSYoungGen      total 18944K, used 327K [0x00000000d5580000, 0x00000000d6a80000, 0x0000000100000000)
  eden space 16384K, 2% used [0x00000000d5580000,0x00000000d55d1ec8,0x00000000d6580000)
  from space 2560K, 0% used [0x00000000d6800000,0x00000000d6800000,0x00000000d6a80000)
  to   space 2560K, 0% used [0x00000000d6580000,0x00000000d6580000,0x00000000d6800000)
 ParOldGen       total 44032K, used 0K [0x0000000080000000, 0x0000000082b00000, 0x00000000d5580000)
  object space 44032K, 0% used [0x0000000080000000,0x0000000080000000,0x0000000082b00000)
 Metaspace       used 771K, capacity 4480K, committed 4480K, reserved 1060864K
  class space    used 73K, capacity 384K, committed 384K, reserved 1048576K

Card table byte_map: [0x0000000012150000,0x0000000012560000] byte_map_base: 0x0000000011d50000

Marking Bits: (ParMarkBitMap*) 0x0000000070a49d00
 Begin Bits: [0x0000000012c10000, 0x0000000014c10000)
 End Bits:   [0x0000000014c10000, 0x0000000016c10000)

Polling page: 0x0000000001320000

CodeCache: size=245760Kb used=328Kb max_used=328Kb free=245431Kb
 bounds [0x0000000002d90000, 0x0000000003000000, 0x0000000011d90000]
 total_blobs=57 nmethods=0 adapters=38
 compilation: enabled

Compilation events (0 events):
No events

GC Heap History (0 events):
No events

Deoptimization events (0 events):
No events

Internal exceptions (0 events):
No events

Events (10 events):
Event: 0.122 loading class java/lang/Short
Event: 0.123 loading class java/lang/Short done
Event: 0.123 loading class java/lang/Integer
Event: 0.123 loading class java/lang/Integer done
Event: 0.123 loading class java/lang/Long
Event: 0.123 loading class java/lang/Long done
Event: 0.128 loading class java/lang/NullPointerException
Event: 0.128 loading class java/lang/NullPointerException done
Event: 0.128 loading class java/lang/ArithmeticException
Event: 0.129 loading class java/lang/ArithmeticException done


Dynamic libraries:
0x00007ff671670000 - 0x00007ff6716a1000 	C:\android-studio\jre\bin\java.exe
0x00007ffb28ef0000 - 0x00007ffb290b1000 	C:\Windows\SYSTEM32\ntdll.dll
0x00007ffb28e40000 - 0x00007ffb28eed000 	C:\Windows\system32\KERNEL32.DLL
0x00007ffb25ee0000 - 0x00007ffb260c8000 	C:\Windows\system32\KERNELBASE.dll
0x00007ffb268b0000 - 0x00007ffb26957000 	C:\Windows\system32\ADVAPI32.dll
0x00007ffb286f0000 - 0x00007ffb2878d000 	C:\Windows\system32\msvcrt.dll
0x00007ffb28c30000 - 0x00007ffb28c8b000 	C:\Windows\system32\sechost.dll
0x00007ffb283d0000 - 0x00007ffb284ec000 	C:\Windows\system32\RPCRT4.dll
0x00007ffb26a30000 - 0x00007ffb26b86000 	C:\Windows\system32\USER32.dll
0x00007ffb266c0000 - 0x00007ffb26846000 	C:\Windows\system32\GDI32.dll
0x00007ffb1c5c0000 - 0x00007ffb1c834000 	C:\Windows\WinSxS\amd64_microsoft.windows.common-controls_6595b64144ccf1df_6.0.10586.672_none_a2d6b3cea53ff843\COMCTL32.dll
0x00007ffb263c0000 - 0x00007ffb2663d000 	C:\Windows\system32\combase.dll
0x00007ffb25820000 - 0x00007ffb2588a000 	C:\Windows\system32\bcryptPrimitives.dll
0x00007ffb286a0000 - 0x00007ffb286db000 	C:\Windows\system32\IMM32.DLL
0x000000006e5f0000 - 0x000000006e6c2000 	C:\android-studio\jre\jre\bin\msvcr100.dll
0x0000000070290000 - 0x0000000070ac4000 	C:\android-studio\jre\jre\bin\server\jvm.dll
0x00007ffb26cf0000 - 0x00007ffb26cf8000 	C:\Windows\system32\PSAPI.DLL
0x00007ffb174b0000 - 0x00007ffb174b9000 	C:\Windows\SYSTEM32\WSOCK32.dll
0x00007ffb28790000 - 0x00007ffb287fb000 	C:\Windows\system32\WS2_32.dll
0x00007ffb23310000 - 0x00007ffb23333000 	C:\Windows\SYSTEM32\WINMM.dll
0x00007ffb23aa0000 - 0x00007ffb23aaa000 	C:\Windows\SYSTEM32\VERSION.dll
0x00007ffb232a0000 - 0x00007ffb232cc000 	C:\Windows\SYSTEM32\WINMMBASE.dll
0x00007ffb26150000 - 0x00007ffb26193000 	C:\Windows\system32\cfgmgr32.dll
0x00007ffb17770000 - 0x00007ffb1777f000 	C:\android-studio\jre\jre\bin\verify.dll
0x00007ffb05210000 - 0x00007ffb05239000 	C:\android-studio\jre\jre\bin\java.dll
0x00007ffb03690000 - 0x00007ffb036a6000 	C:\android-studio\jre\jre\bin\zip.dll

VM Arguments:
jvm_args: -Djava.awt.headless=true -Xmx2g -Dfile.encoding=windows-1252 -Duser.country=US -Duser.language=en -Duser.variant 
java_command: com.android.dx.command.Main --dex --force-jumbo --num-threads=4 --multi-dex --output C:\Users\BEN\OneDrive\AndroidStudioProjects\SupermarketPrices\app\build\intermediates\transforms\dex\debug\folders\1000\10\instant-run-bootstrap_136b360f678232d0dbdd2dafe7f45ab1d633e24c C:\Users\BEN\OneDrive\AndroidStudioProjects\SupermarketPrices\app\build\intermediates\incremental-classes\debug\instant-run-bootstrap.jar
java_class_path (initial): D:\softwares\Android\sdk1\build-tools\25.0.0\lib\dx.jar
Launcher Type: SUN_STANDARD

Environment Variables:
PATH=C:\Program Files (x86)\PC Connectivity Solution\;C:\Python27\;C:\Python27\Scripts;C:\app\client\BEN\product\12.1.0\client_3;C:\app\client\BEN\product\12.1.0\client_3\bin;C:\app\client\BEN\product\12.1.0\client_2;C:\app\client\BEN\product\12.1.0\client_2\bin;C:\oracle\ora92\bin;C:\Program Files (x86)\Oracle\jre\1.3.1\bin;C:\Program Files (x86)\Oracle\jre\1.1.8\bin;C:\ProgramData\Oracle\Java\javapath;C:\Windows\system32;C:\Windows;C:\Windows\System32\Wbem;C:\Windows\System32\WindowsPowerShell\v1.0\;C:\Program Files (x86)\Windows Kits\8.1\Windows Performance Toolkit\;C:\Program Files\Microsoft SQL Server\120\Tools\Binn\;C:\Program Files\Microsoft SQL Server\Client SDK\ODBC\110\Tools\Binn\;C:\Program Files (x86)\Microsoft SQL Server\120\Tools\Binn\;C:\Program Files\Microsoft SQL Server\120\DTS\Binn\;C:\Program Files (x86)\Microsoft SQL Server\110\Tools\Binn\ManagementStudio\;C:\Program Files (x86)\Microsoft SQL Server\110\Tools\Binn\;C:\Program Files (x86)\Microsoft SQL Server\110\DTS\Binn\;C:\wamp64\bin\php\php7.0.4\ext;C:\oracle\instantclient\;C:\Program Files\Git\cmd;C:\Program Files\Git\mingw64\bin;C:\Program Files\Git\usr\bin;C:\Program Files\Microsoft SQL Server\130\Tools\Binn\;C:\OpenSSL-Win32\bin;C:\Program Files\WIDCOMM\Bluetooth Software\;C:\Program Files\WIDCOMM\Bluetooth Software\syswow64;D:\softwares\Android\sdk1\platform-tools;C:\Program Files\dotnet\;C:\Program Files\Microsoft DNX\Dnvm\;C:\wamp64\bin\php\php7.0.4;C:\ProgramData\ComposerSetup\bin;C:\Program Files\Docker\Docker;C:\Program Files\Docker\Docker\resources\bin;C:\Program Files\Docker\Docker\resources;C:\Program Files\nodejs\;C:\Program Files\AMI\DuOS\;C:\Program Files (x86)\Microsoft VS Code\bin;C:\Users\BEN\AppData\Roaming\Composer\vendor\bin;C:\Users\BEN\AppData\Roaming\npm;C:\Program Files\AMI\DuOS\
USERNAME=BEN
OS=Windows_NT
PROCESSOR_IDENTIFIER=Intel64 Family 6 Model 58 Stepping 9, GenuineIntel



---------------  S Y S T E M  ---------------

OS: Windows 10.0 , 64 bit Build 10586 (10.0.10586.589)

CPU:total 4 (2 cores per cpu, 2 threads per core) family 6 model 58 stepping 9, cmov, cx8, fxsr, mmx, sse, sse2, sse3, ssse3, sse4.1, sse4.2, popcnt, avx, clmul, erms, ht, tsc, tscinvbit, tscinv

Memory: 4k page, physical 4078952k(215784k free), swap 7764636k(5524k free)

vm_info: OpenJDK 64-Bit Server VM (25.76-b03) for windows-amd64 JRE (1.8.0_76-release-b03), built on Jun 29 2016 19:09:20 by "ralucas" with MS VC++ 10.0 (VS2010)

time: Thu Dec 15 12:54:01 2016
elapsed time: 0 seconds (0d 0h 0m 0s)

