#
# There is insufficient memory for the Java Runtime Environment to continue.
# Native memory allocation (malloc) failed to allocate 126576 bytes for Chunk::new
# Possible reasons:
#   The system is out of physical RAM or swap space
#   In 32 bit mode, the process size limit was hit
# Possible solutions:
#   Reduce memory load on the system
#   Increase physical memory or swap space
#   Check if swap backing store is full
#   Use 64 bit Java on a 64 bit OS
#   Decrease Java heap size (-Xmx/-Xms)
#   Decrease number of Java threads
#   Decrease Java thread stack sizes (-Xss)
#   Set larger code cache with -XX:ReservedCodeCacheSize=
# This output file may be truncated or incomplete.
#
#  Out of Memory Error (allocation.cpp:390), pid=4312, tid=0x0000000000001020
#
# JRE version: OpenJDK Runtime Environment (8.0_76-b03) (build 1.8.0_76-release-b03)
# Java VM: OpenJDK 64-Bit Server VM (25.76-b03 mixed mode windows-amd64 compressed oops)
# Failed to write core dump. Minidumps are not enabled by default on client versions of Windows
#

---------------  T H R E A D  ---------------

Current thread (0x0000000016ea0000):  JavaThread "C2 CompilerThread1" daemon [_thread_in_native, id=4128, stack(0x00000000185e0000,0x00000000186e0000)]

Stack: [0x00000000185e0000,0x00000000186e0000]
[error occurred during error reporting (printing stack bounds), id 0xc0000005]

Native frames: (J=compiled Java code, j=interpreted, Vv=VM code, C=native code)


Current CompileTask:
C2:  11579 1750       4       com.android.dx.dex.file.DexFile::findItemOrNull (66 bytes)


---------------  P R O C E S S  ---------------

Java Threads: ( => current thread )
  0x0000000018841800 JavaThread "pool-1-thread-1" [_thread_in_vm, id=7400, stack(0x000000001ba80000,0x000000001bb80000)]
  0x00000000186eb000 JavaThread "Service Thread" daemon [_thread_blocked, id=2532, stack(0x0000000018be0000,0x0000000018ce0000)]
  0x00000000186e8800 JavaThread "C1 CompilerThread2" daemon [_thread_blocked, id=8136, stack(0x0000000018ae0000,0x0000000018be0000)]
=>0x0000000016ea0000 JavaThread "C2 CompilerThread1" daemon [_thread_in_native, id=4128, stack(0x00000000185e0000,0x00000000186e0000)]
  0x0000000016e9d000 JavaThread "C2 CompilerThread0" daemon [_thread_in_vm, id=2564, stack(0x00000000184e0000,0x00000000185e0000)]
  0x0000000016e9b800 JavaThread "Attach Listener" daemon [_thread_blocked, id=2324, stack(0x00000000183e0000,0x00000000184e0000)]
  0x0000000016e9a000 JavaThread "Signal Dispatcher" daemon [_thread_blocked, id=7696, stack(0x00000000182e0000,0x00000000183e0000)]
  0x0000000016e88800 JavaThread "Finalizer" daemon [_thread_blocked, id=2336, stack(0x0000000018100000,0x0000000018200000)]
  0x0000000002270800 JavaThread "Reference Handler" daemon [_thread_blocked, id=6852, stack(0x0000000018000000,0x0000000018100000)]
  0x000000000205e800 JavaThread "main" [_thread_blocked, id=7236, stack(0x0000000002080000,0x0000000002180000)]

Other Threads:
  0x0000000016e65800 VMThread [stack: 0x0000000017f00000,0x0000000018000000] [id=7016]
  0x00000000186ed000 WatcherThread [stack: 0x0000000018ce0000,0x0000000018de0000] [id=2920]

VM state:not at safepoint (normal execution)

VM Mutex/Monitor currently owned by a thread: None

Heap:
 PSYoungGen      total 35328K, used 5397K [0x00000000d5580000, 0x00000000d9a80000, 0x0000000100000000)
  eden space 32768K, 8% used [0x00000000d5580000,0x00000000d5849588,0x00000000d7580000)
  from space 2560K, 99% used [0x00000000d7580000,0x00000000d77fc248,0x00000000d7800000)
  to   space 2560K, 0% used [0x00000000d9800000,0x00000000d9800000,0x00000000d9a80000)
 ParOldGen       total 44032K, used 7854K [0x0000000080000000, 0x0000000082b00000, 0x00000000d5580000)
  object space 44032K, 17% used [0x0000000080000000,0x00000000807abb60,0x0000000082b00000)
 Metaspace       used 6325K, capacity 7280K, committed 7552K, reserved 1056768K
  class space    used 592K, capacity 616K, committed 640K, reserved 1048576K

Card table byte_map: [0x0000000011640000,0x0000000011a50000] byte_map_base: 0x0000000011240000

Marking Bits: (ParMarkBitMap*) 0x0000000058ec9d00
 Begin Bits: [0x0000000012100000, 0x0000000014100000)
 End Bits:   [0x0000000014100000, 0x0000000016100000)

Polling page: 0x0000000001fe0000

CodeCache: size=245760Kb used=7618Kb max_used=7629Kb free=238141Kb
 bounds [0x0000000002280000, 0x0000000002a00000, 0x0000000011280000]
 total_blobs=2002 nmethods=1734 adapters=182
 compilation: enabled

Compilation events (10 events):
Event: 11.536 Thread 0x00000000186e8800 1753       3       com.android.dx.dex.code.form.Form35c::compatibleRegs (69 bytes)
Event: 11.537 Thread 0x00000000186e8800 nmethod 1753 0x00000000029f5350 code [0x00000000029f5560, 0x00000000029f60f8]
Event: 11.537 Thread 0x0000000016e9d000 1754       4       com.android.dx.dex.code.BlockAddresses::getEnd (10 bytes)
Event: 11.539 Thread 0x0000000016e9d000 nmethod 1754 0x00000000029f3b90 code [0x00000000029f3cc0, 0x00000000029f3d58]
Event: 11.540 Thread 0x00000000186e8800 1755       3       com.android.dx.dex.code.form.Form10t::branchFits (22 bytes)
Event: 11.541 Thread 0x00000000186e8800 nmethod 1755 0x00000000029f4750 code [0x00000000029f4900, 0x00000000029f5038]
Event: 11.559 Thread 0x00000000186e8800 1756       3       com.android.dx.dex.code.TargetInsn::withRegisters (21 bytes)
Event: 11.559 Thread 0x00000000186e8800 nmethod 1756 0x00000000029f3e50 code [0x00000000029f3fe0, 0x00000000029f44f8]
Event: 11.563 Thread 0x0000000016e9d000 1757       4       com.android.dx.rop.code.RegisterSpecList$Expander::expandRegister (85 bytes)
Event: 11.571 Thread 0x0000000016e9d000 nmethod 1757 0x00000000029f9d10 code [0x00000000029f9e80, 0x00000000029fa1a8]

GC Heap History (6 events):
Event: 5.568 GC heap before
{Heap before GC invocations=1 (full 0):
 PSYoungGen      total 18944K, used 16384K [0x00000000d5580000, 0x00000000d6a80000, 0x0000000100000000)
  eden space 16384K, 100% used [0x00000000d5580000,0x00000000d6580000,0x00000000d6580000)
  from space 2560K, 0% used [0x00000000d6800000,0x00000000d6800000,0x00000000d6a80000)
  to   space 2560K, 0% used [0x00000000d6580000,0x00000000d6580000,0x00000000d6800000)
 ParOldGen       total 44032K, used 0K [0x0000000080000000, 0x0000000082b00000, 0x00000000d5580000)
  object space 44032K, 0% used [0x0000000080000000,0x0000000080000000,0x0000000082b00000)
 Metaspace       used 5729K, capacity 6768K, committed 7040K, reserved 1056768K
  class space    used 571K, capacity 616K, committed 640K, reserved 1048576K
Event: 5.640 GC heap after
Heap after GC invocations=1 (full 0):
 PSYoungGen      total 18944K, used 2555K [0x00000000d5580000, 0x00000000d7a80000, 0x0000000100000000)
  eden space 16384K, 0% used [0x00000000d5580000,0x00000000d5580000,0x00000000d6580000)
  from space 2560K, 99% used [0x00000000d6580000,0x00000000d67fecd8,0x00000000d6800000)
  to   space 2560K, 0% used [0x00000000d7800000,0x00000000d7800000,0x00000000d7a80000)
 ParOldGen       total 44032K, used 2728K [0x0000000080000000, 0x0000000082b00000, 0x00000000d5580000)
  object space 44032K, 6% used [0x0000000080000000,0x00000000802aa340,0x0000000082b00000)
 Metaspace       used 5729K, capacity 6768K, committed 7040K, reserved 1056768K
  class space    used 571K, capacity 616K, committed 640K, reserved 1048576K
}
Event: 8.094 GC heap before
{Heap before GC invocations=2 (full 0):
 PSYoungGen      total 18944K, used 18939K [0x00000000d5580000, 0x00000000d7a80000, 0x0000000100000000)
  eden space 16384K, 100% used [0x00000000d5580000,0x00000000d6580000,0x00000000d6580000)
  from space 2560K, 99% used [0x00000000d6580000,0x00000000d67fecd8,0x00000000d6800000)
  to   space 2560K, 0% used [0x00000000d7800000,0x00000000d7800000,0x00000000d7a80000)
 ParOldGen       total 44032K, used 2728K [0x0000000080000000, 0x0000000082b00000, 0x00000000d5580000)
  object space 44032K, 6% used [0x0000000080000000,0x00000000802aa340,0x0000000082b00000)
 Metaspace       used 5972K, capacity 6960K, committed 7040K, reserved 1056768K
  class space    used 575K, capacity 616K, committed 640K, reserved 1048576K
Event: 8.253 GC heap after
Heap after GC invocations=2 (full 0):
 PSYoungGen      total 35328K, used 2528K [0x00000000d5580000, 0x00000000d7a80000, 0x0000000100000000)
  eden space 32768K, 0% used [0x00000000d5580000,0x00000000d5580000,0x00000000d7580000)
  from space 2560K, 98% used [0x00000000d7800000,0x00000000d7a78258,0x00000000d7a80000)
  to   space 2560K, 0% used [0x00000000d7580000,0x00000000d7580000,0x00000000d7800000)
 ParOldGen       total 44032K, used 4580K [0x0000000080000000, 0x0000000082b00000, 0x00000000d5580000)
  object space 44032K, 10% used [0x0000000080000000,0x0000000080479238,0x0000000082b00000)
 Metaspace       used 5972K, capacity 6960K, committed 7040K, reserved 1056768K
  class space    used 575K, capacity 616K, committed 640K, reserved 1048576K
}
Event: 10.676 GC heap before
{Heap before GC invocations=3 (full 0):
 PSYoungGen      total 35328K, used 35296K [0x00000000d5580000, 0x00000000d7a80000, 0x0000000100000000)
  eden space 32768K, 100% used [0x00000000d5580000,0x00000000d7580000,0x00000000d7580000)
  from space 2560K, 98% used [0x00000000d7800000,0x00000000d7a78258,0x00000000d7a80000)
  to   space 2560K, 0% used [0x00000000d7580000,0x00000000d7580000,0x00000000d7800000)
 ParOldGen       total 44032K, used 4580K [0x0000000080000000, 0x0000000082b00000, 0x00000000d5580000)
  object space 44032K, 10% used [0x0000000080000000,0x0000000080479238,0x0000000082b00000)
 Metaspace       used 6119K, capacity 7088K, committed 7296K, reserved 1056768K
  class space    used 581K, capacity 616K, committed 640K, reserved 1048576K
Event: 10.698 GC heap after
Heap after GC invocations=3 (full 0):
 PSYoungGen      total 35328K, used 2544K [0x00000000d5580000, 0x00000000d9a80000, 0x0000000100000000)
  eden space 32768K, 0% used [0x00000000d5580000,0x00000000d5580000,0x00000000d7580000)
  from space 2560K, 99% used [0x00000000d7580000,0x00000000d77fc248,0x00000000d7800000)
  to   space 2560K, 0% used [0x00000000d9800000,0x00000000d9800000,0x00000000d9a80000)
 ParOldGen       total 44032K, used 7854K [0x0000000080000000, 0x0000000082b00000, 0x00000000d5580000)
  object space 44032K, 17% used [0x0000000080000000,0x00000000807abb60,0x0000000082b00000)
 Metaspace       used 6119K, capacity 7088K, committed 7296K, reserved 1056768K
  class space    used 581K, capacity 616K, committed 640K, reserved 1048576K
}

Deoptimization events (10 events):
Event: 10.601 Thread 0x0000000018841800 Uncommon trap: reason=bimorphic action=maybe_recompile pc=0x00000000024d25e8 method=java.util.HashMap.getNode(ILjava/lang/Object;)Ljava/util/HashMap$Node; @ 126
Event: 10.601 Thread 0x0000000018841800 Uncommon trap: reason=bimorphic action=maybe_recompile pc=0x0000000002667d84 method=java.util.HashMap.getNode(ILjava/lang/Object;)Ljava/util/HashMap$Node; @ 126
Event: 10.715 Thread 0x0000000018841800 Uncommon trap: reason=class_check action=maybe_recompile pc=0x0000000002937dfc method=java.util.HashMap.putVal(ILjava/lang/Object;Ljava/lang/Object;ZZ)Ljava/lang/Object; @ 203
Event: 10.715 Thread 0x0000000018841800 Uncommon trap: reason=class_check action=maybe_recompile pc=0x0000000002937dfc method=java.util.HashMap.putVal(ILjava/lang/Object;Ljava/lang/Object;ZZ)Ljava/lang/Object; @ 203
Event: 10.715 Thread 0x0000000018841800 Uncommon trap: reason=class_check action=maybe_recompile pc=0x0000000002937dfc method=java.util.HashMap.putVal(ILjava/lang/Object;Ljava/lang/Object;ZZ)Ljava/lang/Object; @ 203
Event: 10.715 Thread 0x0000000018841800 Uncommon trap: reason=class_check action=maybe_recompile pc=0x0000000002937dfc method=java.util.HashMap.putVal(ILjava/lang/Object;Ljava/lang/Object;ZZ)Ljava/lang/Object; @ 203
Event: 11.215 Thread 0x0000000018841800 Uncommon trap: reason=speculate_class_check action=maybe_recompile pc=0x000000000267ede8 method=com.android.dx.util.FixedSizeList.equals(Ljava/lang/Object;)Z @ 25
Event: 11.215 Thread 0x0000000018841800 Uncommon trap: reason=speculate_class_check action=maybe_recompile pc=0x000000000267ede8 method=com.android.dx.util.FixedSizeList.equals(Ljava/lang/Object;)Z @ 25
Event: 11.216 Thread 0x0000000018841800 Uncommon trap: reason=speculate_class_check action=maybe_recompile pc=0x000000000267ede8 method=com.android.dx.util.FixedSizeList.equals(Ljava/lang/Object;)Z @ 25
Event: 11.216 Thread 0x0000000018841800 Uncommon trap: reason=speculate_class_check action=maybe_recompile pc=0x000000000267ede8 method=com.android.dx.util.FixedSizeList.equals(Ljava/lang/Object;)Z @ 25

Internal exceptions (4 events):
Event: 0.263 Thread 0x000000000205e800 Exception <a 'java/lang/NoSuchMethodError': Method sun.misc.Unsafe.defineClass(Ljava/lang/String;[BII)Ljava/lang/Class; name or signature does not match> (0x00000000d5587cc0) thrown at [C:\src\android\AOSP-openjdk\external\jetbrains\jdk\hotspot\src\share\vgêKnê×Ð?
Event: 0.263 Thread 0x000000000205e800 Exception <a 'java/lang/NoSuchMethodError': Method sun.misc.Unsafe.prefetchRead(Ljava/lang/Object;J)V name or signature does not match> (0x00000000d5587fa8) thrown at [C:\src\android\AOSP-openjdk\external\jetbrains\jdk\hotspot\src\share\vm\prims\jni.cpp, lµü²ª† @
Event: 8.263 Thread 0x000000000205e800 Implicit null exception at 0x0000000002793bb1 to 0x0000000002794f7d
Event: 8.263 Thread 0x000000000205e800 Implicit null exception at 0x000000000277fa4e to 0x0000000002780b79

Events (10 events):
Event: 11.216 Thread 0x0000000018841800 Uncommon trap: trap_request=0xffffff76 fr.pc=0x000000000267ede8
Event: 11.216 Thread 0x0000000018841800 DEOPT PACKING pc=0x000000000267ede8 sp=0x000000001bb7ede0
Event: 11.216 Thread 0x0000000018841800 DEOPT UNPACKING pc=0x00000000022c556a sp=0x000000001bb7eda0 mode 2
Event: 11.216 Thread 0x0000000018841800 Uncommon trap: trap_request=0xffffff76 fr.pc=0x000000000267ede8
Event: 11.216 Thread 0x0000000018841800 DEOPT PACKING pc=0x000000000267ede8 sp=0x000000001bb7ede0
Event: 11.216 Thread 0x0000000018841800 DEOPT UNPACKING pc=0x00000000022c556a sp=0x000000001bb7eda0 mode 2
Event: 11.216 loading class com/android/dx/dex/code/CatchTable$Entry
Event: 11.216 loading class com/android/dx/dex/code/CatchTable$Entry done
Event: 11.217 loading class com/android/dx/util/ByteArrayAnnotatedOutput
Event: 11.217 loading class com/android/dx/util/ByteArrayAnnotatedOutput done


Dynamic libraries:
0x00007ff6a5db0000 - 0x00007ff6a5de1000 	C:\android-studio\jre\bin\java.exe
0x00007ff9c82d0000 - 0x00007ff9c8491000 	C:\Windows\SYSTEM32\ntdll.dll
0x00007ff9c7e70000 - 0x00007ff9c7f1d000 	C:\Windows\system32\KERNEL32.DLL
0x00007ff9c4980000 - 0x00007ff9c4b68000 	C:\Windows\system32\KERNELBASE.dll
0x00007ff9c8220000 - 0x00007ff9c82c7000 	C:\Windows\system32\ADVAPI32.dll
0x00007ff9c80d0000 - 0x00007ff9c816d000 	C:\Windows\system32\msvcrt.dll
0x00007ff9c7350000 - 0x00007ff9c73ab000 	C:\Windows\system32\sechost.dll
0x00007ff9c7c20000 - 0x00007ff9c7d3c000 	C:\Windows\system32\RPCRT4.dll
0x00007ff9c56d0000 - 0x00007ff9c5826000 	C:\Windows\system32\USER32.dll
0x00007ff9c5830000 - 0x00007ff9c59b6000 	C:\Windows\system32\GDI32.dll
0x00007ff9bbac0000 - 0x00007ff9bbd34000 	C:\Windows\WinSxS\amd64_microsoft.windows.common-controls_6595b64144ccf1df_6.0.10586.672_none_a2d6b3cea53ff843\COMCTL32.dll
0x00007ff9c7780000 - 0x00007ff9c79fd000 	C:\Windows\system32\combase.dll
0x00007ff9c4d90000 - 0x00007ff9c4dfa000 	C:\Windows\system32\bcryptPrimitives.dll
0x00007ff9c7a00000 - 0x00007ff9c7a3b000 	C:\Windows\system32\IMM32.DLL
0x0000000058630000 - 0x0000000058702000 	C:\android-studio\jre\jre\bin\msvcr100.dll
0x0000000058710000 - 0x0000000058f44000 	C:\android-studio\jre\jre\bin\server\jvm.dll
0x00007ff9c7c10000 - 0x00007ff9c7c18000 	C:\Windows\system32\PSAPI.DLL
0x00007ff9b9fd0000 - 0x00007ff9b9fd9000 	C:\Windows\SYSTEM32\WSOCK32.dll
0x00007ff9c7a40000 - 0x00007ff9c7aab000 	C:\Windows\system32\WS2_32.dll
0x00007ff9c2a10000 - 0x00007ff9c2a33000 	C:\Windows\SYSTEM32\WINMM.dll
0x00007ff9c1750000 - 0x00007ff9c175a000 	C:\Windows\SYSTEM32\VERSION.dll
0x00007ff9c2660000 - 0x00007ff9c268c000 	C:\Windows\SYSTEM32\WINMMBASE.dll
0x00007ff9c4d40000 - 0x00007ff9c4d83000 	C:\Windows\system32\cfgmgr32.dll
0x00007ff9c2500000 - 0x00007ff9c250f000 	C:\android-studio\jre\jre\bin\verify.dll
0x00007ff9c2480000 - 0x00007ff9c24a9000 	C:\android-studio\jre\jre\bin\java.dll
0x00007ff9c2460000 - 0x00007ff9c2476000 	C:\android-studio\jre\jre\bin\zip.dll
0x00007ff9c59c0000 - 0x00007ff9c6f1c000 	C:\Windows\system32\SHELL32.dll
0x00007ff9c4fd0000 - 0x00007ff9c5615000 	C:\Windows\system32\windows.storage.dll
0x00007ff9c7d40000 - 0x00007ff9c7d92000 	C:\Windows\system32\shlwapi.dll
0x00007ff9c48f0000 - 0x00007ff9c48ff000 	C:\Windows\system32\kernel.appcore.dll
0x00007ff9c4e00000 - 0x00007ff9c4eb5000 	C:\Windows\system32\shcore.dll
0x00007ff9c4910000 - 0x00007ff9c495b000 	C:\Windows\system32\powrprof.dll
0x00007ff9c4960000 - 0x00007ff9c4974000 	C:\Windows\system32\profapi.dll

VM Arguments:
jvm_args: -Djava.awt.headless=true -Xmx2g -Dfile.encoding=windows-1252 -Duser.country=US -Duser.language=en -Duser.variant 
java_command: com.android.dx.command.Main --dex --force-jumbo --num-threads=4 --multi-dex --output C:\Users\BEN\OneDrive\AndroidStudioProjects\SupermarketPrices\app\build\intermediates\transforms\dex\debug\folders\1000\10\com.rengwuxian.materialedittext-library-2.1.4_183da0177d28d48c03bcea98b343a614112a265b C:\Users\BEN\OneDrive\AndroidStudioProjects\SupermarketPrices\app\build\intermediates\exploded-aar\com.rengwuxian.materialedittext\library\2.1.4\jars\classes.jar
java_class_path (initial): D:\softwares\Android\sdk1\build-tools\25.0.0\lib\dx.jar
Launcher Type: SUN_STANDARD

Environment Variables:
PATH=C:\Program Files (x86)\PC Connectivity Solution\;C:\Python27\;C:\Python27\Scripts;C:\app\client\BEN\product\12.1.0\client_3;C:\app\client\BEN\product\12.1.0\client_3\bin;C:\app\client\BEN\product\12.1.0\client_2;C:\app\client\BEN\product\12.1.0\client_2\bin;C:\oracle\ora92\bin;C:\Program Files (x86)\Oracle\jre\1.3.1\bin;C:\Program Files (x86)\Oracle\jre\1.1.8\bin;C:\ProgramData\Oracle\Java\javapath;C:\Windows\system32;C:\Windows;C:\Windows\System32\Wbem;C:\Windows\System32\WindowsPowerShell\v1.0\;C:\Program Files (x86)\Windows Kits\8.1\Windows Performance Toolkit\;C:\Program Files\Microsoft SQL Server\120\Tools\Binn\;C:\Program Files\Microsoft SQL Server\Client SDK\ODBC\110\Tools\Binn\;C:\Program Files (x86)\Microsoft SQL Server\120\Tools\Binn\;C:\Program Files\Microsoft SQL Server\120\DTS\Binn\;C:\Program Files (x86)\Microsoft SQL Server\110\Tools\Binn\ManagementStudio\;C:\Program Files (x86)\Microsoft SQL Server\110\Tools\Binn\;C:\Program Files (x86)\Microsoft SQL Server\110\DTS\Binn\;C:\wamp64\bin\php\php7.0.4\ext;C:\oracle\instantclient\;C:\Program Files\Git\cmd;C:\Program Files\Git\mingw64\bin;C:\Program Files\Git\usr\bin;C:\Program Files\Microsoft SQL Server\130\Tools\Binn\;C:\OpenSSL-Win32\bin;C:\Program Files\WIDCOMM\Bluetooth Software\;C:\Program Files\WIDCOMM\Bluetooth Software\syswow64;D:\softwares\Android\sdk1\platform-tools;C:\Program Files\dotnet\;C:\Program Files\Microsoft DNX\Dnvm\;C:\wamp64\bin\php\php7.0.4;C:\ProgramData\ComposerSetup\bin;C:\Program Files\Docker\Docker;C:\Program Files\Docker\Docker\resources\bin;C:\Program Files\Docker\Docker\resources;C:\Program Files\nodejs\;C:\Program Files\AMI\DuOS\;C:\Program Files (x86)\Microsoft VS Code\bin;C:\Users\BEN\AppData\Roaming\Composer\vendor\bin;C:\Users\BEN\AppData\Roaming\npm;C:\Program Files\AMI\DuOS\
USERNAME=BEN
OS=Windows_NT
PROCESSOR_IDENTIFIER=Intel64 Family 6 Model 58 Stepping 9, GenuineIntel



---------------  S Y S T E M  ---------------

OS: Windows 10.0 , 64 bit Build 10586 (10.0.10586.589)

CPU:total 4 (2 cores per cpu, 2 threads per core) family 6 model 58 stepping 9, cmov, cx8, fxsr, mmx, sse, sse2, sse3, ssse3, sse4.1, sse4.2, popcnt, avx, clmul, erms, ht, tsc, tscinvbit, tscinv

Memory: 4k page, physical 4078952k(247256k free), swap 6413772k(4196k free)

vm_info: OpenJDK 64-Bit Server VM (25.76-b03) for windows-amd64 JRE (1.8.0_76-release-b03), built on Jun 29 2016 19:09:20 by "ralucas" with MS VC++ 10.0 (VS2010)

time: Fri Dec 23 17:27:19 2016
elapsed time: 11 seconds (0d 0h 0m 11s)

