#
# There is insufficient memory for the Java Runtime Environment to continue.
# Native memory allocation (malloc) failed to allocate 1128176 bytes for Chunk::new
# Possible reasons:
#   The system is out of physical RAM or swap space
#   In 32 bit mode, the process size limit was hit
# Possible solutions:
#   Reduce memory load on the system
#   Increase physical memory or swap space
#   Check if swap backing store is full
#   Use 64 bit Java on a 64 bit OS
#   Decrease Java heap size (-Xmx/-Xms)
#   Decrease number of Java threads
#   Decrease Java thread stack sizes (-Xss)
#   Set larger code cache with -XX:ReservedCodeCacheSize=
# This output file may be truncated or incomplete.
#
#  Out of Memory Error (allocation.cpp:390), pid=9600, tid=0x0000000000002510
#
# JRE version: OpenJDK Runtime Environment (8.0_76-b03) (build 1.8.0_76-release-b03)
# Java VM: OpenJDK 64-Bit Server VM (25.76-b03 mixed mode windows-amd64 compressed oops)
# Failed to write core dump. Minidumps are not enabled by default on client versions of Windows
#

---------------  T H R E A D  ---------------

Current thread (0x0000000017910800):  JavaThread "C2 CompilerThread1" daemon [_thread_in_native, id=9488, stack(0x0000000019040000,0x0000000019140000)]

Stack: [0x0000000019040000,0x0000000019140000]
[error occurred during error reporting (printing stack bounds), id 0xc0000005]

Native frames: (J=compiled Java code, j=interpreted, Vv=VM code, C=native code)


Current CompileTask:
C2:  22655 1858   !   4       com.android.dx.cf.code.BytecodeArray::parseInstruction (2764 bytes)


---------------  P R O C E S S  ---------------

Java Threads: ( => current thread )
  0x00000000194fb800 JavaThread "pool-2-thread-4" [_thread_blocked, id=9408, stack(0x0000000019c40000,0x0000000019d40000)]
  0x00000000194fa800 JavaThread "pool-2-thread-3" [_thread_blocked, id=4480, stack(0x0000000019b40000,0x0000000019c40000)]
  0x0000000019397000 JavaThread "pool-2-thread-2" [_thread_blocked, id=9832, stack(0x0000000019a40000,0x0000000019b40000)]
  0x0000000019394000 JavaThread "pool-3-thread-1" [_thread_blocked, id=3020, stack(0x0000000019940000,0x0000000019a40000)]
  0x000000001938a000 JavaThread "pool-2-thread-1" [_thread_blocked, id=9248, stack(0x0000000019840000,0x0000000019940000)]
  0x000000001796c000 JavaThread "Service Thread" daemon [_thread_blocked, id=10152, stack(0x0000000019640000,0x0000000019740000)]
  0x0000000017913800 JavaThread "C1 CompilerThread2" daemon [_thread_blocked, id=3096, stack(0x0000000019140000,0x0000000019240000)]
=>0x0000000017910800 JavaThread "C2 CompilerThread1" daemon [_thread_in_native, id=9488, stack(0x0000000019040000,0x0000000019140000)]
  0x000000001790d800 JavaThread "C2 CompilerThread0" daemon [_thread_blocked, id=1216, stack(0x0000000018f40000,0x0000000019040000)]
  0x000000001790c800 JavaThread "Attach Listener" daemon [_thread_blocked, id=9236, stack(0x0000000018e40000,0x0000000018f40000)]
  0x000000001790b000 JavaThread "Signal Dispatcher" daemon [_thread_blocked, id=9432, stack(0x0000000018d40000,0x0000000018e40000)]
  0x00000000178f8800 JavaThread "Finalizer" daemon [_thread_blocked, id=1820, stack(0x0000000018b60000,0x0000000018c60000)]
  0x0000000002ce2000 JavaThread "Reference Handler" daemon [_thread_blocked, id=9892, stack(0x0000000018a60000,0x0000000018b60000)]
  0x0000000002bed800 JavaThread "main" [_thread_in_native, id=5324, stack(0x0000000002a50000,0x0000000002b50000)]

Other Threads:
  0x00000000178d4000 VMThread [stack: 0x0000000018960000,0x0000000018a60000] [id=10068]
  0x000000001796e000 WatcherThread [stack: 0x0000000019740000,0x0000000019840000] [id=7712]

VM state:not at safepoint (normal execution)

VM Mutex/Monitor currently owned by a thread: None

Heap:
 PSYoungGen      total 20480K, used 8045K [0x00000000d5580000, 0x00000000da480000, 0x0000000100000000)
  eden space 17920K, 44% used [0x00000000d5580000,0x00000000d5d5b440,0x00000000d6700000)
  from space 2560K, 0% used [0x00000000d7800000,0x00000000d7800000,0x00000000d7a80000)
  to   space 17408K, 0% used [0x00000000d6700000,0x00000000d6700000,0x00000000d7800000)
 ParOldGen       total 73728K, used 22750K [0x0000000080000000, 0x0000000084800000, 0x00000000d5580000)
  object space 73728K, 30% used [0x0000000080000000,0x0000000081637818,0x0000000084800000)
 Metaspace       used 5954K, capacity 7088K, committed 7296K, reserved 1056768K
  class space    used 564K, capacity 616K, committed 640K, reserved 1048576K

Card table byte_map: [0x00000000120b0000,0x00000000124c0000] byte_map_base: 0x0000000011cb0000

Marking Bits: (ParMarkBitMap*) 0x0000000070a49d00
 Begin Bits: [0x0000000012b70000, 0x0000000014b70000)
 End Bits:   [0x0000000014b70000, 0x0000000016b70000)

Polling page: 0x00000000029d0000

CodeCache: size=245760Kb used=8412Kb max_used=8538Kb free=237347Kb
 bounds [0x0000000002cf0000, 0x0000000003560000, 0x0000000011cf0000]
 total_blobs=1954 nmethods=1690 adapters=178
 compilation: enabled

Compilation events (10 events):
Event: 20.874 Thread 0x0000000017913800 1857       3       com.android.dx.cf.code.BytecodeArray$ConstantParserVisitor::visitConstant (18 bytes)
Event: 20.874 Thread 0x0000000017910800 1858   !   4       com.android.dx.cf.code.BytecodeArray::parseInstruction (2764 bytes)
Event: 20.874 Thread 0x0000000017913800 nmethod 1857 0x0000000003517f50 code [0x00000000035180a0, 0x0000000003518210]
Event: 20.876 Thread 0x000000001790d800 1859       4       com.android.dx.cf.code.ByteCatchList::listFor (120 bytes)
Event: 20.909 Thread 0x000000001790d800 nmethod 1859 0x000000000352d850 code [0x000000000352d9e0, 0x000000000352deb0]
Event: 20.910 Thread 0x000000001790d800 1864   !   4       com.android.dx.cf.code.Ropper::processBlock (1101 bytes)
Event: 20.928 Thread 0x0000000017913800 1868       3       com.android.dx.dex.code.VariableSizeInsn::<init> (10 bytes)
Event: 20.929 Thread 0x0000000017913800 nmethod 1868 0x0000000002def3d0 code [0x0000000002def540, 0x0000000002def6e8]
Event: 20.930 Thread 0x0000000017913800 1869       3       com.android.dx.rop.code.FillArrayDataInsn::accept (8 bytes)
Event: 20.931 Thread 0x0000000017913800 nmethod 1869 0x0000000003517ad0 code [0x0000000003517c40, 0x0000000003517e68]

GC Heap History (10 events):
Event: 4.387 GC heap before
{Heap before GC invocations=6 (full 1):
 PSYoungGen      total 35328K, used 2549K [0x00000000d5580000, 0x00000000d7a80000, 0x0000000100000000)
  eden space 32768K, 0% used [0x00000000d5580000,0x00000000d5580000,0x00000000d7580000)
  from space 2560K, 99% used [0x00000000d7580000,0x00000000d77fd540,0x00000000d7800000)
  to   space 2560K, 0% used [0x00000000d7800000,0x00000000d7800000,0x00000000d7a80000)
 ParOldGen       total 44032K, used 32605K [0x0000000080000000, 0x0000000082b00000, 0x00000000d5580000)
  object space 44032K, 74% used [0x0000000080000000,0x0000000081fd7748,0x0000000082b00000)
 Metaspace       used 5859K, capacity 7024K, committed 7296K, reserved 1056768K
  class space    used 561K, capacity 616K, committed 640K, reserved 1048576K
Event: 4.723 GC heap after
Heap after GC invocations=6 (full 1):
 PSYoungGen      total 35328K, used 0K [0x00000000d5580000, 0x00000000d7a80000, 0x0000000100000000)
  eden space 32768K, 0% used [0x00000000d5580000,0x00000000d5580000,0x00000000d7580000)
  from space 2560K, 0% used [0x00000000d7580000,0x00000000d7580000,0x00000000d7800000)
  to   space 2560K, 0% used [0x00000000d7800000,0x00000000d7800000,0x00000000d7a80000)
 ParOldGen       total 60416K, used 22739K [0x0000000080000000, 0x0000000083b00000, 0x00000000d5580000)
  object space 60416K, 37% used [0x0000000080000000,0x0000000081634eb0,0x0000000083b00000)
 Metaspace       used 5859K, capacity 7024K, committed 7296K, reserved 1056768K
  class space    used 561K, capacity 616K, committed 640K, reserved 1048576K
}
Event: 5.163 GC heap before
{Heap before GC invocations=7 (full 1):
 PSYoungGen      total 35328K, used 32768K [0x00000000d5580000, 0x00000000d7a80000, 0x0000000100000000)
  eden space 32768K, 100% used [0x00000000d5580000,0x00000000d7580000,0x00000000d7580000)
  from space 2560K, 0% used [0x00000000d7580000,0x00000000d7580000,0x00000000d7800000)
  to   space 2560K, 0% used [0x00000000d7800000,0x00000000d7800000,0x00000000d7a80000)
 ParOldGen       total 60416K, used 22739K [0x0000000080000000, 0x0000000083b00000, 0x00000000d5580000)
  object space 60416K, 37% used [0x0000000080000000,0x0000000081634eb0,0x0000000083b00000)
 Metaspace       used 5880K, capacity 7024K, committed 7296K, reserved 1056768K
  class space    used 563K, capacity 616K, committed 640K, reserved 1048576K
Event: 5.198 GC heap after
Heap after GC invocations=7 (full 1):
 PSYoungGen      total 35328K, used 2552K [0x00000000d5580000, 0x00000000d7a80000, 0x0000000100000000)
  eden space 32768K, 0% used [0x00000000d5580000,0x00000000d5580000,0x00000000d7580000)
  from space 2560K, 99% used [0x00000000d7800000,0x00000000d7a7e258,0x00000000d7a80000)
  to   space 2560K, 0% used [0x00000000d7580000,0x00000000d7580000,0x00000000d7800000)
 ParOldGen       total 60416K, used 33008K [0x0000000080000000, 0x0000000083b00000, 0x00000000d5580000)
  object space 60416K, 54% used [0x0000000080000000,0x000000008203c1b8,0x0000000083b00000)
 Metaspace       used 5880K, capacity 7024K, committed 7296K, reserved 1056768K
  class space    used 563K, capacity 616K, committed 640K, reserved 1048576K
}
Event: 6.806 GC heap before
{Heap before GC invocations=8 (full 1):
 PSYoungGen      total 35328K, used 35320K [0x00000000d5580000, 0x00000000d7a80000, 0x0000000100000000)
  eden space 32768K, 100% used [0x00000000d5580000,0x00000000d7580000,0x00000000d7580000)
  from space 2560K, 99% used [0x00000000d7800000,0x00000000d7a7e258,0x00000000d7a80000)
  to   space 2560K, 0% used [0x00000000d7580000,0x00000000d7580000,0x00000000d7800000)
 ParOldGen       total 60416K, used 33008K [0x0000000080000000, 0x0000000083b00000, 0x00000000d5580000)
  object space 60416K, 54% used [0x0000000080000000,0x000000008203c1b8,0x0000000083b00000)
 Metaspace       used 5895K, capacity 7024K, committed 7296K, reserved 1056768K
  class space    used 563K, capacity 616K, committed 640K, reserved 1048576K
Event: 6.829 GC heap after
Heap after GC invocations=8 (full 1):
 PSYoungGen      total 35328K, used 2532K [0x00000000d5580000, 0x00000000d7a80000, 0x0000000100000000)
  eden space 32768K, 0% used [0x00000000d5580000,0x00000000d5580000,0x00000000d7580000)
  from space 2560K, 98% used [0x00000000d7580000,0x00000000d77f9070,0x00000000d7800000)
  to   space 2560K, 0% used [0x00000000d7800000,0x00000000d7800000,0x00000000d7a80000)
 ParOldGen       total 60416K, used 44052K [0x0000000080000000, 0x0000000083b00000, 0x00000000d5580000)
  object space 60416K, 72% used [0x0000000080000000,0x0000000082b05238,0x0000000083b00000)
 Metaspace       used 5895K, capacity 7024K, committed 7296K, reserved 1056768K
  class space    used 563K, capacity 616K, committed 640K, reserved 1048576K
}
Event: 16.125 GC heap before
{Heap before GC invocations=9 (full 1):
 PSYoungGen      total 35328K, used 35300K [0x00000000d5580000, 0x00000000d7a80000, 0x0000000100000000)
  eden space 32768K, 100% used [0x00000000d5580000,0x00000000d7580000,0x00000000d7580000)
  from space 2560K, 98% used [0x00000000d7580000,0x00000000d77f9070,0x00000000d7800000)
  to   space 2560K, 0% used [0x00000000d7800000,0x00000000d7800000,0x00000000d7a80000)
 ParOldGen       total 60416K, used 44052K [0x0000000080000000, 0x0000000083b00000, 0x00000000d5580000)
  object space 60416K, 72% used [0x0000000080000000,0x0000000082b05238,0x0000000083b00000)
 Metaspace       used 5940K, capacity 7088K, committed 7296K, reserved 1056768K
  class space    used 563K, capacity 616K, committed 640K, reserved 1048576K
Event: 16.166 GC heap after
Heap after GC invocations=9 (full 1):
 PSYoungGen      total 20480K, used 2544K [0x00000000d5580000, 0x00000000da480000, 0x0000000100000000)
  eden space 17920K, 0% used [0x00000000d5580000,0x00000000d5580000,0x00000000d6700000)
  from space 2560K, 99% used [0x00000000d7800000,0x00000000d7a7c000,0x00000000d7a80000)
  to   space 17408K, 0% used [0x00000000d6700000,0x00000000d6700000,0x00000000d7800000)
 ParOldGen       total 60416K, used 51427K [0x0000000080000000, 0x0000000083b00000, 0x00000000d5580000)
  object space 60416K, 85% used [0x0000000080000000,0x0000000083238eb8,0x0000000083b00000)
 Metaspace       used 5940K, capacity 7088K, committed 7296K, reserved 1056768K
  class space    used 563K, capacity 616K, committed 640K, reserved 1048576K
}
Event: 16.166 GC heap before
{Heap before GC invocations=10 (full 2):
 PSYoungGen      total 20480K, used 2544K [0x00000000d5580000, 0x00000000da480000, 0x0000000100000000)
  eden space 17920K, 0% used [0x00000000d5580000,0x00000000d5580000,0x00000000d6700000)
  from space 2560K, 99% used [0x00000000d7800000,0x00000000d7a7c000,0x00000000d7a80000)
  to   space 17408K, 0% used [0x00000000d6700000,0x00000000d6700000,0x00000000d7800000)
 ParOldGen       total 60416K, used 51427K [0x0000000080000000, 0x0000000083b00000, 0x00000000d5580000)
  object space 60416K, 85% used [0x0000000080000000,0x0000000083238eb8,0x0000000083b00000)
 Metaspace       used 5940K, capacity 7088K, committed 7296K, reserved 1056768K
  class space    used 563K, capacity 616K, committed 640K, reserved 1048576K
Event: 16.405 GC heap after
Heap after GC invocations=10 (full 2):
 PSYoungGen      total 20480K, used 0K [0x00000000d5580000, 0x00000000da480000, 0x0000000100000000)
  eden space 17920K, 0% used [0x00000000d5580000,0x00000000d5580000,0x00000000d6700000)
  from space 2560K, 0% used [0x00000000d7800000,0x00000000d7800000,0x00000000d7a80000)
  to   space 17408K, 0% used [0x00000000d6700000,0x00000000d6700000,0x00000000d7800000)
 ParOldGen       total 73728K, used 22750K [0x0000000080000000, 0x0000000084800000, 0x00000000d5580000)
  object space 73728K, 30% used [0x0000000080000000,0x0000000081637818,0x0000000084800000)
 Metaspace       used 5940K, capacity 7088K, committed 7296K, reserved 1056768K
  class space    used 563K, capacity 616K, committed 640K, reserved 1048576K
}

Deoptimization events (10 events):
Event: 4.760 Thread 0x000000001938a000 Uncommon trap: reason=unstable_if action=reinterpret pc=0x00000000031c06d8 method=com.android.dx.cf.code.Ropper.isSynchronized()Z @ 12
Event: 5.014 Thread 0x0000000019397000 Uncommon trap: reason=uninitialized action=reinterpret pc=0x00000000031f5860 method=com.android.dx.cf.code.BytecodeArray.parseInstruction(ILcom/android/dx/cf/code/BytecodeArray$Visitor;)I @ 1031
Event: 5.016 Thread 0x0000000019397000 Uncommon trap: reason=null_check action=make_not_entrant pc=0x00000000030efb20 method=com.android.dx.rop.type.Type.equals(Ljava/lang/Object;)Z @ 8
Event: 5.019 Thread 0x0000000019397000 Uncommon trap: reason=unstable_if action=reinterpret pc=0x000000000324af58 method=com.android.dx.rop.code.Insn.equalsHandleNulls(Ljava/lang/Object;Ljava/lang/Object;)Z @ 14
Event: 6.107 Thread 0x00000000194fb800 Uncommon trap: reason=class_check action=maybe_recompile pc=0x0000000003313650 method=com.android.dx.rop.code.DexTranslationAdvice.hasConstantOperation(Lcom/android/dx/rop/code/Rop;Lcom/android/dx/rop/code/RegisterSpec;Lcom/android/dx/rop/code/RegisterSpec˜›&Wñä@
Event: 6.635 Thread 0x0000000019397000 Uncommon trap: reason=unstable_if action=reinterpret pc=0x00000000032bedc0 method=com.android.dx.ssa.SCCP.simulateBranch(Lcom/android/dx/ssa/SsaInsn;)V @ 64
Event: 20.878 Thread 0x000000001938a000 Uncommon trap: reason=class_check action=maybe_recompile pc=0x00000000033b8fb8 method=com.android.dx.cf.code.Ropper.processBlock(Lcom/android/dx/cf/code/ByteBlock;Lcom/android/dx/cf/code/Frame;[I)V @ 777
Event: 20.881 Thread 0x000000001938a000 Uncommon trap: reason=class_check action=maybe_recompile pc=0x00000000033b8fb8 method=com.android.dx.cf.code.Ropper.processBlock(Lcom/android/dx/cf/code/ByteBlock;Lcom/android/dx/cf/code/Frame;[I)V @ 777
Event: 20.882 Thread 0x000000001938a000 Uncommon trap: reason=class_check action=maybe_recompile pc=0x00000000033b8fb8 method=com.android.dx.cf.code.Ropper.processBlock(Lcom/android/dx/cf/code/ByteBlock;Lcom/android/dx/cf/code/Frame;[I)V @ 777
Event: 20.882 Thread 0x000000001938a000 Uncommon trap: reason=class_check action=maybe_recompile pc=0x00000000033b8fb8 method=com.android.dx.cf.code.Ropper.processBlock(Lcom/android/dx/cf/code/ByteBlock;Lcom/android/dx/cf/code/Frame;[I)V @ 777

Internal exceptions (3 events):
Event: 0.384 Thread 0x0000000002bed800 Exception <a 'java/lang/NoSuchMethodError': Method sun.misc.Unsafe.defineClass(Ljava/lang/String;[BII)Ljava/lang/Class; name or signature does not match> (0x00000000d5587cc0) thrown at [C:\src\android\AOSP-openjdk\external\jetbrains\jdk\hotspot\src\share\vß¨[~±íÿ?
Event: 0.384 Thread 0x0000000002bed800 Exception <a 'java/lang/NoSuchMethodError': Method sun.misc.Unsafe.prefetchRead(Ljava/lang/Object;J)V name or signature does not match> (0x00000000d5587fa8) thrown at [C:\src\android\AOSP-openjdk\external\jetbrains\jdk\hotspot\src\share\vm\prims\jni.cpp, l.ıêB@
Event: 5.016 Thread 0x0000000019397000 Implicit null exception at 0x00000000030efa22 to 0x00000000030efb12

Events (10 events):
Event: 20.882 Thread 0x000000001938a000 Uncommon trap: trap_request=0xffffffde fr.pc=0x00000000033b8fb8
Event: 20.882 Thread 0x000000001938a000 DEOPT PACKING pc=0x00000000033b8fb8 sp=0x000000001993e970
Event: 20.882 Thread 0x000000001938a000 DEOPT UNPACKING pc=0x0000000002d3556a sp=0x000000001993e938 mode 2
Event: 20.882 Thread 0x000000001938a000 Uncommon trap: trap_request=0xffffffde fr.pc=0x00000000033b8fb8
Event: 20.882 Thread 0x000000001938a000 DEOPT PACKING pc=0x00000000033b8fb8 sp=0x000000001993e970
Event: 20.882 Thread 0x000000001938a000 DEOPT UNPACKING pc=0x0000000002d3556a sp=0x000000001993e938 mode 2
Event: 20.909 loading class com/android/dx/rop/code/RegisterSpec$1
Event: 20.909 loading class com/android/dx/rop/code/RegisterSpec$1 done
Event: 20.909 Thread 0x000000001790d800 flushing nmethod 0x0000000002def3d0
Event: 20.909 Thread 0x000000001790d800 flushing nmethod 0x0000000002defd90


Dynamic libraries:
0x00007ff671670000 - 0x00007ff6716a1000 	C:\android-studio\jre\bin\java.exe
0x00007ffb28ef0000 - 0x00007ffb290b1000 	C:\Windows\SYSTEM32\ntdll.dll
0x00007ffb28e40000 - 0x00007ffb28eed000 	C:\Windows\system32\KERNEL32.DLL
0x00007ffb25ee0000 - 0x00007ffb260c8000 	C:\Windows\system32\KERNELBASE.dll
0x00007ffb268b0000 - 0x00007ffb26957000 	C:\Windows\system32\ADVAPI32.dll
0x00007ffb286f0000 - 0x00007ffb2878d000 	C:\Windows\system32\msvcrt.dll
0x00007ffb28c30000 - 0x00007ffb28c8b000 	C:\Windows\system32\sechost.dll
0x00007ffb283d0000 - 0x00007ffb284ec000 	C:\Windows\system32\RPCRT4.dll
0x00007ffb26a30000 - 0x00007ffb26b86000 	C:\Windows\system32\USER32.dll
0x00007ffb266c0000 - 0x00007ffb26846000 	C:\Windows\system32\GDI32.dll
0x00007ffb1c5c0000 - 0x00007ffb1c834000 	C:\Windows\WinSxS\amd64_microsoft.windows.common-controls_6595b64144ccf1df_6.0.10586.672_none_a2d6b3cea53ff843\COMCTL32.dll
0x00007ffb263c0000 - 0x00007ffb2663d000 	C:\Windows\system32\combase.dll
0x00007ffb25820000 - 0x00007ffb2588a000 	C:\Windows\system32\bcryptPrimitives.dll
0x00007ffb286a0000 - 0x00007ffb286db000 	C:\Windows\system32\IMM32.DLL
0x000000006e5f0000 - 0x000000006e6c2000 	C:\android-studio\jre\jre\bin\msvcr100.dll
0x0000000070290000 - 0x0000000070ac4000 	C:\android-studio\jre\jre\bin\server\jvm.dll
0x00007ffb26cf0000 - 0x00007ffb26cf8000 	C:\Windows\system32\PSAPI.DLL
0x00007ffb174b0000 - 0x00007ffb174b9000 	C:\Windows\SYSTEM32\WSOCK32.dll
0x00007ffb23310000 - 0x00007ffb23333000 	C:\Windows\SYSTEM32\WINMM.dll
0x00007ffb23aa0000 - 0x00007ffb23aaa000 	C:\Windows\SYSTEM32\VERSION.dll
0x0000000000e60000 - 0x0000000000e8c000 	C:\Windows\SYSTEM32\WINMMBASE.dll
0x00007ffb26150000 - 0x00007ffb26193000 	C:\Windows\system32\cfgmgr32.dll
0x00007ffb28790000 - 0x00007ffb287fb000 	C:\Windows\system32\WS2_32.dll
0x00007ffb17770000 - 0x00007ffb1777f000 	C:\android-studio\jre\jre\bin\verify.dll
0x00007ffb05210000 - 0x00007ffb05239000 	C:\android-studio\jre\jre\bin\java.dll
0x00007ffb03690000 - 0x00007ffb036a6000 	C:\android-studio\jre\jre\bin\zip.dll
0x00007ffb26e70000 - 0x00007ffb283cc000 	C:\Windows\system32\SHELL32.dll
0x00007ffb25890000 - 0x00007ffb25ed5000 	C:\Windows\system32\windows.storage.dll
0x00007ffb284f0000 - 0x00007ffb28542000 	C:\Windows\system32\shlwapi.dll
0x00007ffb25590000 - 0x00007ffb2559f000 	C:\Windows\system32\kernel.appcore.dll
0x00007ffb261a0000 - 0x00007ffb26255000 	C:\Windows\system32\shcore.dll
0x00007ffb25510000 - 0x00007ffb2555b000 	C:\Windows\system32\powrprof.dll
0x00007ffb25570000 - 0x00007ffb25584000 	C:\Windows\system32\profapi.dll

VM Arguments:
jvm_args: -Djava.awt.headless=true -Xmx2g -Dfile.encoding=windows-1252 -Duser.country=US -Duser.language=en -Duser.variant 
java_command: com.android.dx.command.Main --dex --force-jumbo --num-threads=4 --multi-dex --output C:\Users\BEN\OneDrive\AndroidStudioProjects\SupermarketPrices\app\build\intermediates\transforms\dex\debug\folders\1000\5\slice_7 C:\Users\BEN\OneDrive\AndroidStudioProjects\SupermarketPrices\app\build\intermediates\transforms\instantRunSlicer\debug\folders\1\5\slice_7
java_class_path (initial): D:\softwares\Android\sdk1\build-tools\25.0.0\lib\dx.jar
Launcher Type: SUN_STANDARD

Environment Variables:
PATH=C:\Program Files (x86)\PC Connectivity Solution\;C:\Python27\;C:\Python27\Scripts;C:\app\client\BEN\product\12.1.0\client_3;C:\app\client\BEN\product\12.1.0\client_3\bin;C:\app\client\BEN\product\12.1.0\client_2;C:\app\client\BEN\product\12.1.0\client_2\bin;C:\oracle\ora92\bin;C:\Program Files (x86)\Oracle\jre\1.3.1\bin;C:\Program Files (x86)\Oracle\jre\1.1.8\bin;C:\ProgramData\Oracle\Java\javapath;C:\Windows\system32;C:\Windows;C:\Windows\System32\Wbem;C:\Windows\System32\WindowsPowerShell\v1.0\;C:\Program Files (x86)\Windows Kits\8.1\Windows Performance Toolkit\;C:\Program Files\Microsoft SQL Server\120\Tools\Binn\;C:\Program Files\Microsoft SQL Server\Client SDK\ODBC\110\Tools\Binn\;C:\Program Files (x86)\Microsoft SQL Server\120\Tools\Binn\;C:\Program Files\Microsoft SQL Server\120\DTS\Binn\;C:\Program Files (x86)\Microsoft SQL Server\110\Tools\Binn\ManagementStudio\;C:\Program Files (x86)\Microsoft SQL Server\110\Tools\Binn\;C:\Program Files (x86)\Microsoft SQL Server\110\DTS\Binn\;C:\wamp64\bin\php\php7.0.4\ext;C:\oracle\instantclient\;C:\Program Files\Git\cmd;C:\Program Files\Git\mingw64\bin;C:\Program Files\Git\usr\bin;C:\Program Files\Microsoft SQL Server\130\Tools\Binn\;C:\OpenSSL-Win32\bin;C:\Program Files\WIDCOMM\Bluetooth Software\;C:\Program Files\WIDCOMM\Bluetooth Software\syswow64;D:\softwares\Android\sdk1\platform-tools;C:\Program Files\dotnet\;C:\Program Files\Microsoft DNX\Dnvm\;C:\wamp64\bin\php\php7.0.4;C:\ProgramData\ComposerSetup\bin;C:\Program Files\Docker\Docker;C:\Program Files\Docker\Docker\resources\bin;C:\Program Files\Docker\Docker\resources;C:\Program Files\nodejs\;C:\Program Files\AMI\DuOS\;C:\Program Files (x86)\Microsoft VS Code\bin;C:\Users\BEN\AppData\Roaming\Composer\vendor\bin;C:\Users\BEN\AppData\Roaming\npm;C:\Program Files\AMI\DuOS\
USERNAME=BEN
OS=Windows_NT
PROCESSOR_IDENTIFIER=Intel64 Family 6 Model 58 Stepping 9, GenuineIntel



---------------  S Y S T E M  ---------------

OS: Windows 10.0 , 64 bit Build 10586 (10.0.10586.589)

CPU:total 4 (2 cores per cpu, 2 threads per core) family 6 model 58 stepping 9, cmov, cx8, fxsr, mmx, sse, sse2, sse3, ssse3, sse4.1, sse4.2, popcnt, avx, clmul, erms, ht, tsc, tscinvbit, tscinv

Memory: 4k page, physical 4078952k(200424k free), swap 7764636k(4404k free)

vm_info: OpenJDK 64-Bit Server VM (25.76-b03) for windows-amd64 JRE (1.8.0_76-release-b03), built on Jun 29 2016 19:09:20 by "ralucas" with MS VC++ 10.0 (VS2010)

time: Thu Dec 15 12:51:11 2016
elapsed time: 22 seconds (0d 0h 0m 22s)

