#
# There is insufficient memory for the Java Runtime Environment to continue.
# Native memory allocation (malloc) failed to allocate 164560 bytes for Chunk::new
# Possible reasons:
#   The system is out of physical RAM or swap space
#   In 32 bit mode, the process size limit was hit
# Possible solutions:
#   Reduce memory load on the system
#   Increase physical memory or swap space
#   Check if swap backing store is full
#   Use 64 bit Java on a 64 bit OS
#   Decrease Java heap size (-Xmx/-Xms)
#   Decrease number of Java threads
#   Decrease Java thread stack sizes (-Xss)
#   Set larger code cache with -XX:ReservedCodeCacheSize=
# This output file may be truncated or incomplete.
#
#  Out of Memory Error (allocation.cpp:390), pid=5336, tid=0x0000000000001d44
#
# JRE version: OpenJDK Runtime Environment (8.0_76-b03) (build 1.8.0_76-release-b03)
# Java VM: OpenJDK 64-Bit Server VM (25.76-b03 mixed mode windows-amd64 compressed oops)
# Failed to write core dump. Minidumps are not enabled by default on client versions of Windows
#

---------------  T H R E A D  ---------------

Current thread (0x0000000017a0d000):  JavaThread "C2 CompilerThread0" daemon [_thread_in_native, id=7492, stack(0x0000000019060000,0x0000000019160000)]

Stack: [0x0000000019060000,0x0000000019160000]
[error occurred during error reporting (printing stack bounds), id 0xc0000005]

Native frames: (J=compiled Java code, j=interpreted, Vv=VM code, C=native code)


Current CompileTask:
C2:   3218  877       4       com.android.dx.ssa.back.LivenessAnalyzer::handleTailRecursion (94 bytes)


---------------  P R O C E S S  ---------------

Java Threads: ( => current thread )
  0x00000000195c9800 JavaThread "pool-1-thread-4" [_thread_blocked, id=7188, stack(0x0000000019d60000,0x0000000019e60000)]
  0x00000000195c8800 JavaThread "pool-1-thread-3" [_thread_blocked, id=6380, stack(0x0000000019c60000,0x0000000019d60000)]
  0x00000000195c7000 JavaThread "pool-1-thread-2" [_thread_in_Java, id=7932, stack(0x0000000019b60000,0x0000000019c60000)]
  0x00000000195c6800 JavaThread "pool-2-thread-1" [_thread_blocked, id=3536, stack(0x0000000019a60000,0x0000000019b60000)]
  0x00000000195c3800 JavaThread "pool-1-thread-1" [_thread_blocked, id=4840, stack(0x0000000019960000,0x0000000019a60000)]
  0x0000000019361000 JavaThread "Service Thread" daemon [_thread_blocked, id=2668, stack(0x0000000019760000,0x0000000019860000)]
  0x0000000017a69000 JavaThread "C1 CompilerThread2" daemon [_thread_in_vm, id=3336, stack(0x0000000019260000,0x0000000019360000)]
  0x0000000017a10000 JavaThread "C2 CompilerThread1" daemon [_thread_in_native, id=7368, stack(0x0000000019160000,0x0000000019260000)]
=>0x0000000017a0d000 JavaThread "C2 CompilerThread0" daemon [_thread_in_native, id=7492, stack(0x0000000019060000,0x0000000019160000)]
  0x0000000017a0b800 JavaThread "Attach Listener" daemon [_thread_blocked, id=7852, stack(0x0000000018f60000,0x0000000019060000)]
  0x0000000017a0a000 JavaThread "Signal Dispatcher" daemon [_thread_blocked, id=6904, stack(0x0000000018e60000,0x0000000018f60000)]
  0x0000000002deb800 JavaThread "Finalizer" daemon [_thread_blocked, id=7252, stack(0x0000000018c80000,0x0000000018d80000)]
  0x0000000002de0800 JavaThread "Reference Handler" daemon [_thread_blocked, id=4264, stack(0x0000000018b80000,0x0000000018c80000)]
  0x0000000002c5e000 JavaThread "main" [_thread_in_Java, id=7924, stack(0x0000000002b30000,0x0000000002c30000)]

Other Threads:
  0x00000000179d5800 VMThread [stack: 0x0000000018a80000,0x0000000018b80000] [id=3212]
  0x0000000019363800 WatcherThread [stack: 0x0000000019860000,0x0000000019960000] [id=6216]

VM state:not at safepoint (normal execution)

VM Mutex/Monitor currently owned by a thread: None

Heap:
 PSYoungGen      total 18944K, used 4936K [0x00000000d5580000, 0x00000000d6a80000, 0x0000000100000000)
  eden space 16384K, 14% used [0x00000000d5580000,0x00000000d57d6610,0x00000000d6580000)
  from space 2560K, 99% used [0x00000000d6580000,0x00000000d67fbcf8,0x00000000d6800000)
  to   space 2560K, 0% used [0x00000000d6800000,0x00000000d6800000,0x00000000d6a80000)
 ParOldGen       total 44032K, used 1667K [0x0000000080000000, 0x0000000082b00000, 0x00000000d5580000)
  object space 44032K, 3% used [0x0000000080000000,0x00000000801a0ef0,0x0000000082b00000)
 Metaspace       used 5752K, capacity 6768K, committed 7040K, reserved 1058816K
  class space    used 569K, capacity 616K, committed 640K, reserved 1048576K

Card table byte_map: [0x00000000121b0000,0x00000000125c0000] byte_map_base: 0x0000000011db0000

Marking Bits: (ParMarkBitMap*) 0x0000000058ec9d00
 Begin Bits: [0x0000000012c70000, 0x0000000014c70000)
 End Bits:   [0x0000000014c70000, 0x0000000016c70000)

Polling page: 0x0000000000f40000

CodeCache: size=245760Kb used=3724Kb max_used=3724Kb free=242035Kb
 bounds [0x0000000002df0000, 0x00000000031a0000, 0x0000000011df0000]
 total_blobs=1185 nmethods=916 adapters=182
 compilation: enabled

Compilation events (10 events):
Event: 3.210 Thread 0x0000000017a69000 nmethod 916 0x000000000318ca10 code [0x000000000318cc20, 0x000000000318d778]
Event: 3.210 Thread 0x0000000017a69000  921       3       com.android.dx.ssa.SsaMethod::getUseListCopy (56 bytes)
Event: 3.211 Thread 0x0000000017a69000 nmethod 921 0x000000000318de10 code [0x000000000318dfa0, 0x000000000318e4b8]
Event: 3.211 Thread 0x0000000017a69000  917       3       com.android.dx.dex.code.RopTranslator$TranslationVisitor::visitPlainInsn (161 bytes)
Event: 3.213 Thread 0x0000000017a69000 nmethod 917 0x000000000318e6d0 code [0x000000000318e960, 0x000000000318fcf8]
Event: 3.213 Thread 0x0000000017a69000  919       3       com.android.dx.cf.code.ExecutionStack::<init> (34 bytes)
Event: 3.214 Thread 0x0000000017a69000 nmethod 919 0x0000000003190790 code [0x0000000003190900, 0x0000000003190cb0]
Event: 3.214 Thread 0x0000000017a69000  920       3       com.android.dx.cf.code.Frame::<init> (52 bytes)
Event: 3.214 Thread 0x0000000017a69000 nmethod 920 0x0000000003190dd0 code [0x0000000003190f80, 0x0000000003191568]
Event: 3.214 Thread 0x0000000017a69000  918       3       com.android.dx.rop.type.Type::compareTo (12 bytes)

GC Heap History (2 events):
Event: 2.899 GC heap before
{Heap before GC invocations=1 (full 0):
 PSYoungGen      total 18944K, used 16384K [0x00000000d5580000, 0x00000000d6a80000, 0x0000000100000000)
  eden space 16384K, 100% used [0x00000000d5580000,0x00000000d6580000,0x00000000d6580000)
  from space 2560K, 0% used [0x00000000d6800000,0x00000000d6800000,0x00000000d6a80000)
  to   space 2560K, 0% used [0x00000000d6580000,0x00000000d6580000,0x00000000d6800000)
 ParOldGen       total 44032K, used 0K [0x0000000080000000, 0x0000000082b00000, 0x00000000d5580000)
  object space 44032K, 0% used [0x0000000080000000,0x0000000080000000,0x0000000082b00000)
 Metaspace       used 5725K, capacity 6704K, committed 6784K, reserved 1056768K
  class space    used 569K, capacity 616K, committed 640K, reserved 1048576K
Event: 3.107 GC heap after
Heap after GC invocations=1 (full 0):
 PSYoungGen      total 18944K, used 2543K [0x00000000d5580000, 0x00000000d6a80000, 0x0000000100000000)
  eden space 16384K, 0% used [0x00000000d5580000,0x00000000d5580000,0x00000000d6580000)
  from space 2560K, 99% used [0x00000000d6580000,0x00000000d67fbcf8,0x00000000d6800000)
  to   space 2560K, 0% used [0x00000000d6800000,0x00000000d6800000,0x00000000d6a80000)
 ParOldGen       total 44032K, used 1667K [0x0000000080000000, 0x0000000082b00000, 0x00000000d5580000)
  object space 44032K, 3% used [0x0000000080000000,0x00000000801a0ef0,0x0000000082b00000)
 Metaspace       used 5725K, capacity 6704K, committed 6784K, reserved 1056768K
  class space    used 569K, capacity 616K, committed 640K, reserved 1048576K
}

Deoptimization events (8 events):
Event: 0.578 Thread 0x0000000002c5e000 Uncommon trap: reason=unstable_if action=reinterpret pc=0x0000000002f27890 method=java.lang.String.indexOf(II)I @ 49
Event: 1.638 Thread 0x00000000195c9800 Uncommon trap: reason=unstable_if action=reinterpret pc=0x0000000003013cb0 method=java.util.HashMap.getNode(ILjava/lang/Object;)Ljava/util/HashMap$Node; @ 62
Event: 1.918 Thread 0x0000000002c5e000 Uncommon trap: reason=unstable_if action=reinterpret pc=0x0000000002fec768 method=java.lang.String.<init>([CII)V @ 18
Event: 1.969 Thread 0x00000000195c7000 Uncommon trap: reason=class_check action=maybe_recompile pc=0x0000000003040730 method=com.android.dx.ssa.NormalSsaInsn.accept(Lcom/android/dx/ssa/SsaInsn$Visitor;)V @ 9
Event: 1.969 Thread 0x00000000195c7000 Uncommon trap: reason=class_check action=maybe_recompile pc=0x0000000003040730 method=com.android.dx.ssa.NormalSsaInsn.accept(Lcom/android/dx/ssa/SsaInsn$Visitor;)V @ 9
Event: 1.970 Thread 0x00000000195c7000 Uncommon trap: reason=class_check action=maybe_recompile pc=0x0000000003040730 method=com.android.dx.ssa.NormalSsaInsn.accept(Lcom/android/dx/ssa/SsaInsn$Visitor;)V @ 9
Event: 1.970 Thread 0x00000000195c7000 Uncommon trap: reason=class_check action=maybe_recompile pc=0x0000000003040730 method=com.android.dx.ssa.NormalSsaInsn.accept(Lcom/android/dx/ssa/SsaInsn$Visitor;)V @ 9
Event: 2.261 Thread 0x00000000195c3800 Uncommon trap: reason=unstable_if action=reinterpret pc=0x0000000003019630 method=java.util.BitSet.nextSetBit(I)I @ 87

Internal exceptions (2 events):
Event: 0.061 Thread 0x0000000002c5e000 Exception <a 'java/lang/NoSuchMethodError': Method sun.misc.Unsafe.defineClass(Ljava/lang/String;[BII)Ljava/lang/Class; name or signature does not match> (0x00000000d5587cc0) thrown at [C:\src\android\AOSP-openjdk\external\jetbrains\jdk\hotspot\src\share\vê◊ÎcrtØ?
Event: 0.061 Thread 0x0000000002c5e000 Exception <a 'java/lang/NoSuchMethodError': Method sun.misc.Unsafe.prefetchRead(Ljava/lang/Object;J)V name or signature does not match> (0x00000000d5587fa8) thrown at [C:\src\android\AOSP-openjdk\external\jetbrains\jdk\hotspot\src\share\vm\prims\jni.cpp, l

Events (10 events):
Event: 2.261 Thread 0x00000000195c3800 DEOPT PACKING pc=0x0000000003019630 sp=0x0000000019a5ebe0
Event: 2.261 Thread 0x00000000195c3800 DEOPT UNPACKING pc=0x0000000002e3556a sp=0x0000000019a5eb78 mode 2
Event: 2.268 loading class java/util/ArrayList$1
Event: 2.268 loading class java/util/ArrayList$1 done
Event: 2.631 loading class java/util/DualPivotQuicksort
Event: 2.631 loading class java/util/DualPivotQuicksort done
Event: 2.660 Executing VM operation: ParallelGCFailedAllocation
Event: 3.107 Executing VM operation: ParallelGCFailedAllocation done
Event: 3.118 Executing VM operation: CollectForMetadataAllocation
Event: 3.118 Executing VM operation: CollectForMetadataAllocation done


Dynamic libraries:
0x00007ff6a5db0000 - 0x00007ff6a5de1000 	C:\android-studio\jre\bin\java.exe
0x00007ff9c82d0000 - 0x00007ff9c8491000 	C:\Windows\SYSTEM32\ntdll.dll
0x00007ff9c7e70000 - 0x00007ff9c7f1d000 	C:\Windows\system32\KERNEL32.DLL
0x00007ff9c4980000 - 0x00007ff9c4b68000 	C:\Windows\system32\KERNELBASE.dll
0x00007ff9c8220000 - 0x00007ff9c82c7000 	C:\Windows\system32\ADVAPI32.dll
0x00007ff9c80d0000 - 0x00007ff9c816d000 	C:\Windows\system32\msvcrt.dll
0x00007ff9c7350000 - 0x00007ff9c73ab000 	C:\Windows\system32\sechost.dll
0x00007ff9c7c20000 - 0x00007ff9c7d3c000 	C:\Windows\system32\RPCRT4.dll
0x00007ff9c56d0000 - 0x00007ff9c5826000 	C:\Windows\system32\USER32.dll
0x00007ff9c5830000 - 0x00007ff9c59b6000 	C:\Windows\system32\GDI32.dll
0x00007ff9bbac0000 - 0x00007ff9bbd34000 	C:\Windows\WinSxS\amd64_microsoft.windows.common-controls_6595b64144ccf1df_6.0.10586.672_none_a2d6b3cea53ff843\COMCTL32.dll
0x00007ff9c7780000 - 0x00007ff9c79fd000 	C:\Windows\system32\combase.dll
0x00007ff9c4d90000 - 0x00007ff9c4dfa000 	C:\Windows\system32\bcryptPrimitives.dll
0x00007ff9c7a00000 - 0x00007ff9c7a3b000 	C:\Windows\system32\IMM32.DLL
0x0000000058630000 - 0x0000000058702000 	C:\android-studio\jre\jre\bin\msvcr100.dll
0x0000000058710000 - 0x0000000058f44000 	C:\android-studio\jre\jre\bin\server\jvm.dll
0x00007ff9c7c10000 - 0x00007ff9c7c18000 	C:\Windows\system32\PSAPI.DLL
0x00007ff9b9fd0000 - 0x00007ff9b9fd9000 	C:\Windows\SYSTEM32\WSOCK32.dll
0x00007ff9c7a40000 - 0x00007ff9c7aab000 	C:\Windows\system32\WS2_32.dll
0x00007ff9c2a10000 - 0x00007ff9c2a33000 	C:\Windows\SYSTEM32\WINMM.dll
0x00007ff9c1750000 - 0x00007ff9c175a000 	C:\Windows\SYSTEM32\VERSION.dll
0x00007ff9c2660000 - 0x00007ff9c268c000 	C:\Windows\SYSTEM32\WINMMBASE.dll
0x00007ff9c4d40000 - 0x00007ff9c4d83000 	C:\Windows\system32\cfgmgr32.dll
0x00007ff9c2500000 - 0x00007ff9c250f000 	C:\android-studio\jre\jre\bin\verify.dll
0x00007ff9c2480000 - 0x00007ff9c24a9000 	C:\android-studio\jre\jre\bin\java.dll
0x00007ff9c2460000 - 0x00007ff9c2476000 	C:\android-studio\jre\jre\bin\zip.dll
0x00007ff9c59c0000 - 0x00007ff9c6f1c000 	C:\Windows\system32\SHELL32.dll
0x00007ff9c4fd0000 - 0x00007ff9c5615000 	C:\Windows\system32\windows.storage.dll
0x00007ff9c7d40000 - 0x00007ff9c7d92000 	C:\Windows\system32\shlwapi.dll
0x00007ff9c48f0000 - 0x00007ff9c48ff000 	C:\Windows\system32\kernel.appcore.dll
0x00007ff9c4e00000 - 0x00007ff9c4eb5000 	C:\Windows\system32\shcore.dll
0x00007ff9c4910000 - 0x00007ff9c495b000 	C:\Windows\system32\powrprof.dll
0x00007ff9c4960000 - 0x00007ff9c4974000 	C:\Windows\system32\profapi.dll

VM Arguments:
jvm_args: -Djava.awt.headless=true -Xmx2g -Dfile.encoding=windows-1252 -Duser.country=US -Duser.language=en -Duser.variant 
java_command: com.android.dx.command.Main --dex --num-threads=4 --output C:\Users\BEN\OneDrive\AndroidStudioProjects\SupermarketPrices\app\build\intermediates\pre-dexed\release\gson-2.7_2af79da0a6581dd219ac5dc4aef11c4855508d1c.jar C:\Users\BEN\.gradle\caches\modules-2\files-2.1\com.google.code.gson\gson\2.7\751f548c85fa49f330cecbb1875893f971b33c4e\gson-2.7.jar
java_class_path (initial): D:\softwares\Android\sdk1\build-tools\25.0.0\lib\dx.jar
Launcher Type: SUN_STANDARD

Environment Variables:
PATH=C:\Program Files (x86)\PC Connectivity Solution\;C:\Python27\;C:\Python27\Scripts;C:\app\client\BEN\product\12.1.0\client_3;C:\app\client\BEN\product\12.1.0\client_3\bin;C:\app\client\BEN\product\12.1.0\client_2;C:\app\client\BEN\product\12.1.0\client_2\bin;C:\oracle\ora92\bin;C:\Program Files (x86)\Oracle\jre\1.3.1\bin;C:\Program Files (x86)\Oracle\jre\1.1.8\bin;C:\ProgramData\Oracle\Java\javapath;C:\Windows\system32;C:\Windows;C:\Windows\System32\Wbem;C:\Windows\System32\WindowsPowerShell\v1.0\;C:\Program Files (x86)\Windows Kits\8.1\Windows Performance Toolkit\;C:\Program Files\Microsoft SQL Server\120\Tools\Binn\;C:\Program Files\Microsoft SQL Server\Client SDK\ODBC\110\Tools\Binn\;C:\Program Files (x86)\Microsoft SQL Server\120\Tools\Binn\;C:\Program Files\Microsoft SQL Server\120\DTS\Binn\;C:\Program Files (x86)\Microsoft SQL Server\110\Tools\Binn\ManagementStudio\;C:\Program Files (x86)\Microsoft SQL Server\110\Tools\Binn\;C:\Program Files (x86)\Microsoft SQL Server\110\DTS\Binn\;C:\wamp64\bin\php\php7.0.4\ext;C:\oracle\instantclient\;C:\Program Files\Git\cmd;C:\Program Files\Git\mingw64\bin;C:\Program Files\Git\usr\bin;C:\Program Files\Microsoft SQL Server\130\Tools\Binn\;C:\OpenSSL-Win32\bin;C:\Program Files\WIDCOMM\Bluetooth Software\;C:\Program Files\WIDCOMM\Bluetooth Software\syswow64;D:\softwares\Android\sdk1\platform-tools;C:\Program Files\dotnet\;C:\Program Files\Microsoft DNX\Dnvm\;C:\wamp64\bin\php\php7.0.4;C:\ProgramData\ComposerSetup\bin;C:\Program Files\Docker\Docker;C:\Program Files\Docker\Docker\resources\bin;C:\Program Files\Docker\Docker\resources;C:\Program Files\nodejs\;C:\Program Files\AMI\DuOS\;C:\Program Files (x86)\Microsoft VS Code\bin;C:\Users\BEN\AppData\Roaming\Composer\vendor\bin;C:\Users\BEN\AppData\Roaming\npm;C:\Program Files\AMI\DuOS\
USERNAME=BEN
OS=Windows_NT
PROCESSOR_IDENTIFIER=Intel64 Family 6 Model 58 Stepping 9, GenuineIntel



---------------  S Y S T E M  ---------------

OS: Windows 10.0 , 64 bit Build 10586 (10.0.10586.589)

CPU:total 4 (2 cores per cpu, 2 threads per core) family 6 model 58 stepping 9, cmov, cx8, fxsr, mmx, sse, sse2, sse3, ssse3, sse4.1, sse4.2, popcnt, avx, clmul, erms, ht, tsc, tscinvbit, tscinv

Memory: 4k page, physical 4078952k(428648k free), swap 6399228k(2092k free)

vm_info: OpenJDK 64-Bit Server VM (25.76-b03) for windows-amd64 JRE (1.8.0_76-release-b03), built on Jun 29 2016 19:09:20 by "ralucas" with MS VC++ 10.0 (VS2010)

time: Fri Dec 23 17:10:38 2016
elapsed time: 3 seconds (0d 0h 0m 3s)

