#
# There is insufficient memory for the Java Runtime Environment to continue.
# Native memory allocation (malloc) failed to allocate 637520 bytes for Chunk::new
# Possible reasons:
#   The system is out of physical RAM or swap space
#   In 32 bit mode, the process size limit was hit
# Possible solutions:
#   Reduce memory load on the system
#   Increase physical memory or swap space
#   Check if swap backing store is full
#   Use 64 bit Java on a 64 bit OS
#   Decrease Java heap size (-Xmx/-Xms)
#   Decrease number of Java threads
#   Decrease Java thread stack sizes (-Xss)
#   Set larger code cache with -XX:ReservedCodeCacheSize=
# This output file may be truncated or incomplete.
#
#  Out of Memory Error (allocation.cpp:390), pid=5928, tid=0x00000000000010bc
#
# JRE version: OpenJDK Runtime Environment (8.0_76-b03) (build 1.8.0_76-release-b03)
# Java VM: OpenJDK 64-Bit Server VM (25.76-b03 mixed mode windows-amd64 compressed oops)
# Failed to write core dump. Minidumps are not enabled by default on client versions of Windows
#

---------------  T H R E A D  ---------------

Current thread (0x000000001722d000):  JavaThread "C2 CompilerThread0" daemon [_thread_in_native, id=4284, stack(0x0000000018860000,0x0000000018960000)]

Stack: [0x0000000018860000,0x0000000018960000]
[error occurred during error reporting (printing stack bounds), id 0xc0000005]

Native frames: (J=compiled Java code, j=interpreted, Vv=VM code, C=native code)


Current CompileTask:
C2:   7480 1306   !   4       com.android.dx.cf.code.BytecodeArray::parseInstruction (2764 bytes)


---------------  P R O C E S S  ---------------

Java Threads: ( => current thread )
  0x0000000018c67800 JavaThread "pool-1-thread-4" [_thread_in_Java, id=3692, stack(0x0000000019560000,0x0000000019660000)]
  0x0000000018bb1800 JavaThread "pool-1-thread-3" [_thread_in_Java, id=5016, stack(0x0000000019460000,0x0000000019560000)]
  0x0000000018bb1000 JavaThread "pool-1-thread-2" [_thread_blocked, id=6424, stack(0x0000000019360000,0x0000000019460000)]
  0x0000000018bad800 JavaThread "pool-2-thread-1" [_thread_blocked, id=2324, stack(0x0000000019260000,0x0000000019360000)]
  0x0000000018bac800 JavaThread "pool-1-thread-1" [_thread_blocked, id=6336, stack(0x0000000019160000,0x0000000019260000)]
  0x0000000018a69000 JavaThread "Service Thread" daemon [_thread_blocked, id=6908, stack(0x0000000018f60000,0x0000000019060000)]
  0x0000000018a68800 JavaThread "C1 CompilerThread2" daemon [_thread_blocked, id=3876, stack(0x0000000018e60000,0x0000000018f60000)]
  0x0000000017230000 JavaThread "C2 CompilerThread1" daemon [_thread_in_native, id=4256, stack(0x0000000018960000,0x0000000018a60000)]
=>0x000000001722d000 JavaThread "C2 CompilerThread0" daemon [_thread_in_native, id=4284, stack(0x0000000018860000,0x0000000018960000)]
  0x000000001722b800 JavaThread "Attach Listener" daemon [_thread_blocked, id=7496, stack(0x0000000018760000,0x0000000018860000)]
  0x000000001722a000 JavaThread "Signal Dispatcher" daemon [_thread_blocked, id=2876, stack(0x0000000018660000,0x0000000018760000)]
  0x0000000002606000 JavaThread "Finalizer" daemon [_thread_blocked, id=2812, stack(0x0000000018480000,0x0000000018580000)]
  0x0000000002600800 JavaThread "Reference Handler" daemon [_thread_blocked, id=2904, stack(0x0000000018380000,0x0000000018480000)]
  0x00000000022ae800 JavaThread "main" [_thread_blocked, id=4236, stack(0x0000000002310000,0x0000000002410000)]

Other Threads:
  0x00000000171f5800 VMThread [stack: 0x0000000018280000,0x0000000018380000] [id=4128]
  0x0000000018a6b000 WatcherThread [stack: 0x0000000019060000,0x0000000019160000] [id=7404]

VM state:not at safepoint (normal execution)

VM Mutex/Monitor currently owned by a thread: None

Heap:
 PSYoungGen      total 35328K, used 6701K [0x00000000d5580000, 0x00000000d7a80000, 0x0000000100000000)
  eden space 32768K, 12% used [0x00000000d5580000,0x00000000d598e130,0x00000000d7580000)
  from space 2560K, 99% used [0x00000000d7800000,0x00000000d7a7d3e8,0x00000000d7a80000)
  to   space 2560K, 0% used [0x00000000d7580000,0x00000000d7580000,0x00000000d7800000)
 ParOldGen       total 44032K, used 4484K [0x0000000080000000, 0x0000000082b00000, 0x00000000d5580000)
  object space 44032K, 10% used [0x0000000080000000,0x00000000804613a0,0x0000000082b00000)
 Metaspace       used 5987K, capacity 6960K, committed 7040K, reserved 1056768K
  class space    used 572K, capacity 616K, committed 640K, reserved 1048576K

Card table byte_map: [0x00000000119d0000,0x0000000011de0000] byte_map_base: 0x00000000115d0000

Marking Bits: (ParMarkBitMap*) 0x0000000058ec9d00
 Begin Bits: [0x0000000012490000, 0x0000000014490000)
 End Bits:   [0x0000000014490000, 0x0000000016490000)

Polling page: 0x0000000002260000

CodeCache: size=245760Kb used=5464Kb max_used=5464Kb free=240295Kb
 bounds [0x0000000002610000, 0x0000000002b70000, 0x0000000011610000]
 total_blobs=1595 nmethods=1327 adapters=182
 compilation: enabled

Compilation events (10 events):
Event: 7.262 Thread 0x0000000018a68800 1338       3       com.android.dx.dex.cf.AttributeTranslator::getParameterAnnotations (69 bytes)
Event: 7.263 Thread 0x0000000018a68800 nmethod 1338 0x0000000002b69290 code [0x0000000002b694a0, 0x0000000002b69e18]
Event: 7.263 Thread 0x0000000018a68800 1339       3       com.android.dx.cf.code.LocalVariableList$Item::matchesAllButType (53 bytes)
Event: 7.264 Thread 0x0000000018a68800 nmethod 1339 0x0000000002b6a150 code [0x0000000002b6a2e0, 0x0000000002b6a848]
Event: 7.269 Thread 0x0000000018a68800 1340       3       com.android.dx.cf.code.OneLocalsArray::set (10 bytes)
Event: 7.270 Thread 0x0000000018a68800 nmethod 1340 0x0000000002b6a9d0 code [0x0000000002b6ab40, 0x0000000002b6ad88]
Event: 7.270 Thread 0x0000000018a68800 1341       3       com.android.dx.rop.code.RegisterSpec::getFrameType (10 bytes)
Event: 7.270 Thread 0x0000000018a68800 nmethod 1341 0x0000000002b6ae50 code [0x0000000002b6afc0, 0x0000000002b6b1e8]
Event: 7.279 Thread 0x0000000018a68800 1343       3       java.lang.String::<init> (15 bytes)
Event: 7.280 Thread 0x0000000018a68800 nmethod 1343 0x0000000002b6b290 code [0x0000000002b6b420, 0x0000000002b6b808]

GC Heap History (4 events):
Event: 5.381 GC heap before
{Heap before GC invocations=1 (full 0):
 PSYoungGen      total 18944K, used 16384K [0x00000000d5580000, 0x00000000d6a80000, 0x0000000100000000)
  eden space 16384K, 100% used [0x00000000d5580000,0x00000000d6580000,0x00000000d6580000)
  from space 2560K, 0% used [0x00000000d6800000,0x00000000d6800000,0x00000000d6a80000)
  to   space 2560K, 0% used [0x00000000d6580000,0x00000000d6580000,0x00000000d6800000)
 ParOldGen       total 44032K, used 0K [0x0000000080000000, 0x0000000082b00000, 0x00000000d5580000)
  object space 44032K, 0% used [0x0000000080000000,0x0000000080000000,0x0000000082b00000)
 Metaspace       used 5668K, capacity 6704K, committed 6784K, reserved 1056768K
  class space    used 568K, capacity 616K, committed 640K, reserved 1048576K
Event: 5.492 GC heap after
Heap after GC invocations=1 (full 0):
 PSYoungGen      total 18944K, used 2554K [0x00000000d5580000, 0x00000000d7a80000, 0x0000000100000000)
  eden space 16384K, 0% used [0x00000000d5580000,0x00000000d5580000,0x00000000d6580000)
  from space 2560K, 99% used [0x00000000d6580000,0x00000000d67feab8,0x00000000d6800000)
  to   space 2560K, 0% used [0x00000000d7800000,0x00000000d7800000,0x00000000d7a80000)
 ParOldGen       total 44032K, used 1752K [0x0000000080000000, 0x0000000082b00000, 0x00000000d5580000)
  object space 44032K, 3% used [0x0000000080000000,0x00000000801b6100,0x0000000082b00000)
 Metaspace       used 5668K, capacity 6704K, committed 6784K, reserved 1056768K
  class space    used 568K, capacity 616K, committed 640K, reserved 1048576K
}
Event: 6.869 GC heap before
{Heap before GC invocations=2 (full 0):
 PSYoungGen      total 18944K, used 18938K [0x00000000d5580000, 0x00000000d7a80000, 0x0000000100000000)
  eden space 16384K, 100% used [0x00000000d5580000,0x00000000d6580000,0x00000000d6580000)
  from space 2560K, 99% used [0x00000000d6580000,0x00000000d67feab8,0x00000000d6800000)
  to   space 2560K, 0% used [0x00000000d7800000,0x00000000d7800000,0x00000000d7a80000)
 ParOldGen       total 44032K, used 1752K [0x0000000080000000, 0x0000000082b00000, 0x00000000d5580000)
  object space 44032K, 3% used [0x0000000080000000,0x00000000801b6100,0x0000000082b00000)
 Metaspace       used 5966K, capacity 6960K, committed 7040K, reserved 1056768K
  class space    used 572K, capacity 616K, committed 640K, reserved 1048576K
Event: 6.881 GC heap after
Heap after GC invocations=2 (full 0):
 PSYoungGen      total 35328K, used 2548K [0x00000000d5580000, 0x00000000d7a80000, 0x0000000100000000)
  eden space 32768K, 0% used [0x00000000d5580000,0x00000000d5580000,0x00000000d7580000)
  from space 2560K, 99% used [0x00000000d7800000,0x00000000d7a7d3e8,0x00000000d7a80000)
  to   space 2560K, 0% used [0x00000000d7580000,0x00000000d7580000,0x00000000d7800000)
 ParOldGen       total 44032K, used 4484K [0x0000000080000000, 0x0000000082b00000, 0x00000000d5580000)
  object space 44032K, 10% used [0x0000000080000000,0x00000000804613a0,0x0000000082b00000)
 Metaspace       used 5966K, capacity 6960K, committed 7040K, reserved 1056768K
  class space    used 572K, capacity 616K, committed 640K, reserved 1048576K
}

Deoptimization events (10 events):
Event: 5.048 Thread 0x0000000018bb1000 Uncommon trap: reason=class_check action=maybe_recompile pc=0x00000000028ee834 method=com.android.dx.ssa.NormalSsaInsn.accept(Lcom/android/dx/ssa/SsaInsn$Visitor;)V @ 9
Event: 5.048 Thread 0x0000000018bb1000 Uncommon trap: reason=class_check action=maybe_recompile pc=0x00000000028ee834 method=com.android.dx.ssa.NormalSsaInsn.accept(Lcom/android/dx/ssa/SsaInsn$Visitor;)V @ 9
Event: 5.048 Thread 0x0000000018bb1000 Uncommon trap: reason=class_check action=maybe_recompile pc=0x00000000028ee834 method=com.android.dx.ssa.NormalSsaInsn.accept(Lcom/android/dx/ssa/SsaInsn$Visitor;)V @ 9
Event: 5.049 Thread 0x0000000018bb1000 Uncommon trap: reason=class_check action=maybe_recompile pc=0x00000000028ee834 method=com.android.dx.ssa.NormalSsaInsn.accept(Lcom/android/dx/ssa/SsaInsn$Visitor;)V @ 9
Event: 5.050 Thread 0x0000000018bb1000 Uncommon trap: reason=class_check action=maybe_recompile pc=0x00000000028e3950 method=com.android.dx.ssa.NormalSsaInsn.accept(Lcom/android/dx/ssa/SsaInsn$Visitor;)V @ 9
Event: 5.817 Thread 0x00000000022ae800 Uncommon trap: reason=unstable_if action=reinterpret pc=0x00000000028f6510 method=java.lang.String.<init>([CII)V @ 18
Event: 6.547 Thread 0x0000000018bac800 Uncommon trap: reason=null_check action=make_not_entrant pc=0x00000000029e87e0 method=com.android.dx.rop.type.Type.equals(Ljava/lang/Object;)Z @ 8
Event: 6.809 Thread 0x0000000018c67800 Uncommon trap: reason=null_check action=make_not_entrant pc=0x000000000293bfc0 method=com.android.dx.ssa.SsaRenamer.getLocalForNewReg(I)Lcom/android/dx/rop/code/LocalItem; @ 19
Event: 6.809 Thread 0x0000000018c67800 Uncommon trap: reason=null_check action=make_not_entrant pc=0x0000000002952190 method=com.android.dx.ssa.SsaRenamer.getLocalForNewReg(I)Lcom/android/dx/rop/code/LocalItem; @ 19
Event: 6.817 Thread 0x0000000018c67800 Uncommon trap: reason=unstable_if action=reinterpret pc=0x0000000002a29ed8 method=com.android.dx.rop.code.RegisterSpec.equals(ILcom/android/dx/rop/type/TypeBearer;Lcom/android/dx/rop/code/LocalItem;)Z @ 42

Internal exceptions (5 events):
Event: 0.748 Thread 0x00000000022ae800 Exception <a 'java/lang/NoSuchMethodError': Method sun.misc.Unsafe.defineClass(Ljava/lang/String;[BII)Ljava/lang/Class; name or signature does not match> (0x00000000d5587cc0) thrown at [C:\src\android\AOSP-openjdk\external\jetbrains\jdk\hotspot\src\share\v2$υ›ση?
Event: 0.748 Thread 0x00000000022ae800 Exception <a 'java/lang/NoSuchMethodError': Method sun.misc.Unsafe.prefetchRead(Ljava/lang/Object;J)V name or signature does not match> (0x00000000d5587fa8) thrown at [C:\src\android\AOSP-openjdk\external\jetbrains\jdk\hotspot\src\share\vm\prims\jni.cpp, l«.ΩΦ/@
Event: 6.547 Thread 0x0000000018bac800 Implicit null exception at 0x00000000029e86e2 to 0x00000000029e87d2
Event: 6.809 Thread 0x0000000018c67800 Implicit null exception at 0x0000000002939b51 to 0x000000000293bf75
Event: 6.809 Thread 0x0000000018c67800 Implicit null exception at 0x000000000294fe8d to 0x000000000295215d

Events (10 events):
Event: 6.809 Thread 0x0000000018c67800 DEOPT PACKING pc=0x000000000293bfc0 sp=0x000000001965e8d0
Event: 6.809 Thread 0x0000000018c67800 DEOPT UNPACKING pc=0x000000000265556a sp=0x000000001965e728 mode 2
Event: 6.809 Thread 0x0000000018c67800 Uncommon trap: trap_request=0xfffffff4 fr.pc=0x0000000002952190
Event: 6.809 Thread 0x0000000018c67800 DEOPT PACKING pc=0x0000000002952190 sp=0x000000001965e840
Event: 6.809 Thread 0x0000000018c67800 DEOPT UNPACKING pc=0x000000000265556a sp=0x000000001965e718 mode 2
Event: 6.817 Thread 0x0000000018c67800 Uncommon trap: trap_request=0xffffff65 fr.pc=0x0000000002a29ed8
Event: 6.817 Thread 0x0000000018c67800 DEOPT PACKING pc=0x0000000002a29ed8 sp=0x000000001965e9d0
Event: 6.817 Thread 0x0000000018c67800 DEOPT UNPACKING pc=0x000000000265556a sp=0x000000001965e958 mode 2
Event: 6.838 Executing VM operation: ParallelGCFailedAllocation
Event: 6.881 Executing VM operation: ParallelGCFailedAllocation done


Dynamic libraries:
0x00007ff6a5db0000 - 0x00007ff6a5de1000 	C:\android-studio\jre\bin\java.exe
0x00007ff9c82d0000 - 0x00007ff9c8491000 	C:\Windows\SYSTEM32\ntdll.dll
0x00007ff9c7e70000 - 0x00007ff9c7f1d000 	C:\Windows\system32\KERNEL32.DLL
0x00007ff9c4980000 - 0x00007ff9c4b68000 	C:\Windows\system32\KERNELBASE.dll
0x00007ff9c8220000 - 0x00007ff9c82c7000 	C:\Windows\system32\ADVAPI32.dll
0x00007ff9c80d0000 - 0x00007ff9c816d000 	C:\Windows\system32\msvcrt.dll
0x00007ff9c7350000 - 0x00007ff9c73ab000 	C:\Windows\system32\sechost.dll
0x00007ff9c7c20000 - 0x00007ff9c7d3c000 	C:\Windows\system32\RPCRT4.dll
0x00007ff9c56d0000 - 0x00007ff9c5826000 	C:\Windows\system32\USER32.dll
0x00007ff9c5830000 - 0x00007ff9c59b6000 	C:\Windows\system32\GDI32.dll
0x00007ff9bbac0000 - 0x00007ff9bbd34000 	C:\Windows\WinSxS\amd64_microsoft.windows.common-controls_6595b64144ccf1df_6.0.10586.672_none_a2d6b3cea53ff843\COMCTL32.dll
0x00007ff9c7780000 - 0x00007ff9c79fd000 	C:\Windows\system32\combase.dll
0x00007ff9c4d90000 - 0x00007ff9c4dfa000 	C:\Windows\system32\bcryptPrimitives.dll
0x00007ff9c7a00000 - 0x00007ff9c7a3b000 	C:\Windows\system32\IMM32.DLL
0x0000000058630000 - 0x0000000058702000 	C:\android-studio\jre\jre\bin\msvcr100.dll
0x0000000058710000 - 0x0000000058f44000 	C:\android-studio\jre\jre\bin\server\jvm.dll
0x00007ff9c7c10000 - 0x00007ff9c7c18000 	C:\Windows\system32\PSAPI.DLL
0x00007ff9b9fd0000 - 0x00007ff9b9fd9000 	C:\Windows\SYSTEM32\WSOCK32.dll
0x00007ff9c7a40000 - 0x00007ff9c7aab000 	C:\Windows\system32\WS2_32.dll
0x00007ff9c2a10000 - 0x00007ff9c2a33000 	C:\Windows\SYSTEM32\WINMM.dll
0x00007ff9c1750000 - 0x00007ff9c175a000 	C:\Windows\SYSTEM32\VERSION.dll
0x00007ff9c2660000 - 0x00007ff9c268c000 	C:\Windows\SYSTEM32\WINMMBASE.dll
0x00007ff9c4d40000 - 0x00007ff9c4d83000 	C:\Windows\system32\cfgmgr32.dll
0x00007ff9c2500000 - 0x00007ff9c250f000 	C:\android-studio\jre\jre\bin\verify.dll
0x00007ff9c2480000 - 0x00007ff9c24a9000 	C:\android-studio\jre\jre\bin\java.dll
0x00007ff9c2460000 - 0x00007ff9c2476000 	C:\android-studio\jre\jre\bin\zip.dll
0x00007ff9c59c0000 - 0x00007ff9c6f1c000 	C:\Windows\system32\SHELL32.dll
0x00007ff9c4fd0000 - 0x00007ff9c5615000 	C:\Windows\system32\windows.storage.dll
0x00007ff9c7d40000 - 0x00007ff9c7d92000 	C:\Windows\system32\shlwapi.dll
0x00007ff9c48f0000 - 0x00007ff9c48ff000 	C:\Windows\system32\kernel.appcore.dll
0x00007ff9c4e00000 - 0x00007ff9c4eb5000 	C:\Windows\system32\shcore.dll
0x00007ff9c4910000 - 0x00007ff9c495b000 	C:\Windows\system32\powrprof.dll
0x00007ff9c4960000 - 0x00007ff9c4974000 	C:\Windows\system32\profapi.dll

VM Arguments:
jvm_args: -Djava.awt.headless=true -Xmx2g -Dfile.encoding=windows-1252 -Duser.country=US -Duser.language=en -Duser.variant 
java_command: com.android.dx.command.Main --dex --num-threads=4 --output C:\Users\BEN\OneDrive\AndroidStudioProjects\SupermarketPrices\app\build\intermediates\pre-dexed\release\retrofit-2.1.0_9289cfc094bc1c132ff060977af17cdea06aa1a0.jar C:\Users\BEN\.gradle\caches\modules-2\files-2.1\com.squareup.retrofit2\retrofit\2.1.0\2de7cd8b95b7021b1d597f049bcb422055119f2c\retrofit-2.1.0.jar
java_class_path (initial): D:\softwares\Android\sdk1\build-tools\25.0.0\lib\dx.jar
Launcher Type: SUN_STANDARD

Environment Variables:
PATH=C:\Program Files (x86)\PC Connectivity Solution\;C:\Python27\;C:\Python27\Scripts;C:\app\client\BEN\product\12.1.0\client_3;C:\app\client\BEN\product\12.1.0\client_3\bin;C:\app\client\BEN\product\12.1.0\client_2;C:\app\client\BEN\product\12.1.0\client_2\bin;C:\oracle\ora92\bin;C:\Program Files (x86)\Oracle\jre\1.3.1\bin;C:\Program Files (x86)\Oracle\jre\1.1.8\bin;C:\ProgramData\Oracle\Java\javapath;C:\Windows\system32;C:\Windows;C:\Windows\System32\Wbem;C:\Windows\System32\WindowsPowerShell\v1.0\;C:\Program Files (x86)\Windows Kits\8.1\Windows Performance Toolkit\;C:\Program Files\Microsoft SQL Server\120\Tools\Binn\;C:\Program Files\Microsoft SQL Server\Client SDK\ODBC\110\Tools\Binn\;C:\Program Files (x86)\Microsoft SQL Server\120\Tools\Binn\;C:\Program Files\Microsoft SQL Server\120\DTS\Binn\;C:\Program Files (x86)\Microsoft SQL Server\110\Tools\Binn\ManagementStudio\;C:\Program Files (x86)\Microsoft SQL Server\110\Tools\Binn\;C:\Program Files (x86)\Microsoft SQL Server\110\DTS\Binn\;C:\wamp64\bin\php\php7.0.4\ext;C:\oracle\instantclient\;C:\Program Files\Git\cmd;C:\Program Files\Git\mingw64\bin;C:\Program Files\Git\usr\bin;C:\Program Files\Microsoft SQL Server\130\Tools\Binn\;C:\OpenSSL-Win32\bin;C:\Program Files\WIDCOMM\Bluetooth Software\;C:\Program Files\WIDCOMM\Bluetooth Software\syswow64;D:\softwares\Android\sdk1\platform-tools;C:\Program Files\dotnet\;C:\Program Files\Microsoft DNX\Dnvm\;C:\wamp64\bin\php\php7.0.4;C:\ProgramData\ComposerSetup\bin;C:\Program Files\Docker\Docker;C:\Program Files\Docker\Docker\resources\bin;C:\Program Files\Docker\Docker\resources;C:\Program Files\nodejs\;C:\Program Files\AMI\DuOS\;C:\Program Files (x86)\Microsoft VS Code\bin;C:\Users\BEN\AppData\Roaming\Composer\vendor\bin;C:\Users\BEN\AppData\Roaming\npm;C:\Program Files\AMI\DuOS\
USERNAME=BEN
OS=Windows_NT
PROCESSOR_IDENTIFIER=Intel64 Family 6 Model 58 Stepping 9, GenuineIntel



---------------  S Y S T E M  ---------------

OS: Windows 10.0 , 64 bit Build 10586 (10.0.10586.589)

CPU:total 4 (2 cores per cpu, 2 threads per core) family 6 model 58 stepping 9, cmov, cx8, fxsr, mmx, sse, sse2, sse3, ssse3, sse4.1, sse4.2, popcnt, avx, clmul, erms, ht, tsc, tscinvbit, tscinv

Memory: 4k page, physical 4078952k(335068k free), swap 6399228k(5696k free)

vm_info: OpenJDK 64-Bit Server VM (25.76-b03) for windows-amd64 JRE (1.8.0_76-release-b03), built on Jun 29 2016 19:09:20 by "ralucas" with MS VC++ 10.0 (VS2010)

time: Fri Dec 23 17:11:01 2016
elapsed time: 7 seconds (0d 0h 0m 7s)

