#
# There is insufficient memory for the Java Runtime Environment to continue.
# Native memory allocation (malloc) failed to allocate 224176 bytes for Chunk::new
# Possible reasons:
#   The system is out of physical RAM or swap space
#   In 32 bit mode, the process size limit was hit
# Possible solutions:
#   Reduce memory load on the system
#   Increase physical memory or swap space
#   Check if swap backing store is full
#   Use 64 bit Java on a 64 bit OS
#   Decrease Java heap size (-Xmx/-Xms)
#   Decrease number of Java threads
#   Decrease Java thread stack sizes (-Xss)
#   Set larger code cache with -XX:ReservedCodeCacheSize=
# This output file may be truncated or incomplete.
#
#  Out of Memory Error (allocation.cpp:390), pid=6504, tid=0x00000000000010b4
#
# JRE version: OpenJDK Runtime Environment (8.0_76-b03) (build 1.8.0_76-release-b03)
# Java VM: OpenJDK 64-Bit Server VM (25.76-b03 mixed mode windows-amd64 compressed oops)
# Failed to write core dump. Minidumps are not enabled by default on client versions of Windows
#

---------------  T H R E A D  ---------------

Current thread (0x000000001708d000):  JavaThread "C2 CompilerThread0" daemon [_thread_in_native, id=4276, stack(0x00000000186c0000,0x00000000187c0000)]

Stack: [0x00000000186c0000,0x00000000187c0000]
[error occurred during error reporting (printing stack bounds), id 0xc0000005]

Native frames: (J=compiled Java code, j=interpreted, Vv=VM code, C=native code)


Current CompileTask:
C2:   3933 1039       4       com.android.dx.ssa.SsaMethod::forEachInsn (36 bytes)


---------------  P R O C E S S  ---------------

Java Threads: ( => current thread )
  0x0000000018c18000 JavaThread "pool-1-thread-4" [_thread_blocked, id=4772, stack(0x00000000193c0000,0x00000000194c0000)]
  0x0000000018b96000 JavaThread "pool-1-thread-3" [_thread_in_Java, id=32, stack(0x00000000192c0000,0x00000000193c0000)]
  0x0000000018b90800 JavaThread "pool-1-thread-2" [_thread_in_Java, id=8180, stack(0x00000000191c0000,0x00000000192c0000)]
  0x0000000018b8e000 JavaThread "pool-2-thread-1" [_thread_blocked, id=5360, stack(0x00000000190c0000,0x00000000191c0000)]
  0x0000000018b8d000 JavaThread "pool-1-thread-1" [_thread_in_Java, id=2224, stack(0x0000000018fc0000,0x00000000190c0000)]
  0x00000000189e1000 JavaThread "Service Thread" daemon [_thread_blocked, id=2884, stack(0x0000000018dc0000,0x0000000018ec0000)]
  0x0000000017093000 JavaThread "C1 CompilerThread2" daemon [_thread_in_native, id=2200, stack(0x00000000188c0000,0x00000000189c0000)]
  0x0000000017090000 JavaThread "C2 CompilerThread1" daemon [_thread_in_native, id=2820, stack(0x00000000187c0000,0x00000000188c0000)]
=>0x000000001708d000 JavaThread "C2 CompilerThread0" daemon [_thread_in_native, id=4276, stack(0x00000000186c0000,0x00000000187c0000)]
  0x000000001708b800 JavaThread "Attach Listener" daemon [_thread_blocked, id=5452, stack(0x00000000185c0000,0x00000000186c0000)]
  0x000000001708a000 JavaThread "Signal Dispatcher" daemon [_thread_blocked, id=4716, stack(0x00000000184c0000,0x00000000185c0000)]
  0x0000000002466000 JavaThread "Finalizer" daemon [_thread_blocked, id=4228, stack(0x00000000182e0000,0x00000000183e0000)]
  0x0000000002460800 JavaThread "Reference Handler" daemon [_thread_blocked, id=2660, stack(0x00000000181e0000,0x00000000182e0000)]
  0x00000000020fe800 JavaThread "main" [_thread_in_Java, id=4216, stack(0x0000000002100000,0x0000000002200000)]

Other Threads:
  0x0000000017055800 VMThread [stack: 0x00000000180e0000,0x00000000181e0000] [id=6408]
  0x00000000170ea800 WatcherThread [stack: 0x0000000018ec0000,0x0000000018fc0000] [id=1216]

VM state:not at safepoint (normal execution)

VM Mutex/Monitor currently owned by a thread: None

Heap:
 PSYoungGen      total 18944K, used 11627K [0x00000000d5580000, 0x00000000d7a80000, 0x0000000100000000)
  eden space 16384K, 55% used [0x00000000d5580000,0x00000000d5e61390,0x00000000d6580000)
  from space 2560K, 99% used [0x00000000d6580000,0x00000000d67f9c50,0x00000000d6800000)
  to   space 2560K, 0% used [0x00000000d7800000,0x00000000d7800000,0x00000000d7a80000)
 ParOldGen       total 44032K, used 2050K [0x0000000080000000, 0x0000000082b00000, 0x00000000d5580000)
  object space 44032K, 4% used [0x0000000080000000,0x0000000080200898,0x0000000082b00000)
 Metaspace       used 5830K, capacity 6832K, committed 7040K, reserved 1056768K
  class space    used 572K, capacity 616K, committed 640K, reserved 1048576K

Card table byte_map: [0x0000000011830000,0x0000000011c40000] byte_map_base: 0x0000000011430000

Marking Bits: (ParMarkBitMap*) 0x0000000058ec9d00
 Begin Bits: [0x00000000122f0000, 0x00000000142f0000)
 End Bits:   [0x00000000142f0000, 0x00000000162f0000)

Polling page: 0x00000000020a0000

CodeCache: size=245760Kb used=4209Kb max_used=4209Kb free=241550Kb
 bounds [0x0000000002470000, 0x0000000002890000, 0x0000000011470000]
 total_blobs=1316 nmethods=1047 adapters=182
 compilation: disabled (not enough contiguous free space left)

Compilation events (10 events):
Event: 3.921 Thread 0x0000000017093000 nmethod 1074 0x00000000028841d0 code [0x0000000002884380, 0x00000000028848a8]
Event: 3.921 Thread 0x0000000017093000 1076       3       com.android.dx.rop.code.RegisterSpecSet::localItemToSpec (49 bytes)
Event: 3.921 Thread 0x0000000017093000 nmethod 1076 0x0000000002884a90 code [0x0000000002884c20, 0x00000000028851e8]
Event: 3.921 Thread 0x0000000017093000 1071       3       java.util.TreeMap$Entry::<init> (25 bytes)
Event: 3.922 Thread 0x0000000017093000 nmethod 1071 0x0000000002885410 code [0x0000000002885560, 0x0000000002885750]
Event: 3.922 Thread 0x0000000017093000 1078       3       com.android.dx.ssa.SsaMethod::forEachBlockDepthFirst (194 bytes)
Event: 3.927 Thread 0x0000000017093000 nmethod 1078 0x0000000002885810 code [0x0000000002885c80, 0x0000000002889048]
Event: 3.927 Thread 0x0000000017093000 1080       3       com.android.dx.rop.code.RopMethod::calcPredecessors (227 bytes)
Event: 3.930 Thread 0x0000000017093000 nmethod 1080 0x000000000288b090 code [0x000000000288b3a0, 0x000000000288cfc8]
Event: 3.930 Thread 0x0000000017093000 1087       3       com.android.dx.rop.type.StdTypeList::withFirst (53 bytes)

GC Heap History (2 events):
Event: 2.968 GC heap before
{Heap before GC invocations=1 (full 0):
 PSYoungGen      total 18944K, used 16384K [0x00000000d5580000, 0x00000000d6a80000, 0x0000000100000000)
  eden space 16384K, 100% used [0x00000000d5580000,0x00000000d6580000,0x00000000d6580000)
  from space 2560K, 0% used [0x00000000d6800000,0x00000000d6800000,0x00000000d6a80000)
  to   space 2560K, 0% used [0x00000000d6580000,0x00000000d6580000,0x00000000d6800000)
 ParOldGen       total 44032K, used 0K [0x0000000080000000, 0x0000000082b00000, 0x00000000d5580000)
  object space 44032K, 0% used [0x0000000080000000,0x0000000080000000,0x0000000082b00000)
 Metaspace       used 5722K, capacity 6768K, committed 7040K, reserved 1056768K
  class space    used 572K, capacity 616K, committed 640K, reserved 1048576K
Event: 3.076 GC heap after
Heap after GC invocations=1 (full 0):
 PSYoungGen      total 18944K, used 2535K [0x00000000d5580000, 0x00000000d7a80000, 0x0000000100000000)
  eden space 16384K, 0% used [0x00000000d5580000,0x00000000d5580000,0x00000000d6580000)
  from space 2560K, 99% used [0x00000000d6580000,0x00000000d67f9c50,0x00000000d6800000)
  to   space 2560K, 0% used [0x00000000d7800000,0x00000000d7800000,0x00000000d7a80000)
 ParOldGen       total 44032K, used 2050K [0x0000000080000000, 0x0000000082b00000, 0x00000000d5580000)
  object space 44032K, 4% used [0x0000000080000000,0x0000000080200898,0x0000000082b00000)
 Metaspace       used 5722K, capacity 6768K, committed 7040K, reserved 1056768K
  class space    used 572K, capacity 616K, committed 640K, reserved 1048576K
}

Deoptimization events (6 events):
Event: 0.991 Thread 0x00000000020fe800 Uncommon trap: reason=unstable_if action=reinterpret pc=0x00000000025af250 method=java.lang.String.indexOf(II)I @ 49
Event: 2.289 Thread 0x00000000020fe800 Uncommon trap: reason=unstable_if action=reinterpret pc=0x000000000266f268 method=java.lang.String.<init>([CII)V @ 18
Event: 2.296 Thread 0x0000000018c18000 Uncommon trap: reason=unstable_if action=reinterpret pc=0x0000000002686470 method=java.util.HashMap.getNode(ILjava/lang/Object;)Ljava/util/HashMap$Node; @ 62
Event: 2.566 Thread 0x0000000018c18000 Uncommon trap: reason=unstable_if action=reinterpret pc=0x0000000002702ed4 method=com.android.dx.rop.code.RegisterSpec.equals(ILcom/android/dx/rop/type/TypeBearer;Lcom/android/dx/rop/code/LocalItem;)Z @ 16
Event: 2.598 Thread 0x0000000018b8d000 Uncommon trap: reason=unstable_if action=reinterpret pc=0x00000000026952f0 method=java.util.BitSet.nextSetBit(I)I @ 87
Event: 2.897 Thread 0x00000000020fe800 Uncommon trap: reason=unstable_if action=reinterpret pc=0x00000000026fcb30 method=com.android.dx.rop.code.RegisterSpec.equals(ILcom/android/dx/rop/type/TypeBearer;Lcom/android/dx/rop/code/LocalItem;)Z @ 16

Internal exceptions (2 events):
Event: 0.215 Thread 0x00000000020fe800 Exception <a 'java/lang/NoSuchMethodError': Method sun.misc.Unsafe.defineClass(Ljava/lang/String;[BII)Ljava/lang/Class; name or signature does not match> (0x00000000d5587cc0) thrown at [C:\src\android\AOSP-openjdk\external\jetbrains\jdk\hotspot\src\share\v]ÒRñ†šË?
Event: 0.216 Thread 0x00000000020fe800 Exception <a 'java/lang/NoSuchMethodError': Method sun.misc.Unsafe.prefetchRead(Ljava/lang/Object;J)V name or signature does not match> (0x00000000d5587fa8) thrown at [C:\src\android\AOSP-openjdk\external\jetbrains\jdk\hotspot\src\share\vm\prims\jni.cpp, l

Events (10 events):
Event: 2.598 loading class java/util/HashMap$Values done
Event: 2.598 loading class java/util/HashMap$ValueIterator
Event: 2.598 loading class java/util/HashMap$ValueIterator done
Event: 2.621 loading class java/util/ArrayList$1
Event: 2.897 Thread 0x00000000020fe800 Uncommon trap: trap_request=0xffffff65 fr.pc=0x00000000026fcb30
Event: 2.897 Thread 0x00000000020fe800 DEOPT PACKING pc=0x00000000026fcb30 sp=0x00000000021fdda0
Event: 2.897 Thread 0x00000000020fe800 DEOPT UNPACKING pc=0x00000000024b556a sp=0x00000000021fdb88 mode 2
Event: 2.924 loading class java/util/ArrayList$1 done
Event: 2.928 Executing VM operation: ParallelGCFailedAllocation
Event: 3.076 Executing VM operation: ParallelGCFailedAllocation done


Dynamic libraries:
0x00007ff6a5db0000 - 0x00007ff6a5de1000 	C:\android-studio\jre\bin\java.exe
0x00007ff9c82d0000 - 0x00007ff9c8491000 	C:\Windows\SYSTEM32\ntdll.dll
0x00007ff9c7e70000 - 0x00007ff9c7f1d000 	C:\Windows\system32\KERNEL32.DLL
0x00007ff9c4980000 - 0x00007ff9c4b68000 	C:\Windows\system32\KERNELBASE.dll
0x00007ff9c8220000 - 0x00007ff9c82c7000 	C:\Windows\system32\ADVAPI32.dll
0x00007ff9c80d0000 - 0x00007ff9c816d000 	C:\Windows\system32\msvcrt.dll
0x00007ff9c7350000 - 0x00007ff9c73ab000 	C:\Windows\system32\sechost.dll
0x00007ff9c7c20000 - 0x00007ff9c7d3c000 	C:\Windows\system32\RPCRT4.dll
0x00007ff9c56d0000 - 0x00007ff9c5826000 	C:\Windows\system32\USER32.dll
0x00007ff9c5830000 - 0x00007ff9c59b6000 	C:\Windows\system32\GDI32.dll
0x00007ff9bbac0000 - 0x00007ff9bbd34000 	C:\Windows\WinSxS\amd64_microsoft.windows.common-controls_6595b64144ccf1df_6.0.10586.672_none_a2d6b3cea53ff843\COMCTL32.dll
0x00007ff9c7780000 - 0x00007ff9c79fd000 	C:\Windows\system32\combase.dll
0x00007ff9c4d90000 - 0x00007ff9c4dfa000 	C:\Windows\system32\bcryptPrimitives.dll
0x00007ff9c7a00000 - 0x00007ff9c7a3b000 	C:\Windows\system32\IMM32.DLL
0x0000000058630000 - 0x0000000058702000 	C:\android-studio\jre\jre\bin\msvcr100.dll
0x0000000058710000 - 0x0000000058f44000 	C:\android-studio\jre\jre\bin\server\jvm.dll
0x00007ff9c7c10000 - 0x00007ff9c7c18000 	C:\Windows\system32\PSAPI.DLL
0x00007ff9b9fd0000 - 0x00007ff9b9fd9000 	C:\Windows\SYSTEM32\WSOCK32.dll
0x00007ff9c7a40000 - 0x00007ff9c7aab000 	C:\Windows\system32\WS2_32.dll
0x00007ff9c2a10000 - 0x00007ff9c2a33000 	C:\Windows\SYSTEM32\WINMM.dll
0x00007ff9c1750000 - 0x00007ff9c175a000 	C:\Windows\SYSTEM32\VERSION.dll
0x00007ff9c2660000 - 0x00007ff9c268c000 	C:\Windows\SYSTEM32\WINMMBASE.dll
0x00007ff9c4d40000 - 0x00007ff9c4d83000 	C:\Windows\system32\cfgmgr32.dll
0x00007ff9c2500000 - 0x00007ff9c250f000 	C:\android-studio\jre\jre\bin\verify.dll
0x00007ff9c2480000 - 0x00007ff9c24a9000 	C:\android-studio\jre\jre\bin\java.dll
0x00007ff9c2460000 - 0x00007ff9c2476000 	C:\android-studio\jre\jre\bin\zip.dll
0x00007ff9c59c0000 - 0x00007ff9c6f1c000 	C:\Windows\system32\SHELL32.dll
0x00007ff9c4fd0000 - 0x00007ff9c5615000 	C:\Windows\system32\windows.storage.dll
0x00007ff9c7d40000 - 0x00007ff9c7d92000 	C:\Windows\system32\shlwapi.dll
0x00007ff9c48f0000 - 0x00007ff9c48ff000 	C:\Windows\system32\kernel.appcore.dll
0x00007ff9c4e00000 - 0x00007ff9c4eb5000 	C:\Windows\system32\shcore.dll
0x00007ff9c4910000 - 0x00007ff9c495b000 	C:\Windows\system32\powrprof.dll
0x00007ff9c4960000 - 0x00007ff9c4974000 	C:\Windows\system32\profapi.dll

VM Arguments:
jvm_args: -Djava.awt.headless=true -Xmx2g -Dfile.encoding=windows-1252 -Duser.country=US -Duser.language=en -Duser.variant 
java_command: com.android.dx.command.Main --dex --num-threads=4 --output C:\Users\BEN\OneDrive\AndroidStudioProjects\SupermarketPrices\app\build\intermediates\pre-dexed\release\picasso-2.5.2_3a1c53cbe08d0da8969ff098f737b8734462c98f.jar C:\Users\BEN\.gradle\caches\modules-2\files-2.1\com.squareup.picasso\picasso\2.5.2\7446d06ec8d4f7ffcc53f1da37c95f200dcb9387\picasso-2.5.2.jar
java_class_path (initial): D:\softwares\Android\sdk1\build-tools\25.0.0\lib\dx.jar
Launcher Type: SUN_STANDARD

Environment Variables:
PATH=C:\Program Files (x86)\PC Connectivity Solution\;C:\Python27\;C:\Python27\Scripts;C:\app\client\BEN\product\12.1.0\client_3;C:\app\client\BEN\product\12.1.0\client_3\bin;C:\app\client\BEN\product\12.1.0\client_2;C:\app\client\BEN\product\12.1.0\client_2\bin;C:\oracle\ora92\bin;C:\Program Files (x86)\Oracle\jre\1.3.1\bin;C:\Program Files (x86)\Oracle\jre\1.1.8\bin;C:\ProgramData\Oracle\Java\javapath;C:\Windows\system32;C:\Windows;C:\Windows\System32\Wbem;C:\Windows\System32\WindowsPowerShell\v1.0\;C:\Program Files (x86)\Windows Kits\8.1\Windows Performance Toolkit\;C:\Program Files\Microsoft SQL Server\120\Tools\Binn\;C:\Program Files\Microsoft SQL Server\Client SDK\ODBC\110\Tools\Binn\;C:\Program Files (x86)\Microsoft SQL Server\120\Tools\Binn\;C:\Program Files\Microsoft SQL Server\120\DTS\Binn\;C:\Program Files (x86)\Microsoft SQL Server\110\Tools\Binn\ManagementStudio\;C:\Program Files (x86)\Microsoft SQL Server\110\Tools\Binn\;C:\Program Files (x86)\Microsoft SQL Server\110\DTS\Binn\;C:\wamp64\bin\php\php7.0.4\ext;C:\oracle\instantclient\;C:\Program Files\Git\cmd;C:\Program Files\Git\mingw64\bin;C:\Program Files\Git\usr\bin;C:\Program Files\Microsoft SQL Server\130\Tools\Binn\;C:\OpenSSL-Win32\bin;C:\Program Files\WIDCOMM\Bluetooth Software\;C:\Program Files\WIDCOMM\Bluetooth Software\syswow64;D:\softwares\Android\sdk1\platform-tools;C:\Program Files\dotnet\;C:\Program Files\Microsoft DNX\Dnvm\;C:\wamp64\bin\php\php7.0.4;C:\ProgramData\ComposerSetup\bin;C:\Program Files\Docker\Docker;C:\Program Files\Docker\Docker\resources\bin;C:\Program Files\Docker\Docker\resources;C:\Program Files\nodejs\;C:\Program Files\AMI\DuOS\;C:\Program Files (x86)\Microsoft VS Code\bin;C:\Users\BEN\AppData\Roaming\Composer\vendor\bin;C:\Users\BEN\AppData\Roaming\npm;C:\Program Files\AMI\DuOS\
USERNAME=BEN
OS=Windows_NT
PROCESSOR_IDENTIFIER=Intel64 Family 6 Model 58 Stepping 9, GenuineIntel



---------------  S Y S T E M  ---------------

OS: Windows 10.0 , 64 bit Build 10586 (10.0.10586.589)

CPU:total 4 (2 cores per cpu, 2 threads per core) family 6 model 58 stepping 9, cmov, cx8, fxsr, mmx, sse, sse2, sse3, ssse3, sse4.1, sse4.2, popcnt, avx, clmul, erms, ht, tsc, tscinvbit, tscinv

Memory: 4k page, physical 4078952k(471828k free), swap 6399228k(4152k free)

vm_info: OpenJDK 64-Bit Server VM (25.76-b03) for windows-amd64 JRE (1.8.0_76-release-b03), built on Jun 29 2016 19:09:20 by "ralucas" with MS VC++ 10.0 (VS2010)

time: Fri Dec 23 17:10:42 2016
elapsed time: 3 seconds (0d 0h 0m 3s)

